{"/workspace/project/ApexHypertrophyCursorTest/components/home/ComingUpScroll.tsx": {"path":"/workspace/project/ApexHypertrophyCursorTest/components/home/ComingUpScroll.tsx","statementMap":{"0":{"start":{"line":19,"column":2},"end":{"line":19,"column":38}},"1":{"start":{"line":19,"column":26},"end":{"line":19,"column":38}},"2":{"start":{"line":21,"column":2},"end":{"line":42,"column":4}},"3":{"start":{"line":26,"column":10},"end":{"line":38,"column":17}},"4":{"start":{"line":45,"column":10},"end":{"line":63,"column":2}}},"fnMap":{"0":{"name":"ComingUpScroll","decl":{"start":{"line":18,"column":16},"end":{"line":18,"column":30}},"loc":{"start":{"line":18,"column":63},"end":{"line":43,"column":1}},"line":18},"1":{"name":"(anonymous_1)","decl":{"start":{"line":25,"column":19},"end":{"line":25,"column":20}},"loc":{"start":{"line":26,"column":10},"end":{"line":38,"column":17}},"line":26}},"branchMap":{"0":{"loc":{"start":{"line":19,"column":2},"end":{"line":19,"column":38}},"type":"if","locations":[{"start":{"line":19,"column":2},"end":{"line":19,"column":38}},{"start":{},"end":{}}],"line":19},"1":{"loc":{"start":{"line":31,"column":18},"end":{"line":31,"column":65}},"type":"cond-expr","locations":[{"start":{"line":31,"column":41},"end":{"line":31,"column":60}},{"start":{"line":31,"column":63},"end":{"line":31,"column":65}}],"line":31}},"s":{"0":0,"1":0,"2":0,"3":0,"4":0},"f":{"0":0,"1":0},"b":{"0":[0,0],"1":[0,0]}}
,"/workspace/project/ApexHypertrophyCursorTest/components/home/HeroWorkoutCard.tsx": {"path":"/workspace/project/ApexHypertrophyCursorTest/components/home/HeroWorkoutCard.tsx","statementMap":{"0":{"start":{"line":22,"column":2},"end":{"line":39,"column":3}},"1":{"start":{"line":23,"column":4},"end":{"line":38,"column":6}},"2":{"start":{"line":41,"column":2},"end":{"line":41,"column":28}},"3":{"start":{"line":41,"column":16},"end":{"line":41,"column":28}},"4":{"start":{"line":43,"column":2},"end":{"line":68,"column":4}},"5":{"start":{"line":71,"column":10},"end":{"line":115,"column":2}}},"fnMap":{"0":{"name":"HeroWorkoutCard","decl":{"start":{"line":21,"column":16},"end":{"line":21,"column":31}},"loc":{"start":{"line":21,"column":94},"end":{"line":69,"column":1}},"line":21}},"branchMap":{"0":{"loc":{"start":{"line":22,"column":2},"end":{"line":39,"column":3}},"type":"if","locations":[{"start":{"line":22,"column":2},"end":{"line":39,"column":3}},{"start":{},"end":{}}],"line":22},"1":{"loc":{"start":{"line":41,"column":2},"end":{"line":41,"column":28}},"type":"if","locations":[{"start":{"line":41,"column":2},"end":{"line":41,"column":28}},{"start":{},"end":{}}],"line":41}},"s":{"0":0,"1":0,"2":0,"3":0,"4":0,"5":0},"f":{"0":0},"b":{"0":[0,0],"1":[0,0]}}
,"/workspace/project/ApexHypertrophyCursorTest/components/home/ReadinessSurvey.tsx": {"path":"/workspace/project/ApexHypertrophyCursorTest/components/home/ReadinessSurvey.tsx","statementMap":{"0":{"start":{"line":21,"column":6},"end":{"line":56,"column":1}},"1":{"start":{"line":59,"column":23},"end":{"line":59,"column":42}},"2":{"start":{"line":60,"column":30},"end":{"line":65,"column":4}},"3":{"start":{"line":66,"column":28},"end":{"line":66,"column":40}},"4":{"start":{"line":68,"column":23},"end":{"line":73,"column":40}},"5":{"start":{"line":69,"column":4},"end":{"line":69,"column":22}},"6":{"start":{"line":70,"column":4},"end":{"line":70,"column":35}},"7":{"start":{"line":71,"column":4},"end":{"line":71,"column":17}},"8":{"start":{"line":72,"column":4},"end":{"line":72,"column":14}},"9":{"start":{"line":75,"column":17},"end":{"line":78,"column":8}},"10":{"start":{"line":76,"column":4},"end":{"line":76,"column":24}},"11":{"start":{"line":77,"column":4},"end":{"line":77,"column":51}},"12":{"start":{"line":77,"column":25},"end":{"line":77,"column":48}},"13":{"start":{"line":80,"column":2},"end":{"line":80,"column":28}},"14":{"start":{"line":80,"column":16},"end":{"line":80,"column":28}},"15":{"start":{"line":82,"column":16},"end":{"line":86,"column":3}},"16":{"start":{"line":87,"column":21},"end":{"line":87,"column":82}},"17":{"start":{"line":89,"column":2},"end":{"line":162,"column":4}},"18":{"start":{"line":113,"column":12},"end":{"line":137,"column":19}},"19":{"start":{"line":123,"column":33},"end":{"line":123,"column":51}},"20":{"start":{"line":124,"column":18},"end":{"line":130,"column":20}},"21":{"start":{"line":127,"column":37},"end":{"line":127,"column":53}},"22":{"start":{"line":165,"column":10},"end":{"line":257,"column":2}}},"fnMap":{"0":{"name":"ReadinessSurvey","decl":{"start":{"line":58,"column":16},"end":{"line":58,"column":31}},"loc":{"start":{"line":58,"column":61},"end":{"line":163,"column":1}},"line":58},"1":{"name":"(anonymous_1)","decl":{"start":{"line":68,"column":35},"end":{"line":68,"column":36}},"loc":{"start":{"line":68,"column":41},"end":{"line":73,"column":3}},"line":68},"2":{"name":"(anonymous_2)","decl":{"start":{"line":75,"column":29},"end":{"line":75,"column":30}},"loc":{"start":{"line":75,"column":72},"end":{"line":78,"column":3}},"line":75},"3":{"name":"(anonymous_3)","decl":{"start":{"line":77,"column":14},"end":{"line":77,"column":15}},"loc":{"start":{"line":77,"column":25},"end":{"line":77,"column":48}},"line":77},"4":{"name":"(anonymous_4)","decl":{"start":{"line":112,"column":23},"end":{"line":112,"column":24}},"loc":{"start":{"line":113,"column":12},"end":{"line":137,"column":19}},"line":113},"5":{"name":"(anonymous_5)","decl":{"start":{"line":122,"column":37},"end":{"line":122,"column":38}},"loc":{"start":{"line":122,"column":44},"end":{"line":131,"column":17}},"line":122},"6":{"name":"(anonymous_6)","decl":{"start":{"line":127,"column":31},"end":{"line":127,"column":32}},"loc":{"start":{"line":127,"column":37},"end":{"line":127,"column":53}},"line":127}},"branchMap":{"0":{"loc":{"start":{"line":80,"column":2},"end":{"line":80,"column":28}},"type":"if","locations":[{"start":{"line":80,"column":2},"end":{"line":80,"column":28}},{"start":{},"end":{}}],"line":80},"1":{"loc":{"start":{"line":87,"column":21},"end":{"line":87,"column":82}},"type":"cond-expr","locations":[{"start":{"line":87,"column":35},"end":{"line":87,"column":44}},{"start":{"line":87,"column":47},"end":{"line":87,"column":82}}],"line":87},"2":{"loc":{"start":{"line":87,"column":47},"end":{"line":87,"column":82}},"type":"cond-expr","locations":[{"start":{"line":87,"column":61},"end":{"line":87,"column":70}},{"start":{"line":87,"column":73},"end":{"line":87,"column":82}}],"line":87},"3":{"loc":{"start":{"line":128,"column":43},"end":{"line":128,"column":81}},"type":"binary-expr","locations":[{"start":{"line":128,"column":43},"end":{"line":128,"column":49}},{"start":{"line":128,"column":53},"end":{"line":128,"column":81}}],"line":128}},"s":{"0":0,"1":0,"2":0,"3":0,"4":0,"5":0,"6":0,"7":0,"8":0,"9":0,"10":0,"11":0,"12":0,"13":0,"14":0,"15":0,"16":0,"17":0,"18":0,"19":0,"20":0,"21":0,"22":0},"f":{"0":0,"1":0,"2":0,"3":0,"4":0,"5":0,"6":0},"b":{"0":[0,0],"1":[0,0],"2":[0,0],"3":[0,0]}}
,"/workspace/project/ApexHypertrophyCursorTest/components/home/RecentWorkouts.tsx": {"path":"/workspace/project/ApexHypertrophyCursorTest/components/home/RecentWorkouts.tsx","statementMap":{"0":{"start":{"line":23,"column":2},"end":{"line":32,"column":3}},"1":{"start":{"line":24,"column":4},"end":{"line":31,"column":6}},"2":{"start":{"line":34,"column":2},"end":{"line":59,"column":4}},"3":{"start":{"line":38,"column":8},"end":{"line":56,"column":20}},"4":{"start":{"line":41,"column":12},"end":{"line":41,"column":28}},"5":{"start":{"line":42,"column":12},"end":{"line":42,"column":25}},"6":{"start":{"line":62,"column":10},"end":{"line":69,"column":2}}},"fnMap":{"0":{"name":"RecentWorkouts","decl":{"start":{"line":22,"column":16},"end":{"line":22,"column":30}},"loc":{"start":{"line":22,"column":85},"end":{"line":60,"column":1}},"line":22},"1":{"name":"(anonymous_1)","decl":{"start":{"line":37,"column":20},"end":{"line":37,"column":21}},"loc":{"start":{"line":38,"column":8},"end":{"line":56,"column":20}},"line":38},"2":{"name":"(anonymous_2)","decl":{"start":{"line":40,"column":19},"end":{"line":40,"column":20}},"loc":{"start":{"line":40,"column":25},"end":{"line":43,"column":11}},"line":40}},"branchMap":{"0":{"loc":{"start":{"line":23,"column":2},"end":{"line":32,"column":3}},"type":"if","locations":[{"start":{"line":23,"column":2},"end":{"line":32,"column":3}},{"start":{},"end":{}}],"line":23},"1":{"loc":{"start":{"line":45,"column":36},"end":{"line":45,"column":94}},"type":"cond-expr","locations":[{"start":{"line":45,"column":62},"end":{"line":45,"column":82}},{"start":{"line":45,"column":85},"end":{"line":45,"column":94}}],"line":45}},"s":{"0":0,"1":0,"2":0,"3":0,"4":0,"5":0,"6":0},"f":{"0":0,"1":0,"2":0},"b":{"0":[0,0],"1":[0,0]}}
,"/workspace/project/ApexHypertrophyCursorTest/components/home/StatsRow.tsx": {"path":"/workspace/project/ApexHypertrophyCursorTest/components/home/StatsRow.tsx","statementMap":{"0":{"start":{"line":19,"column":2},"end":{"line":44,"column":4}},"1":{"start":{"line":23,"column":23},"end":{"line":23,"column":47}},"2":{"start":{"line":24,"column":26},"end":{"line":24,"column":49}},"3":{"start":{"line":25,"column":10},"end":{"line":40,"column":12}},"4":{"start":{"line":31,"column":18},"end":{"line":31,"column":34}},"5":{"start":{"line":32,"column":18},"end":{"line":32,"column":38}},"6":{"start":{"line":47,"column":10},"end":{"line":54,"column":2}}},"fnMap":{"0":{"name":"StatsRow","decl":{"start":{"line":18,"column":16},"end":{"line":18,"column":24}},"loc":{"start":{"line":18,"column":51},"end":{"line":45,"column":1}},"line":18},"1":{"name":"(anonymous_1)","decl":{"start":{"line":22,"column":19},"end":{"line":22,"column":20}},"loc":{"start":{"line":22,"column":32},"end":{"line":41,"column":9}},"line":22},"2":{"name":"(anonymous_2)","decl":{"start":{"line":30,"column":25},"end":{"line":30,"column":26}},"loc":{"start":{"line":30,"column":31},"end":{"line":33,"column":17}},"line":30}},"branchMap":{"0":{"loc":{"start":{"line":24,"column":26},"end":{"line":24,"column":49}},"type":"cond-expr","locations":[{"start":{"line":24,"column":33},"end":{"line":24,"column":42}},{"start":{"line":24,"column":45},"end":{"line":24,"column":49}}],"line":24},"1":{"loc":{"start":{"line":28,"column":30},"end":{"line":28,"column":63}},"type":"binary-expr","locations":[{"start":{"line":28,"column":30},"end":{"line":28,"column":50}},{"start":{"line":28,"column":54},"end":{"line":28,"column":63}}],"line":28},"2":{"loc":{"start":{"line":29,"column":19},"end":{"line":34,"column":15}},"type":"binary-expr","locations":[{"start":{"line":29,"column":19},"end":{"line":29,"column":23}},{"start":{"line":29,"column":27},"end":{"line":34,"column":15}}],"line":29},"3":{"loc":{"start":{"line":38,"column":15},"end":{"line":38,"column":65}},"type":"binary-expr","locations":[{"start":{"line":38,"column":15},"end":{"line":38,"column":19}},{"start":{"line":38,"column":23},"end":{"line":38,"column":65}}],"line":38}},"s":{"0":0,"1":0,"2":0,"3":0,"4":0,"5":0,"6":0},"f":{"0":0,"1":0,"2":0},"b":{"0":[0,0],"1":[0,0],"2":[0,0],"3":[0,0]}}
,"/workspace/project/ApexHypertrophyCursorTest/components/home/WeeklyVolumeRings.tsx": {"path":"/workspace/project/ApexHypertrophyCursorTest/components/home/WeeklyVolumeRings.tsx","statementMap":{"0":{"start":{"line":18,"column":2},"end":{"line":29,"column":4}},"1":{"start":{"line":24,"column":12},"end":{"line":24,"column":94}},"2":{"start":{"line":32,"column":10},"end":{"line":35,"column":2}}},"fnMap":{"0":{"name":"WeeklyVolumeRings","decl":{"start":{"line":17,"column":16},"end":{"line":17,"column":33}},"loc":{"start":{"line":17,"column":78},"end":{"line":30,"column":1}},"line":17},"1":{"name":"(anonymous_1)","decl":{"start":{"line":23,"column":20},"end":{"line":23,"column":21}},"loc":{"start":{"line":24,"column":12},"end":{"line":24,"column":94}},"line":24}},"branchMap":{},"s":{"0":0,"1":0,"2":0},"f":{"0":0,"1":0},"b":{}}
,"/workspace/project/ApexHypertrophyCursorTest/components/home/index.ts": {"path":"/workspace/project/ApexHypertrophyCursorTest/components/home/index.ts","statementMap":{},"fnMap":{},"branchMap":{},"s":{},"f":{},"b":{}}
,"/workspace/project/ApexHypertrophyCursorTest/components/program/ProgramCard.tsx": {"path":"/workspace/project/ApexHypertrophyCursorTest/components/program/ProgramCard.tsx","statementMap":{"0":{"start":{"line":18,"column":44},"end":{"line":23,"column":1}},"1":{"start":{"line":32,"column":25},"end":{"line":32,"column":92}},"2":{"start":{"line":32,"column":64},"end":{"line":32,"column":88}},"3":{"start":{"line":33,"column":23},"end":{"line":33,"column":77}},"4":{"start":{"line":33,"column":57},"end":{"line":33,"column":69}},"5":{"start":{"line":35,"column":2},"end":{"line":105,"column":4}},"6":{"start":{"line":60,"column":10},"end":{"line":65,"column":17}},"7":{"start":{"line":75,"column":12},"end":{"line":75,"column":28}},"8":{"start":{"line":76,"column":12},"end":{"line":76,"column":23}},"9":{"start":{"line":85,"column":12},"end":{"line":85,"column":28}},"10":{"start":{"line":86,"column":12},"end":{"line":86,"column":28}},"11":{"start":{"line":95,"column":12},"end":{"line":95,"column":28}},"12":{"start":{"line":96,"column":12},"end":{"line":96,"column":25}},"13":{"start":{"line":108,"column":10},"end":{"line":145,"column":2}}},"fnMap":{"0":{"name":"ProgramCard","decl":{"start":{"line":25,"column":16},"end":{"line":25,"column":27}},"loc":{"start":{"line":31,"column":21},"end":{"line":106,"column":1}},"line":31},"1":{"name":"(anonymous_1)","decl":{"start":{"line":32,"column":52},"end":{"line":32,"column":53}},"loc":{"start":{"line":32,"column":64},"end":{"line":32,"column":88}},"line":32},"2":{"name":"(anonymous_2)","decl":{"start":{"line":33,"column":50},"end":{"line":33,"column":51}},"loc":{"start":{"line":33,"column":57},"end":{"line":33,"column":69}},"line":33},"3":{"name":"(anonymous_3)","decl":{"start":{"line":59,"column":33},"end":{"line":59,"column":34}},"loc":{"start":{"line":60,"column":10},"end":{"line":65,"column":17}},"line":60},"4":{"name":"(anonymous_4)","decl":{"start":{"line":74,"column":19},"end":{"line":74,"column":20}},"loc":{"start":{"line":74,"column":25},"end":{"line":77,"column":11}},"line":74},"5":{"name":"(anonymous_5)","decl":{"start":{"line":84,"column":19},"end":{"line":84,"column":20}},"loc":{"start":{"line":84,"column":25},"end":{"line":87,"column":11}},"line":84},"6":{"name":"(anonymous_6)","decl":{"start":{"line":94,"column":19},"end":{"line":94,"column":20}},"loc":{"start":{"line":94,"column":25},"end":{"line":97,"column":11}},"line":94}},"branchMap":{"0":{"loc":{"start":{"line":36,"column":19},"end":{"line":36,"column":63}},"type":"cond-expr","locations":[{"start":{"line":36,"column":38},"end":{"line":36,"column":51}},{"start":{"line":36,"column":54},"end":{"line":36,"column":63}}],"line":36},"1":{"loc":{"start":{"line":39,"column":9},"end":{"line":39,"column":69}},"type":"binary-expr","locations":[{"start":{"line":39,"column":9},"end":{"line":39,"column":25}},{"start":{"line":39,"column":29},"end":{"line":39,"column":69}}],"line":39},"2":{"loc":{"start":{"line":42,"column":7},"end":{"line":42,"column":85}},"type":"cond-expr","locations":[{"start":{"line":42,"column":29},"end":{"line":42,"column":78}},{"start":{"line":42,"column":81},"end":{"line":42,"column":85}}],"line":42},"3":{"loc":{"start":{"line":55,"column":20},"end":{"line":55,"column":61}},"type":"binary-expr","locations":[{"start":{"line":55,"column":20},"end":{"line":55,"column":45}},{"start":{"line":55,"column":49},"end":{"line":55,"column":61}}],"line":55},"4":{"loc":{"start":{"line":60,"column":34},"end":{"line":60,"column":67}},"type":"cond-expr","locations":[{"start":{"line":60,"column":48},"end":{"line":60,"column":58}},{"start":{"line":60,"column":61},"end":{"line":60,"column":67}}],"line":60},"5":{"loc":{"start":{"line":61,"column":13},"end":{"line":61,"column":96}},"type":"binary-expr","locations":[{"start":{"line":61,"column":13},"end":{"line":61,"column":24}},{"start":{"line":61,"column":28},"end":{"line":61,"column":96}}],"line":61},"6":{"loc":{"start":{"line":70,"column":9},"end":{"line":72,"column":9}},"type":"binary-expr","locations":[{"start":{"line":70,"column":9},"end":{"line":70,"column":26}},{"start":{"line":70,"column":30},"end":{"line":70,"column":41}},{"start":{"line":71,"column":10},"end":{"line":71,"column":89}}],"line":70}},"s":{"0":0,"1":0,"2":0,"3":0,"4":0,"5":0,"6":0,"7":0,"8":0,"9":0,"10":0,"11":0,"12":0,"13":0},"f":{"0":0,"1":0,"2":0,"3":0,"4":0,"5":0,"6":0},"b":{"0":[0,0],"1":[0,0],"2":[0,0],"3":[0,0],"4":[0,0],"5":[0,0],"6":[0,0,0]}}
,"/workspace/project/ApexHypertrophyCursorTest/components/ui/AnimatedCounter.tsx": {"path":"/workspace/project/ApexHypertrophyCursorTest/components/ui/AnimatedCounter.tsx","statementMap":{"0":{"start":{"line":12,"column":2},"end":{"line":12,"column":60}},"1":{"start":{"line":15,"column":32},"end":{"line":19,"column":1}}},"fnMap":{"0":{"name":"AnimatedCounter","decl":{"start":{"line":11,"column":16},"end":{"line":11,"column":31}},"loc":{"start":{"line":11,"column":72},"end":{"line":13,"column":1}},"line":11}},"branchMap":{},"s":{"0":0,"1":0},"f":{"0":0},"b":{}}
,"/workspace/project/ApexHypertrophyCursorTest/components/ui/Badge.tsx": {"path":"/workspace/project/ApexHypertrophyCursorTest/components/ui/Badge.tsx","statementMap":{"0":{"start":{"line":23,"column":83},"end":{"line":31,"column":1}},"1":{"start":{"line":38,"column":2},"end":{"line":49,"column":3}},"2":{"start":{"line":39,"column":4},"end":{"line":39,"column":22}},"3":{"start":{"line":40,"column":4},"end":{"line":40,"column":22}},"4":{"start":{"line":41,"column":9},"end":{"line":49,"column":3}},"5":{"start":{"line":42,"column":14},"end":{"line":42,"column":55}},"6":{"start":{"line":43,"column":4},"end":{"line":43,"column":14}},"7":{"start":{"line":44,"column":4},"end":{"line":44,"column":23}},"8":{"start":{"line":45,"column":4},"end":{"line":45,"column":27}},"9":{"start":{"line":47,"column":4},"end":{"line":47,"column":30}},"10":{"start":{"line":48,"column":4},"end":{"line":48,"column":39}},"11":{"start":{"line":52,"column":4},"end":{"line":60,"column":9}},"12":{"start":{"line":62,"column":2},"end":{"line":73,"column":4}},"13":{"start":{"line":76,"column":15},"end":{"line":84,"column":2}}},"fnMap":{"0":{"name":"Badge","decl":{"start":{"line":33,"column":16},"end":{"line":33,"column":21}},"loc":{"start":{"line":33,"column":85},"end":{"line":74,"column":1}},"line":33}},"branchMap":{"0":{"loc":{"start":{"line":33,"column":31},"end":{"line":33,"column":49}},"type":"default-arg","locations":[{"start":{"line":33,"column":41},"end":{"line":33,"column":49}}],"line":33},"1":{"loc":{"start":{"line":33,"column":58},"end":{"line":33,"column":69}},"type":"default-arg","locations":[{"start":{"line":33,"column":65},"end":{"line":33,"column":69}}],"line":33},"2":{"loc":{"start":{"line":38,"column":2},"end":{"line":49,"column":3}},"type":"if","locations":[{"start":{"line":38,"column":2},"end":{"line":49,"column":3}},{"start":{"line":41,"column":9},"end":{"line":49,"column":3}}],"line":38},"3":{"loc":{"start":{"line":38,"column":6},"end":{"line":38,"column":35}},"type":"binary-expr","locations":[{"start":{"line":38,"column":6},"end":{"line":38,"column":26}},{"start":{"line":38,"column":30},"end":{"line":38,"column":35}}],"line":38},"4":{"loc":{"start":{"line":41,"column":9},"end":{"line":49,"column":3}},"type":"if","locations":[{"start":{"line":41,"column":9},"end":{"line":49,"column":3}},{"start":{"line":46,"column":9},"end":{"line":49,"column":3}}],"line":41},"5":{"loc":{"start":{"line":42,"column":14},"end":{"line":42,"column":55}},"type":"binary-expr","locations":[{"start":{"line":42,"column":14},"end":{"line":42,"column":34}},{"start":{"line":42,"column":38},"end":{"line":42,"column":55}}],"line":42},"6":{"loc":{"start":{"line":52,"column":4},"end":{"line":60,"column":9}},"type":"cond-expr","locations":[{"start":{"line":53,"column":8},"end":{"line":56,"column":9}},{"start":{"line":57,"column":8},"end":{"line":60,"column":9}}],"line":52},"7":{"loc":{"start":{"line":68,"column":8},"end":{"line":68,"column":65}},"type":"cond-expr","locations":[{"start":{"line":68,"column":22},"end":{"line":68,"column":53}},{"start":{"line":68,"column":56},"end":{"line":68,"column":65}}],"line":68}},"s":{"0":0,"1":0,"2":0,"3":0,"4":0,"5":0,"6":0,"7":0,"8":0,"9":0,"10":0,"11":0,"12":0,"13":0},"f":{"0":0},"b":{"0":[0],"1":[0],"2":[0,0],"3":[0,0],"4":[0,0],"5":[0,0],"6":[0,0],"7":[0,0]}}
,"/workspace/project/ApexHypertrophyCursorTest/components/ui/Button.tsx": {"path":"/workspace/project/ApexHypertrophyCursorTest/components/ui/Button.tsx","statementMap":{"0":{"start":{"line":8,"column":26},"end":{"line":8,"column":69}},"1":{"start":{"line":34,"column":16},"end":{"line":34,"column":33}},"2":{"start":{"line":36,"column":24},"end":{"line":38,"column":5}},"3":{"start":{"line":36,"column":48},"end":{"line":38,"column":3}},"4":{"start":{"line":40,"column":24},"end":{"line":42,"column":13}},"5":{"start":{"line":41,"column":4},"end":{"line":41,"column":68}},"6":{"start":{"line":44,"column":25},"end":{"line":46,"column":13}},"7":{"start":{"line":45,"column":4},"end":{"line":45,"column":65}},"8":{"start":{"line":48,"column":22},"end":{"line":51,"column":15}},"9":{"start":{"line":49,"column":4},"end":{"line":49,"column":20}},"10":{"start":{"line":50,"column":4},"end":{"line":50,"column":16}},"11":{"start":{"line":53,"column":24},"end":{"line":53,"column":47}},"12":{"start":{"line":54,"column":21},"end":{"line":54,"column":38}},"13":{"start":{"line":56,"column":2},"end":{"line":87,"column":4}},"14":{"start":{"line":90,"column":89},"end":{"line":111,"column":1}},"15":{"start":{"line":113,"column":83},"end":{"line":126,"column":1}},"16":{"start":{"line":128,"column":15},"end":{"line":143,"column":2}}},"fnMap":{"0":{"name":"Button","decl":{"start":{"line":24,"column":16},"end":{"line":24,"column":22}},"loc":{"start":{"line":33,"column":16},"end":{"line":88,"column":1}},"line":33},"1":{"name":"(anonymous_1)","decl":{"start":{"line":36,"column":41},"end":{"line":36,"column":42}},"loc":{"start":{"line":36,"column":48},"end":{"line":38,"column":3}},"line":36},"2":{"name":"(anonymous_2)","decl":{"start":{"line":40,"column":36},"end":{"line":40,"column":37}},"loc":{"start":{"line":40,"column":42},"end":{"line":42,"column":3}},"line":40},"3":{"name":"(anonymous_3)","decl":{"start":{"line":44,"column":37},"end":{"line":44,"column":38}},"loc":{"start":{"line":44,"column":43},"end":{"line":46,"column":3}},"line":44},"4":{"name":"(anonymous_4)","decl":{"start":{"line":48,"column":34},"end":{"line":48,"column":35}},"loc":{"start":{"line":48,"column":40},"end":{"line":51,"column":3}},"line":48}},"branchMap":{"0":{"loc":{"start":{"line":27,"column":2},"end":{"line":27,"column":21}},"type":"default-arg","locations":[{"start":{"line":27,"column":12},"end":{"line":27,"column":21}}],"line":27},"1":{"loc":{"start":{"line":28,"column":2},"end":{"line":28,"column":13}},"type":"default-arg","locations":[{"start":{"line":28,"column":9},"end":{"line":28,"column":13}}],"line":28},"2":{"loc":{"start":{"line":29,"column":2},"end":{"line":29,"column":18}},"type":"default-arg","locations":[{"start":{"line":29,"column":13},"end":{"line":29,"column":18}}],"line":29},"3":{"loc":{"start":{"line":30,"column":2},"end":{"line":30,"column":19}},"type":"default-arg","locations":[{"start":{"line":30,"column":14},"end":{"line":30,"column":19}}],"line":30},"4":{"loc":{"start":{"line":69,"column":8},"end":{"line":69,"column":37}},"type":"binary-expr","locations":[{"start":{"line":69,"column":8},"end":{"line":69,"column":17}},{"start":{"line":69,"column":21},"end":{"line":69,"column":37}}],"line":69},"5":{"loc":{"start":{"line":70,"column":8},"end":{"line":70,"column":35}},"type":"binary-expr","locations":[{"start":{"line":70,"column":8},"end":{"line":70,"column":16}},{"start":{"line":70,"column":20},"end":{"line":70,"column":35}}],"line":70},"6":{"loc":{"start":{"line":81,"column":10},"end":{"line":81,"column":46}},"type":"cond-expr","locations":[{"start":{"line":81,"column":17},"end":{"line":81,"column":34}},{"start":{"line":81,"column":37},"end":{"line":81,"column":46}}],"line":81}},"s":{"0":0,"1":0,"2":0,"3":0,"4":0,"5":0,"6":0,"7":0,"8":0,"9":0,"10":0,"11":0,"12":0,"13":0,"14":0,"15":0,"16":0},"f":{"0":0,"1":0,"2":0,"3":0,"4":0},"b":{"0":[0],"1":[0],"2":[0],"3":[0],"4":[0,0],"5":[0,0],"6":[0,0]}}
,"/workspace/project/ApexHypertrophyCursorTest/components/ui/Card.tsx": {"path":"/workspace/project/ApexHypertrophyCursorTest/components/ui/Card.tsx","statementMap":{"0":{"start":{"line":16,"column":2},"end":{"line":16,"column":99}},"1":{"start":{"line":19,"column":54},"end":{"line":37,"column":1}},"2":{"start":{"line":39,"column":15},"end":{"line":44,"column":2}}},"fnMap":{"0":{"name":"Card","decl":{"start":{"line":15,"column":16},"end":{"line":15,"column":20}},"loc":{"start":{"line":15,"column":88},"end":{"line":17,"column":1}},"line":15}},"branchMap":{"0":{"loc":{"start":{"line":15,"column":33},"end":{"line":15,"column":52}},"type":"default-arg","locations":[{"start":{"line":15,"column":43},"end":{"line":15,"column":52}}],"line":15},"1":{"loc":{"start":{"line":15,"column":61},"end":{"line":15,"column":73}},"type":"default-arg","locations":[{"start":{"line":15,"column":71},"end":{"line":15,"column":73}}],"line":15}},"s":{"0":0,"1":0,"2":0},"f":{"0":0},"b":{"0":[0],"1":[0]}}
,"/workspace/project/ApexHypertrophyCursorTest/components/ui/Confetti.tsx": {"path":"/workspace/project/ApexHypertrophyCursorTest/components/ui/Confetti.tsx","statementMap":{"0":{"start":{"line":13,"column":55},"end":{"line":13,"column":79}},"1":{"start":{"line":30,"column":24},"end":{"line":39,"column":1}},"2":{"start":{"line":42,"column":19},"end":{"line":42,"column":36}},"3":{"start":{"line":43,"column":18},"end":{"line":43,"column":35}},"4":{"start":{"line":45,"column":2},"end":{"line":59,"column":48}},"5":{"start":{"line":46,"column":4},"end":{"line":58,"column":5}},"6":{"start":{"line":47,"column":6},"end":{"line":53,"column":8}},"7":{"start":{"line":54,"column":6},"end":{"line":54,"column":87}},"8":{"start":{"line":56,"column":6},"end":{"line":56,"column":25}},"9":{"start":{"line":57,"column":6},"end":{"line":57,"column":24}},"10":{"start":{"line":61,"column":24},"end":{"line":74,"column":4}},"11":{"start":{"line":62,"column":14},"end":{"line":62,"column":76}},"12":{"start":{"line":63,"column":14},"end":{"line":67,"column":5}},"13":{"start":{"line":68,"column":19},"end":{"line":68,"column":75}},"14":{"start":{"line":70,"column":4},"end":{"line":73,"column":6}},"15":{"start":{"line":76,"column":2},"end":{"line":89,"column":4}},"16":{"start":{"line":93,"column":30},"end":{"line":93,"column":59}},"17":{"start":{"line":95,"column":2},"end":{"line":119,"column":43}},"18":{"start":{"line":96,"column":4},"end":{"line":118,"column":5}},"19":{"start":{"line":97,"column":41},"end":{"line":97,"column":43}},"20":{"start":{"line":98,"column":6},"end":{"line":107,"column":7}},"21":{"start":{"line":98,"column":19},"end":{"line":98,"column":20}},"22":{"start":{"line":99,"column":8},"end":{"line":106,"column":11}},"23":{"start":{"line":108,"column":6},"end":{"line":108,"column":27}},"24":{"start":{"line":111,"column":20},"end":{"line":115,"column":14}},"25":{"start":{"line":112,"column":8},"end":{"line":114,"column":9}},"26":{"start":{"line":113,"column":10},"end":{"line":113,"column":23}},"27":{"start":{"line":117,"column":6},"end":{"line":117,"column":39}},"28":{"start":{"line":117,"column":19},"end":{"line":117,"column":38}},"29":{"start":{"line":121,"column":2},"end":{"line":121,"column":28}},"30":{"start":{"line":121,"column":16},"end":{"line":121,"column":28}},"31":{"start":{"line":123,"column":2},"end":{"line":131,"column":4}},"32":{"start":{"line":127,"column":10},"end":{"line":127,"column":69}},"33":{"start":{"line":142,"column":42},"end":{"line":142,"column":57}},"34":{"start":{"line":144,"column":2},"end":{"line":148,"column":18}},"35":{"start":{"line":145,"column":4},"end":{"line":147,"column":5}},"36":{"start":{"line":146,"column":6},"end":{"line":146,"column":28}},"37":{"start":{"line":150,"column":25},"end":{"line":155,"column":3}},"38":{"start":{"line":151,"column":4},"end":{"line":151,"column":27}},"39":{"start":{"line":152,"column":4},"end":{"line":154,"column":5}},"40":{"start":{"line":153,"column":6},"end":{"line":153,"column":19}},"41":{"start":{"line":157,"column":2},"end":{"line":163,"column":4}},"42":{"start":{"line":166,"column":15},"end":{"line":175,"column":2}}},"fnMap":{"0":{"name":"Particle","decl":{"start":{"line":41,"column":9},"end":{"line":41,"column":17}},"loc":{"start":{"line":41,"column":82},"end":{"line":90,"column":1}},"line":41},"1":{"name":"(anonymous_1)","decl":{"start":{"line":45,"column":12},"end":{"line":45,"column":13}},"loc":{"start":{"line":45,"column":18},"end":{"line":59,"column":3}},"line":45},"2":{"name":"(anonymous_2)","decl":{"start":{"line":61,"column":41},"end":{"line":61,"column":42}},"loc":{"start":{"line":61,"column":47},"end":{"line":74,"column":3}},"line":61},"3":{"name":"Confetti","decl":{"start":{"line":92,"column":16},"end":{"line":92,"column":24}},"loc":{"start":{"line":92,"column":85},"end":{"line":132,"column":1}},"line":92},"4":{"name":"(anonymous_4)","decl":{"start":{"line":95,"column":12},"end":{"line":95,"column":13}},"loc":{"start":{"line":95,"column":18},"end":{"line":119,"column":3}},"line":95},"5":{"name":"(anonymous_5)","decl":{"start":{"line":111,"column":31},"end":{"line":111,"column":32}},"loc":{"start":{"line":111,"column":37},"end":{"line":115,"column":7}},"line":111},"6":{"name":"(anonymous_6)","decl":{"start":{"line":117,"column":13},"end":{"line":117,"column":14}},"loc":{"start":{"line":117,"column":19},"end":{"line":117,"column":38}},"line":117},"7":{"name":"(anonymous_7)","decl":{"start":{"line":126,"column":20},"end":{"line":126,"column":21}},"loc":{"start":{"line":127,"column":10},"end":{"line":127,"column":69}},"line":127},"8":{"name":"PRConfetti","decl":{"start":{"line":141,"column":16},"end":{"line":141,"column":26}},"loc":{"start":{"line":141,"column":79},"end":{"line":164,"column":1}},"line":141},"9":{"name":"(anonymous_9)","decl":{"start":{"line":144,"column":12},"end":{"line":144,"column":13}},"loc":{"start":{"line":144,"column":18},"end":{"line":148,"column":3}},"line":144},"10":{"name":"(anonymous_10)","decl":{"start":{"line":150,"column":25},"end":{"line":150,"column":26}},"loc":{"start":{"line":150,"column":31},"end":{"line":155,"column":3}},"line":150}},"branchMap":{"0":{"loc":{"start":{"line":46,"column":4},"end":{"line":58,"column":5}},"type":"if","locations":[{"start":{"line":46,"column":4},"end":{"line":58,"column":5}},{"start":{"line":55,"column":11},"end":{"line":58,"column":5}}],"line":46},"1":{"loc":{"start":{"line":84,"column":24},"end":{"line":84,"column":46}},"type":"cond-expr","locations":[{"start":{"line":84,"column":41},"end":{"line":84,"column":42}},{"start":{"line":84,"column":45},"end":{"line":84,"column":46}}],"line":84},"2":{"loc":{"start":{"line":92,"column":48},"end":{"line":92,"column":66}},"type":"default-arg","locations":[{"start":{"line":92,"column":64},"end":{"line":92,"column":66}}],"line":92},"3":{"loc":{"start":{"line":96,"column":4},"end":{"line":118,"column":5}},"type":"if","locations":[{"start":{"line":96,"column":4},"end":{"line":118,"column":5}},{"start":{},"end":{}}],"line":96},"4":{"loc":{"start":{"line":112,"column":8},"end":{"line":114,"column":9}},"type":"if","locations":[{"start":{"line":112,"column":8},"end":{"line":114,"column":9}},{"start":{},"end":{}}],"line":112},"5":{"loc":{"start":{"line":121,"column":2},"end":{"line":121,"column":28}},"type":"if","locations":[{"start":{"line":121,"column":2},"end":{"line":121,"column":28}},{"start":{},"end":{}}],"line":121},"6":{"loc":{"start":{"line":145,"column":4},"end":{"line":147,"column":5}},"type":"if","locations":[{"start":{"line":145,"column":4},"end":{"line":147,"column":5}},{"start":{},"end":{}}],"line":145},"7":{"loc":{"start":{"line":152,"column":4},"end":{"line":154,"column":5}},"type":"if","locations":[{"start":{"line":152,"column":4},"end":{"line":154,"column":5}},{"start":{},"end":{}}],"line":152},"8":{"loc":{"start":{"line":161,"column":21},"end":{"line":161,"column":50}},"type":"cond-expr","locations":[{"start":{"line":161,"column":43},"end":{"line":161,"column":45}},{"start":{"line":161,"column":48},"end":{"line":161,"column":50}}],"line":161}},"s":{"0":0,"1":0,"2":0,"3":0,"4":0,"5":0,"6":0,"7":0,"8":0,"9":0,"10":0,"11":0,"12":0,"13":0,"14":0,"15":0,"16":0,"17":0,"18":0,"19":0,"20":0,"21":0,"22":0,"23":0,"24":0,"25":0,"26":0,"27":0,"28":0,"29":0,"30":0,"31":0,"32":0,"33":0,"34":0,"35":0,"36":0,"37":0,"38":0,"39":0,"40":0,"41":0,"42":0},"f":{"0":0,"1":0,"2":0,"3":0,"4":0,"5":0,"6":0,"7":0,"8":0,"9":0,"10":0},"b":{"0":[0,0],"1":[0,0],"2":[0],"3":[0,0],"4":[0,0],"5":[0,0],"6":[0,0],"7":[0,0],"8":[0,0]}}
,"/workspace/project/ApexHypertrophyCursorTest/components/ui/ErrorBoundary.tsx": {"path":"/workspace/project/ApexHypertrophyCursorTest/components/ui/ErrorBoundary.tsx","statementMap":{"0":{"start":{"line":18,"column":4},"end":{"line":18,"column":17}},"1":{"start":{"line":19,"column":4},"end":{"line":19,"column":50}},"2":{"start":{"line":23,"column":4},"end":{"line":23,"column":37}},"3":{"start":{"line":26,"column":16},"end":{"line":28,"column":3}},"4":{"start":{"line":27,"column":4},"end":{"line":27,"column":52}},"5":{"start":{"line":31,"column":4},"end":{"line":47,"column":5}},"6":{"start":{"line":32,"column":6},"end":{"line":46,"column":8}},"7":{"start":{"line":48,"column":4},"end":{"line":48,"column":31}},"8":{"start":{"line":52,"column":10},"end":{"line":98,"column":2}}},"fnMap":{"0":{"name":"(anonymous_0)","decl":{"start":{"line":17,"column":2},"end":{"line":17,"column":3}},"loc":{"start":{"line":17,"column":28},"end":{"line":20,"column":3}},"line":17},"1":{"name":"(anonymous_1)","decl":{"start":{"line":22,"column":2},"end":{"line":22,"column":3}},"loc":{"start":{"line":22,"column":55},"end":{"line":24,"column":3}},"line":22},"2":{"name":"(anonymous_2)","decl":{"start":{"line":26,"column":16},"end":{"line":26,"column":17}},"loc":{"start":{"line":26,"column":22},"end":{"line":28,"column":3}},"line":26},"3":{"name":"(anonymous_3)","decl":{"start":{"line":30,"column":2},"end":{"line":30,"column":3}},"loc":{"start":{"line":30,"column":11},"end":{"line":49,"column":3}},"line":30}},"branchMap":{"0":{"loc":{"start":{"line":31,"column":4},"end":{"line":47,"column":5}},"type":"if","locations":[{"start":{"line":31,"column":4},"end":{"line":47,"column":5}},{"start":{},"end":{}}],"line":31},"1":{"loc":{"start":{"line":37,"column":33},"end":{"line":37,"column":83}},"type":"binary-expr","locations":[{"start":{"line":37,"column":33},"end":{"line":37,"column":57}},{"start":{"line":37,"column":61},"end":{"line":37,"column":83}}],"line":37},"2":{"loc":{"start":{"line":39,"column":13},"end":{"line":39,"column":72}},"type":"binary-expr","locations":[{"start":{"line":39,"column":13},"end":{"line":39,"column":38}},{"start":{"line":39,"column":42},"end":{"line":39,"column":72}}],"line":39}},"s":{"0":0,"1":0,"2":0,"3":0,"4":0,"5":0,"6":0,"7":0,"8":0},"f":{"0":0,"1":0,"2":0,"3":0},"b":{"0":[0,0],"1":[0,0],"2":[0,0]}}
,"/workspace/project/ApexHypertrophyCursorTest/components/ui/GlassmorphicCard.tsx": {"path":"/workspace/project/ApexHypertrophyCursorTest/components/ui/GlassmorphicCard.tsx","statementMap":{"0":{"start":{"line":18,"column":24},"end":{"line":18,"column":51}},"1":{"start":{"line":20,"column":2},"end":{"line":26,"column":4}},"2":{"start":{"line":29,"column":15},"end":{"line":46,"column":2}}},"fnMap":{"0":{"name":"GlassmorphicCard","decl":{"start":{"line":12,"column":16},"end":{"line":12,"column":32}},"loc":{"start":{"line":17,"column":26},"end":{"line":27,"column":1}},"line":17}},"branchMap":{"0":{"loc":{"start":{"line":15,"column":2},"end":{"line":15,"column":16}},"type":"default-arg","locations":[{"start":{"line":15,"column":14},"end":{"line":15,"column":16}}],"line":15},"1":{"loc":{"start":{"line":16,"column":2},"end":{"line":16,"column":15}},"type":"default-arg","locations":[{"start":{"line":16,"column":9},"end":{"line":16,"column":15}}],"line":16}},"s":{"0":0,"1":0,"2":0},"f":{"0":0},"b":{"0":[0],"1":[0]}}
,"/workspace/project/ApexHypertrophyCursorTest/components/ui/Modal.tsx": {"path":"/workspace/project/ApexHypertrophyCursorTest/components/ui/Modal.tsx","statementMap":{"0":{"start":{"line":22,"column":2},"end":{"line":36,"column":4}},"1":{"start":{"line":29,"column":67},"end":{"line":29,"column":86}},"2":{"start":{"line":39,"column":15},"end":{"line":65,"column":2}}},"fnMap":{"0":{"name":"BottomSheetModal","decl":{"start":{"line":21,"column":16},"end":{"line":21,"column":32}},"loc":{"start":{"line":21,"column":95},"end":{"line":37,"column":1}},"line":21},"1":{"name":"(anonymous_1)","decl":{"start":{"line":29,"column":60},"end":{"line":29,"column":61}},"loc":{"start":{"line":29,"column":67},"end":{"line":29,"column":86}},"line":29}},"branchMap":{"0":{"loc":{"start":{"line":26,"column":20},"end":{"line":26,"column":64}},"type":"cond-expr","locations":[{"start":{"line":26,"column":44},"end":{"line":26,"column":53}},{"start":{"line":26,"column":56},"end":{"line":26,"column":64}}],"line":26}},"s":{"0":0,"1":0,"2":0},"f":{"0":0,"1":0},"b":{"0":[0,0]}}
,"/workspace/project/ApexHypertrophyCursorTest/components/ui/NumericInput.tsx": {"path":"/workspace/project/ApexHypertrophyCursorTest/components/ui/NumericInput.tsx","statementMap":{"0":{"start":{"line":24,"column":32},"end":{"line":24,"column":47}},"1":{"start":{"line":26,"column":23},"end":{"line":36,"column":3}},"2":{"start":{"line":28,"column":18},"end":{"line":28,"column":36}},"3":{"start":{"line":29,"column":6},"end":{"line":33,"column":7}},"4":{"start":{"line":30,"column":8},"end":{"line":30,"column":25}},"5":{"start":{"line":32,"column":8},"end":{"line":32,"column":57}},"6":{"start":{"line":38,"column":2},"end":{"line":56,"column":4}},"7":{"start":{"line":41,"column":21},"end":{"line":41,"column":40}},"8":{"start":{"line":51,"column":23},"end":{"line":51,"column":39}},"9":{"start":{"line":52,"column":22},"end":{"line":52,"column":39}},"10":{"start":{"line":59,"column":15},"end":{"line":89,"column":2}}},"fnMap":{"0":{"name":"NumericInput","decl":{"start":{"line":16,"column":16},"end":{"line":16,"column":28}},"loc":{"start":{"line":23,"column":22},"end":{"line":57,"column":1}},"line":23},"1":{"name":"(anonymous_1)","decl":{"start":{"line":27,"column":4},"end":{"line":27,"column":5}},"loc":{"start":{"line":27,"column":22},"end":{"line":34,"column":5}},"line":27},"2":{"name":"(anonymous_2)","decl":{"start":{"line":41,"column":15},"end":{"line":41,"column":16}},"loc":{"start":{"line":41,"column":21},"end":{"line":41,"column":40}},"line":41},"3":{"name":"(anonymous_3)","decl":{"start":{"line":51,"column":17},"end":{"line":51,"column":18}},"loc":{"start":{"line":51,"column":23},"end":{"line":51,"column":39}},"line":51},"4":{"name":"(anonymous_4)","decl":{"start":{"line":52,"column":16},"end":{"line":52,"column":17}},"loc":{"start":{"line":52,"column":22},"end":{"line":52,"column":39}},"line":52}},"branchMap":{"0":{"loc":{"start":{"line":20,"column":2},"end":{"line":20,"column":19}},"type":"default-arg","locations":[{"start":{"line":20,"column":16},"end":{"line":20,"column":19}}],"line":20},"1":{"loc":{"start":{"line":21,"column":2},"end":{"line":21,"column":9}},"type":"default-arg","locations":[{"start":{"line":21,"column":8},"end":{"line":21,"column":9}}],"line":21},"2":{"loc":{"start":{"line":22,"column":2},"end":{"line":22,"column":12}},"type":"default-arg","locations":[{"start":{"line":22,"column":8},"end":{"line":22,"column":12}}],"line":22},"3":{"loc":{"start":{"line":29,"column":6},"end":{"line":33,"column":7}},"type":"if","locations":[{"start":{"line":29,"column":6},"end":{"line":33,"column":7}},{"start":{"line":31,"column":13},"end":{"line":33,"column":7}}],"line":29},"4":{"loc":{"start":{"line":40,"column":32},"end":{"line":40,"column":66}},"type":"binary-expr","locations":[{"start":{"line":40,"column":32},"end":{"line":40,"column":39}},{"start":{"line":40,"column":43},"end":{"line":40,"column":66}}],"line":40},"5":{"loc":{"start":{"line":45,"column":15},"end":{"line":45,"column":45}},"type":"cond-expr","locations":[{"start":{"line":45,"column":27},"end":{"line":45,"column":40}},{"start":{"line":45,"column":43},"end":{"line":45,"column":45}}],"line":45},"6":{"loc":{"start":{"line":54,"column":7},"end":{"line":54,"column":57}},"type":"binary-expr","locations":[{"start":{"line":54,"column":7},"end":{"line":54,"column":12}},{"start":{"line":54,"column":16},"end":{"line":54,"column":57}}],"line":54}},"s":{"0":0,"1":0,"2":0,"3":0,"4":0,"5":0,"6":0,"7":0,"8":0,"9":0,"10":0},"f":{"0":0,"1":0,"2":0,"3":0,"4":0},"b":{"0":[0],"1":[0],"2":[0],"3":[0,0],"4":[0,0],"5":[0,0],"6":[0,0]}}
,"/workspace/project/ApexHypertrophyCursorTest/components/ui/ProgressRing.tsx": {"path":"/workspace/project/ApexHypertrophyCursorTest/components/ui/ProgressRing.tsx","statementMap":{"0":{"start":{"line":24,"column":17},"end":{"line":24,"column":41}},"1":{"start":{"line":25,"column":24},"end":{"line":25,"column":44}},"2":{"start":{"line":26,"column":19},"end":{"line":26,"column":65}},"3":{"start":{"line":27,"column":27},"end":{"line":27,"column":57}},"4":{"start":{"line":29,"column":2},"end":{"line":67,"column":4}},"5":{"start":{"line":70,"column":15},"end":{"line":99,"column":2}}},"fnMap":{"0":{"name":"ProgressRing","decl":{"start":{"line":16,"column":16},"end":{"line":16,"column":28}},"loc":{"start":{"line":23,"column":22},"end":{"line":68,"column":1}},"line":23}},"branchMap":{"0":{"loc":{"start":{"line":19,"column":2},"end":{"line":19,"column":11}},"type":"default-arg","locations":[{"start":{"line":19,"column":9},"end":{"line":19,"column":11}}],"line":19},"1":{"loc":{"start":{"line":20,"column":2},"end":{"line":20,"column":17}},"type":"default-arg","locations":[{"start":{"line":20,"column":16},"end":{"line":20,"column":17}}],"line":20},"2":{"loc":{"start":{"line":21,"column":2},"end":{"line":21,"column":23}},"type":"default-arg","locations":[{"start":{"line":21,"column":10},"end":{"line":21,"column":23}}],"line":21},"3":{"loc":{"start":{"line":26,"column":19},"end":{"line":26,"column":65}},"type":"cond-expr","locations":[{"start":{"line":26,"column":32},"end":{"line":26,"column":61}},{"start":{"line":26,"column":64},"end":{"line":26,"column":65}}],"line":26},"4":{"loc":{"start":{"line":43,"column":11},"end":{"line":57,"column":11}},"type":"binary-expr","locations":[{"start":{"line":43,"column":11},"end":{"line":43,"column":23}},{"start":{"line":44,"column":12},"end":{"line":56,"column":14}}],"line":43},"5":{"loc":{"start":{"line":65,"column":7},"end":{"line":65,"column":57}},"type":"binary-expr","locations":[{"start":{"line":65,"column":7},"end":{"line":65,"column":12}},{"start":{"line":65,"column":16},"end":{"line":65,"column":57}}],"line":65}},"s":{"0":0,"1":0,"2":0,"3":0,"4":0,"5":0},"f":{"0":0},"b":{"0":[0],"1":[0],"2":[0],"3":[0,0],"4":[0,0],"5":[0,0]}}
,"/workspace/project/ApexHypertrophyCursorTest/components/ui/SectionHeader.tsx": {"path":"/workspace/project/ApexHypertrophyCursorTest/components/ui/SectionHeader.tsx","statementMap":{"0":{"start":{"line":14,"column":2},"end":{"line":28,"column":4}},"1":{"start":{"line":20,"column":12},"end":{"line":20,"column":32}},"2":{"start":{"line":21,"column":12},"end":{"line":21,"column":25}},"3":{"start":{"line":31,"column":15},"end":{"line":48,"column":2}}},"fnMap":{"0":{"name":"SectionHeader","decl":{"start":{"line":13,"column":16},"end":{"line":13,"column":29}},"loc":{"start":{"line":13,"column":84},"end":{"line":29,"column":1}},"line":13},"1":{"name":"(anonymous_1)","decl":{"start":{"line":19,"column":19},"end":{"line":19,"column":20}},"loc":{"start":{"line":19,"column":25},"end":{"line":22,"column":11}},"line":19}},"branchMap":{"0":{"loc":{"start":{"line":17,"column":7},"end":{"line":26,"column":7}},"type":"binary-expr","locations":[{"start":{"line":17,"column":7},"end":{"line":17,"column":18}},{"start":{"line":18,"column":8},"end":{"line":25,"column":20}}],"line":17}},"s":{"0":0,"1":0,"2":0,"3":0},"f":{"0":0,"1":0},"b":{"0":[0,0]}}
,"/workspace/project/ApexHypertrophyCursorTest/components/ui/Skeleton.tsx": {"path":"/workspace/project/ApexHypertrophyCursorTest/components/ui/Skeleton.tsx","statementMap":{"0":{"start":{"line":19,"column":18},"end":{"line":19,"column":37}},"1":{"start":{"line":21,"column":2},"end":{"line":27,"column":16}},"2":{"start":{"line":22,"column":4},"end":{"line":26,"column":6}},"3":{"start":{"line":29,"column":20},"end":{"line":31,"column":5}},"4":{"start":{"line":29,"column":44},"end":{"line":31,"column":3}},"5":{"start":{"line":33,"column":2},"end":{"line":37,"column":4}},"6":{"start":{"line":41,"column":2},"end":{"line":51,"column":4}},"7":{"start":{"line":46,"column":8},"end":{"line":48,"column":15}},"8":{"start":{"line":55,"column":2},"end":{"line":63,"column":4}},"9":{"start":{"line":66,"column":10},"end":{"line":84,"column":2}}},"fnMap":{"0":{"name":"Skeleton","decl":{"start":{"line":18,"column":16},"end":{"line":18,"column":24}},"loc":{"start":{"line":18,"column":98},"end":{"line":38,"column":1}},"line":18},"1":{"name":"(anonymous_1)","decl":{"start":{"line":21,"column":12},"end":{"line":21,"column":13}},"loc":{"start":{"line":21,"column":18},"end":{"line":27,"column":3}},"line":21},"2":{"name":"(anonymous_2)","decl":{"start":{"line":29,"column":37},"end":{"line":29,"column":38}},"loc":{"start":{"line":29,"column":44},"end":{"line":31,"column":3}},"line":29},"3":{"name":"SkeletonCard","decl":{"start":{"line":40,"column":16},"end":{"line":40,"column":28}},"loc":{"start":{"line":40,"column":64},"end":{"line":52,"column":1}},"line":40},"4":{"name":"(anonymous_4)","decl":{"start":{"line":45,"column":41},"end":{"line":45,"column":42}},"loc":{"start":{"line":46,"column":8},"end":{"line":48,"column":15}},"line":46},"5":{"name":"SkeletonRow","decl":{"start":{"line":54,"column":16},"end":{"line":54,"column":27}},"loc":{"start":{"line":54,"column":30},"end":{"line":64,"column":1}},"line":54}},"branchMap":{"0":{"loc":{"start":{"line":18,"column":27},"end":{"line":18,"column":41}},"type":"default-arg","locations":[{"start":{"line":18,"column":35},"end":{"line":18,"column":41}}],"line":18},"1":{"loc":{"start":{"line":18,"column":43},"end":{"line":18,"column":54}},"type":"default-arg","locations":[{"start":{"line":18,"column":52},"end":{"line":18,"column":54}}],"line":18},"2":{"loc":{"start":{"line":18,"column":56},"end":{"line":18,"column":72}},"type":"default-arg","locations":[{"start":{"line":18,"column":71},"end":{"line":18,"column":72}}],"line":18},"3":{"loc":{"start":{"line":40,"column":31},"end":{"line":40,"column":40}},"type":"default-arg","locations":[{"start":{"line":40,"column":39},"end":{"line":40,"column":40}}],"line":40},"4":{"loc":{"start":{"line":47,"column":27},"end":{"line":47,"column":59}},"type":"cond-expr","locations":[{"start":{"line":47,"column":45},"end":{"line":47,"column":50}},{"start":{"line":47,"column":53},"end":{"line":47,"column":59}}],"line":47}},"s":{"0":0,"1":0,"2":0,"3":0,"4":0,"5":0,"6":0,"7":0,"8":0,"9":0},"f":{"0":0,"1":0,"2":0,"3":0,"4":0,"5":0},"b":{"0":[0],"1":[0],"2":[0],"3":[0],"4":[0,0]}}
,"/workspace/project/ApexHypertrophyCursorTest/components/ui/index.ts": {"path":"/workspace/project/ApexHypertrophyCursorTest/components/ui/index.ts","statementMap":{},"fnMap":{},"branchMap":{},"s":{},"f":{},"b":{}}
,"/workspace/project/ApexHypertrophyCursorTest/components/workout/ConfettiOverlay.tsx": {"path":"/workspace/project/ApexHypertrophyCursorTest/components/workout/ConfettiOverlay.tsx","statementMap":{"0":{"start":{"line":15,"column":46},"end":{"line":15,"column":70}},"1":{"start":{"line":17,"column":24},"end":{"line":26,"column":1}},"2":{"start":{"line":28,"column":23},"end":{"line":28,"column":25}},"3":{"start":{"line":29,"column":17},"end":{"line":29,"column":21}},"4":{"start":{"line":38,"column":19},"end":{"line":38,"column":36}},"5":{"start":{"line":39,"column":17},"end":{"line":39,"column":60}},"6":{"start":{"line":39,"column":31},"end":{"line":39,"column":55}},"7":{"start":{"line":40,"column":15},"end":{"line":40,"column":76}},"8":{"start":{"line":40,"column":29},"end":{"line":40,"column":65}},"9":{"start":{"line":41,"column":15},"end":{"line":41,"column":55}},"10":{"start":{"line":41,"column":29},"end":{"line":41,"column":50}},"11":{"start":{"line":42,"column":16},"end":{"line":42,"column":87}},"12":{"start":{"line":42,"column":30},"end":{"line":42,"column":77}},"13":{"start":{"line":43,"column":22},"end":{"line":43,"column":68}},"14":{"start":{"line":43,"column":36},"end":{"line":43,"column":63}},"15":{"start":{"line":44,"column":16},"end":{"line":44,"column":54}},"16":{"start":{"line":44,"column":30},"end":{"line":44,"column":49}},"17":{"start":{"line":46,"column":2},"end":{"line":55,"column":42}},"18":{"start":{"line":47,"column":4},"end":{"line":54,"column":6}},"19":{"start":{"line":52,"column":35},"end":{"line":52,"column":54}},"20":{"start":{"line":57,"column":24},"end":{"line":67,"column":4}},"21":{"start":{"line":58,"column":14},"end":{"line":58,"column":28}},"22":{"start":{"line":59,"column":4},"end":{"line":66,"column":6}},"23":{"start":{"line":69,"column":2},"end":{"line":77,"column":4}},"24":{"start":{"line":86,"column":2},"end":{"line":92,"column":16}},"25":{"start":{"line":87,"column":4},"end":{"line":91,"column":5}},"26":{"start":{"line":88,"column":6},"end":{"line":88,"column":24}},"27":{"start":{"line":89,"column":6},"end":{"line":89,"column":45}},"28":{"start":{"line":89,"column":23},"end":{"line":89,"column":38}},"29":{"start":{"line":90,"column":6},"end":{"line":90,"column":46}},"30":{"start":{"line":90,"column":23},"end":{"line":90,"column":39}},"31":{"start":{"line":94,"column":2},"end":{"line":94,"column":28}},"32":{"start":{"line":94,"column":16},"end":{"line":94,"column":28}},"33":{"start":{"line":96,"column":2},"end":{"line":107,"column":4}},"34":{"start":{"line":99,"column":8},"end":{"line":104,"column":10}},"35":{"start":{"line":110,"column":15},"end":{"line":120,"column":2}}},"fnMap":{"0":{"name":"ConfettiParticle","decl":{"start":{"line":37,"column":9},"end":{"line":37,"column":25}},"loc":{"start":{"line":37,"column":78},"end":{"line":78,"column":1}},"line":37},"1":{"name":"(anonymous_1)","decl":{"start":{"line":39,"column":25},"end":{"line":39,"column":26}},"loc":{"start":{"line":39,"column":31},"end":{"line":39,"column":55}},"line":39},"2":{"name":"(anonymous_2)","decl":{"start":{"line":40,"column":23},"end":{"line":40,"column":24}},"loc":{"start":{"line":40,"column":29},"end":{"line":40,"column":65}},"line":40},"3":{"name":"(anonymous_3)","decl":{"start":{"line":41,"column":23},"end":{"line":41,"column":24}},"loc":{"start":{"line":41,"column":29},"end":{"line":41,"column":50}},"line":41},"4":{"name":"(anonymous_4)","decl":{"start":{"line":42,"column":24},"end":{"line":42,"column":25}},"loc":{"start":{"line":42,"column":30},"end":{"line":42,"column":77}},"line":42},"5":{"name":"(anonymous_5)","decl":{"start":{"line":43,"column":30},"end":{"line":43,"column":31}},"loc":{"start":{"line":43,"column":36},"end":{"line":43,"column":63}},"line":43},"6":{"name":"(anonymous_6)","decl":{"start":{"line":44,"column":24},"end":{"line":44,"column":25}},"loc":{"start":{"line":44,"column":30},"end":{"line":44,"column":49}},"line":44},"7":{"name":"(anonymous_7)","decl":{"start":{"line":46,"column":12},"end":{"line":46,"column":13}},"loc":{"start":{"line":46,"column":18},"end":{"line":55,"column":3}},"line":46},"8":{"name":"(anonymous_8)","decl":{"start":{"line":52,"column":29},"end":{"line":52,"column":30}},"loc":{"start":{"line":52,"column":35},"end":{"line":52,"column":54}},"line":52},"9":{"name":"(anonymous_9)","decl":{"start":{"line":57,"column":41},"end":{"line":57,"column":42}},"loc":{"start":{"line":57,"column":47},"end":{"line":67,"column":3}},"line":57},"10":{"name":"ConfettiOverlay","decl":{"start":{"line":85,"column":16},"end":{"line":85,"column":31}},"loc":{"start":{"line":85,"column":79},"end":{"line":108,"column":1}},"line":85},"11":{"name":"(anonymous_11)","decl":{"start":{"line":86,"column":12},"end":{"line":86,"column":13}},"loc":{"start":{"line":86,"column":18},"end":{"line":92,"column":3}},"line":86},"12":{"name":"(anonymous_12)","decl":{"start":{"line":89,"column":17},"end":{"line":89,"column":18}},"loc":{"start":{"line":89,"column":23},"end":{"line":89,"column":38}},"line":89},"13":{"name":"(anonymous_13)","decl":{"start":{"line":90,"column":17},"end":{"line":90,"column":18}},"loc":{"start":{"line":90,"column":23},"end":{"line":90,"column":39}},"line":90},"14":{"name":"(anonymous_14)","decl":{"start":{"line":98,"column":50},"end":{"line":98,"column":51}},"loc":{"start":{"line":99,"column":8},"end":{"line":104,"column":10}},"line":99}},"branchMap":{"0":{"loc":{"start":{"line":52,"column":8},"end":{"line":52,"column":66}},"type":"cond-expr","locations":[{"start":{"line":52,"column":29},"end":{"line":52,"column":54}},{"start":{"line":52,"column":57},"end":{"line":52,"column":66}}],"line":52},"1":{"loc":{"start":{"line":52,"column":8},"end":{"line":52,"column":26}},"type":"binary-expr","locations":[{"start":{"line":52,"column":8},"end":{"line":52,"column":14}},{"start":{"line":52,"column":18},"end":{"line":52,"column":26}}],"line":52},"2":{"loc":{"start":{"line":65,"column":15},"end":{"line":65,"column":48}},"type":"cond-expr","locations":[{"start":{"line":65,"column":25},"end":{"line":65,"column":26}},{"start":{"line":65,"column":29},"end":{"line":65,"column":48}}],"line":65},"3":{"loc":{"start":{"line":87,"column":4},"end":{"line":91,"column":5}},"type":"if","locations":[{"start":{"line":87,"column":4},"end":{"line":91,"column":5}},{"start":{},"end":{}}],"line":87},"4":{"loc":{"start":{"line":94,"column":2},"end":{"line":94,"column":28}},"type":"if","locations":[{"start":{"line":94,"column":2},"end":{"line":94,"column":28}},{"start":{},"end":{}}],"line":94}},"s":{"0":0,"1":0,"2":0,"3":0,"4":0,"5":0,"6":0,"7":0,"8":0,"9":0,"10":0,"11":0,"12":0,"13":0,"14":0,"15":0,"16":0,"17":0,"18":0,"19":0,"20":0,"21":0,"22":0,"23":0,"24":0,"25":0,"26":0,"27":0,"28":0,"29":0,"30":0,"31":0,"32":0,"33":0,"34":0,"35":0},"f":{"0":0,"1":0,"2":0,"3":0,"4":0,"5":0,"6":0,"7":0,"8":0,"9":0,"10":0,"11":0,"12":0,"13":0,"14":0},"b":{"0":[0,0],"1":[0,0],"2":[0,0],"3":[0,0],"4":[0,0]}}
,"/workspace/project/ApexHypertrophyCursorTest/components/workout/PRToast.tsx": {"path":"/workspace/project/ApexHypertrophyCursorTest/components/workout/PRToast.tsx","statementMap":{"0":{"start":{"line":16,"column":88},"end":{"line":20,"column":1}},"1":{"start":{"line":30,"column":21},"end":{"line":30,"column":41}},"2":{"start":{"line":31,"column":23},"end":{"line":31,"column":73}},"3":{"start":{"line":33,"column":2},"end":{"line":50,"column":48}},"4":{"start":{"line":34,"column":4},"end":{"line":45,"column":5}},"5":{"start":{"line":35,"column":6},"end":{"line":35,"column":24}},"6":{"start":{"line":36,"column":6},"end":{"line":36,"column":45}},"7":{"start":{"line":36,"column":23},"end":{"line":36,"column":38}},"8":{"start":{"line":38,"column":6},"end":{"line":41,"column":8}},"9":{"start":{"line":43,"column":6},"end":{"line":43,"column":67}},"10":{"start":{"line":43,"column":32},"end":{"line":43,"column":67}},"11":{"start":{"line":44,"column":6},"end":{"line":44,"column":57}},"12":{"start":{"line":47,"column":4},"end":{"line":49,"column":6}},"13":{"start":{"line":48,"column":6},"end":{"line":48,"column":67}},"14":{"start":{"line":48,"column":32},"end":{"line":48,"column":67}},"15":{"start":{"line":52,"column":20},"end":{"line":54,"column":5}},"16":{"start":{"line":52,"column":44},"end":{"line":54,"column":3}},"17":{"start":{"line":56,"column":2},"end":{"line":56,"column":52}},"18":{"start":{"line":56,"column":40},"end":{"line":56,"column":52}},"19":{"start":{"line":58,"column":2},"end":{"line":81,"column":4}},"20":{"start":{"line":70,"column":24},"end":{"line":70,"column":45}},"21":{"start":{"line":71,"column":12},"end":{"line":76,"column":14}},"22":{"start":{"line":85,"column":14},"end":{"line":85,"column":35}},"23":{"start":{"line":86,"column":2},"end":{"line":100,"column":4}},"24":{"start":{"line":103,"column":10},"end":{"line":156,"column":2}}},"fnMap":{"0":{"name":"PRToast","decl":{"start":{"line":29,"column":16},"end":{"line":29,"column":23}},"loc":{"start":{"line":29,"column":85},"end":{"line":82,"column":1}},"line":29},"1":{"name":"(anonymous_1)","decl":{"start":{"line":33,"column":12},"end":{"line":33,"column":13}},"loc":{"start":{"line":33,"column":18},"end":{"line":50,"column":3}},"line":33},"2":{"name":"(anonymous_2)","decl":{"start":{"line":36,"column":17},"end":{"line":36,"column":18}},"loc":{"start":{"line":36,"column":23},"end":{"line":36,"column":38}},"line":36},"3":{"name":"(anonymous_3)","decl":{"start":{"line":47,"column":11},"end":{"line":47,"column":12}},"loc":{"start":{"line":47,"column":17},"end":{"line":49,"column":5}},"line":47},"4":{"name":"(anonymous_4)","decl":{"start":{"line":52,"column":37},"end":{"line":52,"column":38}},"loc":{"start":{"line":52,"column":44},"end":{"line":54,"column":3}},"line":52},"5":{"name":"(anonymous_5)","decl":{"start":{"line":69,"column":23},"end":{"line":69,"column":24}},"loc":{"start":{"line":69,"column":33},"end":{"line":77,"column":11}},"line":69},"6":{"name":"PRBadgeIcon","decl":{"start":{"line":84,"column":16},"end":{"line":84,"column":27}},"loc":{"start":{"line":84,"column":82},"end":{"line":101,"column":1}},"line":84}},"branchMap":{"0":{"loc":{"start":{"line":34,"column":4},"end":{"line":45,"column":5}},"type":"if","locations":[{"start":{"line":34,"column":4},"end":{"line":45,"column":5}},{"start":{},"end":{}}],"line":34},"1":{"loc":{"start":{"line":34,"column":8},"end":{"line":34,"column":37}},"type":"binary-expr","locations":[{"start":{"line":34,"column":8},"end":{"line":34,"column":15}},{"start":{"line":34,"column":19},"end":{"line":34,"column":37}}],"line":34},"2":{"loc":{"start":{"line":43,"column":6},"end":{"line":43,"column":67}},"type":"if","locations":[{"start":{"line":43,"column":6},"end":{"line":43,"column":67}},{"start":{},"end":{}}],"line":43},"3":{"loc":{"start":{"line":48,"column":6},"end":{"line":48,"column":67}},"type":"if","locations":[{"start":{"line":48,"column":6},"end":{"line":48,"column":67}},{"start":{},"end":{}}],"line":48},"4":{"loc":{"start":{"line":56,"column":2},"end":{"line":56,"column":52}},"type":"if","locations":[{"start":{"line":56,"column":2},"end":{"line":56,"column":52}},{"start":{},"end":{}}],"line":56},"5":{"loc":{"start":{"line":56,"column":6},"end":{"line":56,"column":38}},"type":"binary-expr","locations":[{"start":{"line":56,"column":6},"end":{"line":56,"column":14}},{"start":{"line":56,"column":18},"end":{"line":56,"column":38}}],"line":56},"6":{"loc":{"start":{"line":84,"column":36},"end":{"line":84,"column":45}},"type":"default-arg","locations":[{"start":{"line":84,"column":43},"end":{"line":84,"column":45}}],"line":84}},"s":{"0":0,"1":0,"2":0,"3":0,"4":0,"5":0,"6":0,"7":0,"8":0,"9":0,"10":0,"11":0,"12":0,"13":0,"14":0,"15":0,"16":0,"17":0,"18":0,"19":0,"20":0,"21":0,"22":0,"23":0,"24":0},"f":{"0":0,"1":0,"2":0,"3":0,"4":0,"5":0,"6":0},"b":{"0":[0,0],"1":[0,0],"2":[0,0],"3":[0,0],"4":[0,0],"5":[0,0],"6":[0]}}
,"/workspace/project/ApexHypertrophyCursorTest/components/workout/RPEModal.tsx": {"path":"/workspace/project/ApexHypertrophyCursorTest/components/workout/RPEModal.tsx","statementMap":{"0":{"start":{"line":17,"column":19},"end":{"line":17,"column":55}},"1":{"start":{"line":20,"column":2},"end":{"line":20,"column":38}},"2":{"start":{"line":20,"column":16},"end":{"line":20,"column":38}},"3":{"start":{"line":21,"column":2},"end":{"line":21,"column":38}},"4":{"start":{"line":21,"column":16},"end":{"line":21,"column":38}},"5":{"start":{"line":22,"column":2},"end":{"line":22,"column":23}},"6":{"start":{"line":26,"column":2},"end":{"line":26,"column":37}},"7":{"start":{"line":26,"column":18},"end":{"line":26,"column":37}},"8":{"start":{"line":27,"column":2},"end":{"line":27,"column":36}},"9":{"start":{"line":27,"column":18},"end":{"line":27,"column":36}},"10":{"start":{"line":28,"column":2},"end":{"line":28,"column":32}},"11":{"start":{"line":28,"column":18},"end":{"line":28,"column":32}},"12":{"start":{"line":29,"column":2},"end":{"line":29,"column":37}},"13":{"start":{"line":29,"column":18},"end":{"line":29,"column":37}},"14":{"start":{"line":30,"column":2},"end":{"line":30,"column":26}},"15":{"start":{"line":40,"column":24},"end":{"line":40,"column":35}},"16":{"start":{"line":41,"column":50},"end":{"line":41,"column":61}},"17":{"start":{"line":42,"column":28},"end":{"line":42,"column":40}},"18":{"start":{"line":44,"column":23},"end":{"line":50,"column":46}},"19":{"start":{"line":45,"column":4},"end":{"line":45,"column":22}},"20":{"start":{"line":46,"column":4},"end":{"line":46,"column":43}},"21":{"start":{"line":47,"column":4},"end":{"line":47,"column":14}},"22":{"start":{"line":48,"column":4},"end":{"line":48,"column":27}},"23":{"start":{"line":49,"column":4},"end":{"line":49,"column":17}},"24":{"start":{"line":52,"column":21},"end":{"line":58,"column":14}},"25":{"start":{"line":53,"column":4},"end":{"line":53,"column":20}},"26":{"start":{"line":54,"column":4},"end":{"line":54,"column":13}},"27":{"start":{"line":55,"column":4},"end":{"line":55,"column":14}},"28":{"start":{"line":56,"column":4},"end":{"line":56,"column":27}},"29":{"start":{"line":57,"column":4},"end":{"line":57,"column":17}},"30":{"start":{"line":60,"column":2},"end":{"line":164,"column":4}},"31":{"start":{"line":81,"column":27},"end":{"line":81,"column":37}},"32":{"start":{"line":82,"column":29},"end":{"line":82,"column":40}},"33":{"start":{"line":83,"column":10},"end":{"line":100,"column":12}},"34":{"start":{"line":87,"column":16},"end":{"line":87,"column":36}},"35":{"start":{"line":88,"column":16},"end":{"line":88,"column":28}},"36":{"start":{"line":112,"column":10},"end":{"line":125,"column":22}},"37":{"start":{"line":115,"column":14},"end":{"line":115,"column":34}},"38":{"start":{"line":116,"column":14},"end":{"line":116,"column":40}},"39":{"start":{"line":167,"column":10},"end":{"line":288,"column":2}}},"fnMap":{"0":{"name":"getRPEColor","decl":{"start":{"line":19,"column":9},"end":{"line":19,"column":20}},"loc":{"start":{"line":19,"column":42},"end":{"line":23,"column":1}},"line":19},"1":{"name":"getRPELabel","decl":{"start":{"line":25,"column":9},"end":{"line":25,"column":20}},"loc":{"start":{"line":25,"column":42},"end":{"line":31,"column":1}},"line":25},"2":{"name":"RPEModal","decl":{"start":{"line":33,"column":16},"end":{"line":33,"column":24}},"loc":{"start":{"line":39,"column":18},"end":{"line":165,"column":1}},"line":39},"3":{"name":"(anonymous_3)","decl":{"start":{"line":44,"column":35},"end":{"line":44,"column":36}},"loc":{"start":{"line":44,"column":41},"end":{"line":50,"column":3}},"line":44},"4":{"name":"(anonymous_4)","decl":{"start":{"line":52,"column":33},"end":{"line":52,"column":34}},"loc":{"start":{"line":52,"column":39},"end":{"line":58,"column":3}},"line":52},"5":{"name":"(anonymous_5)","decl":{"start":{"line":80,"column":24},"end":{"line":80,"column":25}},"loc":{"start":{"line":80,"column":33},"end":{"line":101,"column":9}},"line":80},"6":{"name":"(anonymous_6)","decl":{"start":{"line":86,"column":23},"end":{"line":86,"column":24}},"loc":{"start":{"line":86,"column":29},"end":{"line":89,"column":15}},"line":86},"7":{"name":"(anonymous_7)","decl":{"start":{"line":111,"column":29},"end":{"line":111,"column":30}},"loc":{"start":{"line":112,"column":10},"end":{"line":125,"column":22}},"line":112},"8":{"name":"(anonymous_8)","decl":{"start":{"line":114,"column":21},"end":{"line":114,"column":22}},"loc":{"start":{"line":114,"column":27},"end":{"line":117,"column":13}},"line":114}},"branchMap":{"0":{"loc":{"start":{"line":20,"column":2},"end":{"line":20,"column":38}},"type":"if","locations":[{"start":{"line":20,"column":2},"end":{"line":20,"column":38}},{"start":{},"end":{}}],"line":20},"1":{"loc":{"start":{"line":21,"column":2},"end":{"line":21,"column":38}},"type":"if","locations":[{"start":{"line":21,"column":2},"end":{"line":21,"column":38}},{"start":{},"end":{}}],"line":21},"2":{"loc":{"start":{"line":26,"column":2},"end":{"line":26,"column":37}},"type":"if","locations":[{"start":{"line":26,"column":2},"end":{"line":26,"column":37}},{"start":{},"end":{}}],"line":26},"3":{"loc":{"start":{"line":27,"column":2},"end":{"line":27,"column":36}},"type":"if","locations":[{"start":{"line":27,"column":2},"end":{"line":27,"column":36}},{"start":{},"end":{}}],"line":27},"4":{"loc":{"start":{"line":28,"column":2},"end":{"line":28,"column":32}},"type":"if","locations":[{"start":{"line":28,"column":2},"end":{"line":28,"column":32}},{"start":{},"end":{}}],"line":28},"5":{"loc":{"start":{"line":29,"column":2},"end":{"line":29,"column":37}},"type":"if","locations":[{"start":{"line":29,"column":2},"end":{"line":29,"column":37}},{"start":{},"end":{}}],"line":29},"6":{"loc":{"start":{"line":66,"column":52},"end":{"line":66,"column":87}},"type":"cond-expr","locations":[{"start":{"line":66,"column":79},"end":{"line":66,"column":82}},{"start":{"line":66,"column":85},"end":{"line":66,"column":87}}],"line":66},"7":{"loc":{"start":{"line":95,"column":18},"end":{"line":95,"column":67}},"type":"binary-expr","locations":[{"start":{"line":95,"column":18},"end":{"line":95,"column":26}},{"start":{"line":95,"column":30},"end":{"line":95,"column":67}}],"line":95},"8":{"loc":{"start":{"line":96,"column":18},"end":{"line":96,"column":52}},"type":"binary-expr","locations":[{"start":{"line":96,"column":18},"end":{"line":96,"column":28}},{"start":{"line":96,"column":32},"end":{"line":96,"column":52}}],"line":96},"9":{"loc":{"start":{"line":121,"column":20},"end":{"line":121,"column":64}},"type":"cond-expr","locations":[{"start":{"line":121,"column":47},"end":{"line":121,"column":53}},{"start":{"line":121,"column":56},"end":{"line":121,"column":64}}],"line":121},"10":{"loc":{"start":{"line":123,"column":21},"end":{"line":123,"column":85}},"type":"cond-expr","locations":[{"start":{"line":123,"column":48},"end":{"line":123,"column":62}},{"start":{"line":123,"column":65},"end":{"line":123,"column":85}}],"line":123},"11":{"loc":{"start":{"line":129,"column":9},"end":{"line":135,"column":37}},"type":"cond-expr","locations":[{"start":{"line":130,"column":12},"end":{"line":130,"column":29}},{"start":{"line":131,"column":12},"end":{"line":135,"column":37}}],"line":129},"12":{"loc":{"start":{"line":131,"column":12},"end":{"line":135,"column":37}},"type":"cond-expr","locations":[{"start":{"line":132,"column":14},"end":{"line":132,"column":24}},{"start":{"line":133,"column":14},"end":{"line":135,"column":37}}],"line":131},"13":{"loc":{"start":{"line":133,"column":14},"end":{"line":135,"column":37}},"type":"cond-expr","locations":[{"start":{"line":134,"column":16},"end":{"line":134,"column":35}},{"start":{"line":135,"column":16},"end":{"line":135,"column":37}}],"line":133}},"s":{"0":0,"1":0,"2":0,"3":0,"4":0,"5":0,"6":0,"7":0,"8":0,"9":0,"10":0,"11":0,"12":0,"13":0,"14":0,"15":0,"16":0,"17":0,"18":0,"19":0,"20":0,"21":0,"22":0,"23":0,"24":0,"25":0,"26":0,"27":0,"28":0,"29":0,"30":0,"31":0,"32":0,"33":0,"34":0,"35":0,"36":0,"37":0,"38":0,"39":0},"f":{"0":0,"1":0,"2":0,"3":0,"4":0,"5":0,"6":0,"7":0,"8":0},"b":{"0":[0,0],"1":[0,0],"2":[0,0],"3":[0,0],"4":[0,0],"5":[0,0],"6":[0,0],"7":[0,0],"8":[0,0],"9":[0,0],"10":[0,0],"11":[0,0],"12":[0,0],"13":[0,0]}}
,"/workspace/project/ApexHypertrophyCursorTest/components/workout/RestTimer.tsx": {"path":"/workspace/project/ApexHypertrophyCursorTest/components/workout/RestTimer.tsx","statementMap":{"0":{"start":{"line":18,"column":18},"end":{"line":24,"column":1}},"1":{"start":{"line":26,"column":18},"end":{"line":26,"column":20}},"2":{"start":{"line":27,"column":20},"end":{"line":27,"column":23}},"3":{"start":{"line":30,"column":12},"end":{"line":30,"column":36}},"4":{"start":{"line":31,"column":12},"end":{"line":31,"column":24}},"5":{"start":{"line":32,"column":2},"end":{"line":32,"column":49}},"6":{"start":{"line":41,"column":16},"end":{"line":41,"column":31}},"7":{"start":{"line":42,"column":83},"end":{"line":42,"column":88}},"8":{"start":{"line":44,"column":22},"end":{"line":44,"column":73}},"9":{"start":{"line":45,"column":19},"end":{"line":45,"column":36}},"10":{"start":{"line":46,"column":21},"end":{"line":46,"column":38}},"11":{"start":{"line":48,"column":2},"end":{"line":57,"column":34}},"12":{"start":{"line":49,"column":4},"end":{"line":53,"column":5}},"13":{"start":{"line":50,"column":6},"end":{"line":50,"column":66}},"14":{"start":{"line":50,"column":46},"end":{"line":50,"column":58}},"15":{"start":{"line":51,"column":11},"end":{"line":53,"column":5}},"16":{"start":{"line":52,"column":6},"end":{"line":52,"column":41}},"17":{"start":{"line":54,"column":4},"end":{"line":56,"column":6}},"18":{"start":{"line":55,"column":6},"end":{"line":55,"column":66}},"19":{"start":{"line":55,"column":31},"end":{"line":55,"column":66}},"20":{"start":{"line":59,"column":2},"end":{"line":66,"column":49}},"21":{"start":{"line":60,"column":4},"end":{"line":65,"column":5}},"22":{"start":{"line":61,"column":6},"end":{"line":64,"column":9}},"23":{"start":{"line":68,"column":2},"end":{"line":70,"column":28}},"24":{"start":{"line":69,"column":4},"end":{"line":69,"column":84}},"25":{"start":{"line":72,"column":2},"end":{"line":76,"column":70}},"26":{"start":{"line":73,"column":4},"end":{"line":75,"column":5}},"27":{"start":{"line":74,"column":6},"end":{"line":74,"column":19}},"28":{"start":{"line":78,"column":27},"end":{"line":80,"column":5}},"29":{"start":{"line":78,"column":51},"end":{"line":80,"column":3}},"30":{"start":{"line":82,"column":29},"end":{"line":89,"column":4}},"31":{"start":{"line":83,"column":18},"end":{"line":87,"column":5}},"32":{"start":{"line":88,"column":4},"end":{"line":88,"column":38}},"33":{"start":{"line":91,"column":25},"end":{"line":94,"column":5}},"34":{"start":{"line":91,"column":49},"end":{"line":94,"column":3}},"35":{"start":{"line":96,"column":17},"end":{"line":96,"column":46}},"36":{"start":{"line":97,"column":24},"end":{"line":97,"column":44}},"37":{"start":{"line":98,"column":23},"end":{"line":98,"column":77}},"38":{"start":{"line":99,"column":21},"end":{"line":99,"column":55}},"39":{"start":{"line":101,"column":2},"end":{"line":101,"column":28}},"40":{"start":{"line":101,"column":16},"end":{"line":101,"column":28}},"41":{"start":{"line":103,"column":2},"end":{"line":202,"column":4}},"42":{"start":{"line":141,"column":16},"end":{"line":141,"column":36}},"43":{"start":{"line":142,"column":16},"end":{"line":143,"column":35}},"44":{"start":{"line":142,"column":30},"end":{"line":142,"column":45}},"45":{"start":{"line":143,"column":21},"end":{"line":143,"column":35}},"46":{"start":{"line":163,"column":12},"end":{"line":163,"column":25}},"47":{"start":{"line":164,"column":12},"end":{"line":164,"column":25}},"48":{"start":{"line":177,"column":25},"end":{"line":177,"column":53}},"49":{"start":{"line":178,"column":10},"end":{"line":186,"column":12}},"50":{"start":{"line":181,"column":29},"end":{"line":181,"column":55}},"51":{"start":{"line":193,"column":12},"end":{"line":193,"column":28}},"52":{"start":{"line":194,"column":12},"end":{"line":194,"column":29}},"53":{"start":{"line":205,"column":10},"end":{"line":333,"column":2}}},"fnMap":{"0":{"name":"formatTimer","decl":{"start":{"line":29,"column":9},"end":{"line":29,"column":20}},"loc":{"start":{"line":29,"column":46},"end":{"line":33,"column":1}},"line":29},"1":{"name":"RestTimer","decl":{"start":{"line":40,"column":16},"end":{"line":40,"column":25}},"loc":{"start":{"line":40,"column":67},"end":{"line":203,"column":1}},"line":40},"2":{"name":"(anonymous_2)","decl":{"start":{"line":48,"column":12},"end":{"line":48,"column":13}},"loc":{"start":{"line":48,"column":18},"end":{"line":57,"column":3}},"line":48},"3":{"name":"(anonymous_3)","decl":{"start":{"line":50,"column":40},"end":{"line":50,"column":41}},"loc":{"start":{"line":50,"column":46},"end":{"line":50,"column":58}},"line":50},"4":{"name":"(anonymous_4)","decl":{"start":{"line":54,"column":11},"end":{"line":54,"column":12}},"loc":{"start":{"line":54,"column":17},"end":{"line":56,"column":5}},"line":54},"5":{"name":"(anonymous_5)","decl":{"start":{"line":59,"column":12},"end":{"line":59,"column":13}},"loc":{"start":{"line":59,"column":18},"end":{"line":66,"column":3}},"line":59},"6":{"name":"(anonymous_6)","decl":{"start":{"line":68,"column":12},"end":{"line":68,"column":13}},"loc":{"start":{"line":68,"column":18},"end":{"line":70,"column":3}},"line":68},"7":{"name":"(anonymous_7)","decl":{"start":{"line":72,"column":12},"end":{"line":72,"column":13}},"loc":{"start":{"line":72,"column":18},"end":{"line":76,"column":3}},"line":72},"8":{"name":"(anonymous_8)","decl":{"start":{"line":78,"column":44},"end":{"line":78,"column":45}},"loc":{"start":{"line":78,"column":51},"end":{"line":80,"column":3}},"line":78},"9":{"name":"(anonymous_9)","decl":{"start":{"line":82,"column":46},"end":{"line":82,"column":47}},"loc":{"start":{"line":82,"column":52},"end":{"line":89,"column":3}},"line":82},"10":{"name":"(anonymous_10)","decl":{"start":{"line":91,"column":42},"end":{"line":91,"column":43}},"loc":{"start":{"line":91,"column":49},"end":{"line":94,"column":3}},"line":91},"11":{"name":"(anonymous_11)","decl":{"start":{"line":140,"column":23},"end":{"line":140,"column":24}},"loc":{"start":{"line":140,"column":29},"end":{"line":144,"column":15}},"line":140},"12":{"name":"(anonymous_12)","decl":{"start":{"line":162,"column":19},"end":{"line":162,"column":20}},"loc":{"start":{"line":162,"column":25},"end":{"line":165,"column":11}},"line":162},"13":{"name":"(anonymous_13)","decl":{"start":{"line":176,"column":23},"end":{"line":176,"column":24}},"loc":{"start":{"line":176,"column":30},"end":{"line":187,"column":9}},"line":176},"14":{"name":"(anonymous_14)","decl":{"start":{"line":181,"column":23},"end":{"line":181,"column":24}},"loc":{"start":{"line":181,"column":29},"end":{"line":181,"column":55}},"line":181},"15":{"name":"(anonymous_15)","decl":{"start":{"line":192,"column":19},"end":{"line":192,"column":20}},"loc":{"start":{"line":192,"column":25},"end":{"line":195,"column":11}},"line":192}},"branchMap":{"0":{"loc":{"start":{"line":49,"column":4},"end":{"line":53,"column":5}},"type":"if","locations":[{"start":{"line":49,"column":4},"end":{"line":53,"column":5}},{"start":{"line":51,"column":11},"end":{"line":53,"column":5}}],"line":49},"1":{"loc":{"start":{"line":49,"column":8},"end":{"line":49,"column":29}},"type":"binary-expr","locations":[{"start":{"line":49,"column":8},"end":{"line":49,"column":16}},{"start":{"line":49,"column":20},"end":{"line":49,"column":29}}],"line":49},"2":{"loc":{"start":{"line":51,"column":11},"end":{"line":53,"column":5}},"type":"if","locations":[{"start":{"line":51,"column":11},"end":{"line":53,"column":5}},{"start":{},"end":{}}],"line":51},"3":{"loc":{"start":{"line":55,"column":6},"end":{"line":55,"column":66}},"type":"if","locations":[{"start":{"line":55,"column":6},"end":{"line":55,"column":66}},{"start":{},"end":{}}],"line":55},"4":{"loc":{"start":{"line":60,"column":4},"end":{"line":65,"column":5}},"type":"if","locations":[{"start":{"line":60,"column":4},"end":{"line":65,"column":5}},{"start":{},"end":{}}],"line":60},"5":{"loc":{"start":{"line":69,"column":34},"end":{"line":69,"column":49}},"type":"cond-expr","locations":[{"start":{"line":69,"column":44},"end":{"line":69,"column":45}},{"start":{"line":69,"column":48},"end":{"line":69,"column":49}}],"line":69},"6":{"loc":{"start":{"line":73,"column":4},"end":{"line":75,"column":5}},"type":"if","locations":[{"start":{"line":73,"column":4},"end":{"line":75,"column":5}},{"start":{},"end":{}}],"line":73},"7":{"loc":{"start":{"line":73,"column":8},"end":{"line":73,"column":74}},"type":"binary-expr","locations":[{"start":{"line":73,"column":8},"end":{"line":73,"column":17}},{"start":{"line":73,"column":21},"end":{"line":73,"column":28}},{"start":{"line":73,"column":32},"end":{"line":73,"column":54}},{"start":{"line":73,"column":58},"end":{"line":73,"column":74}}],"line":73},"8":{"loc":{"start":{"line":98,"column":23},"end":{"line":98,"column":77}},"type":"cond-expr","locations":[{"start":{"line":98,"column":42},"end":{"line":98,"column":73}},{"start":{"line":98,"column":76},"end":{"line":98,"column":77}}],"line":98},"9":{"loc":{"start":{"line":101,"column":2},"end":{"line":101,"column":28}},"type":"if","locations":[{"start":{"line":101,"column":2},"end":{"line":101,"column":28}},{"start":{},"end":{}}],"line":101},"10":{"loc":{"start":{"line":142,"column":16},"end":{"line":143,"column":35}},"type":"if","locations":[{"start":{"line":142,"column":16},"end":{"line":143,"column":35}},{"start":{"line":143,"column":21},"end":{"line":143,"column":35}}],"line":142},"11":{"loc":{"start":{"line":147,"column":22},"end":{"line":147,"column":49}},"type":"cond-expr","locations":[{"start":{"line":147,"column":33},"end":{"line":147,"column":39}},{"start":{"line":147,"column":42},"end":{"line":147,"column":49}}],"line":147},"12":{"loc":{"start":{"line":182,"column":33},"end":{"line":182,"column":58}},"type":"binary-expr","locations":[{"start":{"line":182,"column":33},"end":{"line":182,"column":39}},{"start":{"line":182,"column":43},"end":{"line":182,"column":58}}],"line":182},"13":{"loc":{"start":{"line":184,"column":43},"end":{"line":184,"column":72}},"type":"binary-expr","locations":[{"start":{"line":184,"column":43},"end":{"line":184,"column":49}},{"start":{"line":184,"column":53},"end":{"line":184,"column":72}}],"line":184}},"s":{"0":0,"1":0,"2":0,"3":0,"4":0,"5":0,"6":0,"7":0,"8":0,"9":0,"10":0,"11":0,"12":0,"13":0,"14":0,"15":0,"16":0,"17":0,"18":0,"19":0,"20":0,"21":0,"22":0,"23":0,"24":0,"25":0,"26":0,"27":0,"28":0,"29":0,"30":0,"31":0,"32":0,"33":0,"34":0,"35":0,"36":0,"37":0,"38":0,"39":0,"40":0,"41":0,"42":0,"43":0,"44":0,"45":0,"46":0,"47":0,"48":0,"49":0,"50":0,"51":0,"52":0,"53":0},"f":{"0":0,"1":0,"2":0,"3":0,"4":0,"5":0,"6":0,"7":0,"8":0,"9":0,"10":0,"11":0,"12":0,"13":0,"14":0,"15":0},"b":{"0":[0,0],"1":[0,0],"2":[0,0],"3":[0,0],"4":[0,0],"5":[0,0],"6":[0,0],"7":[0,0,0,0],"8":[0,0],"9":[0,0],"10":[0,0],"11":[0,0],"12":[0,0],"13":[0,0]}}
[...]
":{"line":301,"column":71}},"106":{"start":{"line":302,"column":32},"end":{"line":315,"column":7}},"107":{"start":{"line":316,"column":22},"end":{"line":316,"column":34}},"108":{"start":{"line":317,"column":6},"end":{"line":317,"column":59}},"109":{"start":{"line":318,"column":6},"end":{"line":318,"column":24}},"110":{"start":{"line":319,"column":6},"end":{"line":319,"column":36}},"111":{"start":{"line":320,"column":6},"end":{"line":320,"column":27}},"112":{"start":{"line":324,"column":4},"end":{"line":349,"column":6}},"113":{"start":{"line":325,"column":24},"end":{"line":325,"column":40}},"114":{"start":{"line":326,"column":17},"end":{"line":326,"column":48}},"115":{"start":{"line":327,"column":20},"end":{"line":327,"column":36}},"116":{"start":{"line":328,"column":38},"end":{"line":341,"column":9}},"117":{"start":{"line":328,"column":61},"end":{"line":341,"column":7}},"118":{"start":{"line":342,"column":27},"end":{"line":345,"column":9}},"119":{"start":{"line":342,"column":51},"end":{"line":345,"column":7}},"120":{"start":{"line":346,"column":6},"end":{"line":346,"column":49}},"121":{"start":{"line":347,"column":6},"end":{"line":347,"column":36}},"122":{"start":{"line":348,"column":6},"end":{"line":348,"column":27}},"123":{"start":{"line":352,"column":4},"end":{"line":359,"column":6}},"124":{"start":{"line":353,"column":24},"end":{"line":353,"column":40}},"125":{"start":{"line":354,"column":6},"end":{"line":357,"column":8}},"126":{"start":{"line":358,"column":6},"end":{"line":358,"column":27}},"127":{"start":{"line":362,"column":26},"end":{"line":362,"column":31}},"128":{"start":{"line":363,"column":4},"end":{"line":365,"column":5}},"129":{"start":{"line":364,"column":6},"end":{"line":364,"column":75}},"130":{"start":{"line":369,"column":4},"end":{"line":377,"column":6}}},"fnMap":{"0":{"name":"(anonymous_0)","decl":{"start":{"line":95,"column":17},"end":{"line":95,"column":18}},"loc":{"start":{"line":95,"column":23},"end":{"line":95,"column":44}},"line":95},"1":{"name":"buildSetsForExercise","decl":{"start":{"line":97,"column":16},"end":{"line":97,"column":36}},"loc":{"start":{"line":101,"column":15},"end":{"line":119,"column":1}},"line":101},"2":{"name":"(anonymous_2)","decl":{"start":{"line":102,"column":41},"end":{"line":102,"column":42}},"loc":{"start":{"line":102,"column":51},"end":{"line":118,"column":3}},"line":102},"3":{"name":"buildSummary","decl":{"start":{"line":121,"column":9},"end":{"line":121,"column":21}},"loc":{"start":{"line":125,"column":23},"end":{"line":192,"column":1}},"line":125},"4":{"name":"(anonymous_4)","decl":{"start":{"line":126,"column":67},"end":{"line":126,"column":68}},"loc":{"start":{"line":126,"column":75},"end":{"line":145,"column":3}},"line":126},"5":{"name":"(anonymous_5)","decl":{"start":{"line":127,"column":37},"end":{"line":127,"column":38}},"loc":{"start":{"line":127,"column":44},"end":{"line":127,"column":57}},"line":127},"6":{"name":"(anonymous_6)","decl":{"start":{"line":128,"column":36},"end":{"line":128,"column":37}},"loc":{"start":{"line":128,"column":43},"end":{"line":128,"column":48}},"line":128},"7":{"name":"(anonymous_7)","decl":{"start":{"line":128,"column":57},"end":{"line":128,"column":58}},"loc":{"start":{"line":128,"column":77},"end":{"line":128,"column":87}},"line":128},"8":{"name":"(anonymous_8)","decl":{"start":{"line":129,"column":41},"end":{"line":129,"column":42}},"loc":{"start":{"line":129,"column":53},"end":{"line":129,"column":76}},"line":129},"9":{"name":"(anonymous_9)","decl":{"start":{"line":130,"column":71},"end":{"line":130,"column":72}},"loc":{"start":{"line":130,"column":78},"end":{"line":130,"column":86}},"line":130},"10":{"name":"(anonymous_10)","decl":{"start":{"line":131,"column":69},"end":{"line":131,"column":70}},"loc":{"start":{"line":131,"column":76},"end":{"line":131,"column":82}},"line":131},"11":{"name":"(anonymous_11)","decl":{"start":{"line":142,"column":54},"end":{"line":142,"column":55}},"loc":{"start":{"line":142,"column":64},"end":{"line":142,"column":69}},"line":142},"12":{"name":"(anonymous_12)","decl":{"start":{"line":147,"column":47},"end":{"line":147,"column":48}},"loc":{"start":{"line":147,"column":55},"end":{"line":147,"column":91}},"line":147},"13":{"name":"(anonymous_13)","decl":{"start":{"line":147,"column":70},"end":{"line":147,"column":71}},"loc":{"start":{"line":147,"column":77},"end":{"line":147,"column":90}},"line":147},"14":{"name":"(anonymous_14)","decl":{"start":{"line":148,"column":34},"end":{"line":148,"column":35}},"loc":{"start":{"line":148,"column":41},"end":{"line":148,"column":46}},"line":148},"15":{"name":"(anonymous_15)","decl":{"start":{"line":148,"column":55},"end":{"line":148,"column":56}},"loc":{"start":{"line":148,"column":75},"end":{"line":148,"column":85}},"line":148},"16":{"name":"(anonymous_16)","decl":{"start":{"line":149,"column":42},"end":{"line":149,"column":43}},"loc":{"start":{"line":149,"column":54},"end":{"line":149,"column":77}},"line":149},"17":{"name":"(anonymous_17)","decl":{"start":{"line":153,"column":37},"end":{"line":153,"column":38}},"loc":{"start":{"line":153,"column":44},"end":{"line":153,"column":57}},"line":153},"18":{"name":"(anonymous_18)","decl":{"start":{"line":156,"column":48},"end":{"line":156,"column":49}},"loc":{"start":{"line":156,"column":55},"end":{"line":156,"column":63}},"line":156},"19":{"name":"(anonymous_19)","decl":{"start":{"line":157,"column":40},"end":{"line":157,"column":41}},"loc":{"start":{"line":157,"column":47},"end":{"line":157,"column":69}},"line":157},"20":{"name":"(anonymous_20)","decl":{"start":{"line":168,"column":48},"end":{"line":168,"column":49}},"loc":{"start":{"line":168,"column":55},"end":{"line":168,"column":72}},"line":168},"21":{"name":"(anonymous_21)","decl":{"start":{"line":169,"column":40},"end":{"line":169,"column":41}},"loc":{"start":{"line":169,"column":47},"end":{"line":169,"column":78}},"line":169},"22":{"name":"(anonymous_22)","decl":{"start":{"line":186,"column":45},"end":{"line":186,"column":46}},"loc":{"start":{"line":186,"column":58},"end":{"line":186,"column":78}},"line":186},"23":{"name":"(anonymous_23)","decl":{"start":{"line":187,"column":50},"end":{"line":187,"column":51}},"loc":{"start":{"line":187,"column":60},"end":{"line":187,"column":65}},"line":187},"24":{"name":"(anonymous_24)","decl":{"start":{"line":194,"column":52},"end":{"line":194,"column":53}},"loc":{"start":{"line":194,"column":67},"end":{"line":378,"column":1}},"line":194},"25":{"name":"(anonymous_25)","decl":{"start":{"line":203,"column":16},"end":{"line":203,"column":17}},"loc":{"start":{"line":204,"column":4},"end":{"line":212,"column":6}},"line":204},"26":{"name":"(anonymous_26)","decl":{"start":{"line":214,"column":14},"end":{"line":214,"column":15}},"loc":{"start":{"line":214,"column":20},"end":{"line":218,"column":3}},"line":214},"27":{"name":"(anonymous_27)","decl":{"start":{"line":220,"column":22},"end":{"line":220,"column":23}},"loc":{"start":{"line":220,"column":33},"end":{"line":220,"column":69}},"line":220},"28":{"name":"(anonymous_28)","decl":{"start":{"line":221,"column":16},"end":{"line":221,"column":17}},"loc":{"start":{"line":221,"column":22},"end":{"line":226,"column":3}},"line":221},"29":{"name":"(anonymous_29)","decl":{"start":{"line":227,"column":16},"end":{"line":227,"column":17}},"loc":{"start":{"line":227,"column":22},"end":{"line":232,"column":3}},"line":227},"30":{"name":"(anonymous_30)","decl":{"start":{"line":234,"column":13},"end":{"line":234,"column":14}},"loc":{"start":{"line":235,"column":4},"end":{"line":241,"column":6}},"line":235},"31":{"name":"(anonymous_31)","decl":{"start":{"line":235,"column":8},"end":{"line":235,"column":9}},"loc":{"start":{"line":235,"column":15},"end":{"line":241,"column":5}},"line":235},"32":{"name":"(anonymous_32)","decl":{"start":{"line":238,"column":28},"end":{"line":238,"column":29}},"loc":{"start":{"line":238,"column":37},"end":{"line":238,"column":81}},"line":238},"33":{"name":"(anonymous_33)","decl":{"start":{"line":243,"column":15},"end":{"line":243,"column":16}},"loc":{"start":{"line":244,"column":4},"end":{"line":250,"column":6}},"line":244},"34":{"name":"(anonymous_34)","decl":{"start":{"line":244,"column":8},"end":{"line":244,"column":9}},"loc":{"start":{"line":244,"column":15},"end":{"line":250,"column":5}},"line":244},"35":{"name":"(anonymous_35)","decl":{"start":{"line":247,"column":28},"end":{"line":247,"column":29}},"loc":{"start":{"line":247,"column":37},"end":{"line":247,"column":88}},"line":247},"36":{"name":"(anonymous_36)","decl":{"start":{"line":252,"column":10},"end":{"line":252,"column":11}},"loc":{"start":{"line":253,"column":4},"end":{"line":276,"column":6}},"line":253},"37":{"name":"(anonymous_37)","decl":{"start":{"line":253,"column":8},"end":{"line":253,"column":9}},"loc":{"start":{"line":253,"column":15},"end":{"line":276,"column":5}},"line":253},"38":{"name":"(anonymous_38)","decl":{"start":{"line":256,"column":37},"end":{"line":256,"column":38}},"loc":{"start":{"line":256,"column":45},"end":{"line":256,"column":60}},"line":256},"39":{"name":"(anonymous_39)","decl":{"start":{"line":261,"column":36},"end":{"line":261,"column":37}},"loc":{"start":{"line":261,"column":44},"end":{"line":261,"column":59}},"line":261},"40":{"name":"(anonymous_40)","decl":{"start":{"line":278,"column":13},"end":{"line":278,"column":14}},"loc":{"start":{"line":279,"column":4},"end":{"line":285,"column":6}},"line":279},"41":{"name":"(anonymous_41)","decl":{"start":{"line":279,"column":8},"end":{"line":279,"column":9}},"loc":{"start":{"line":279,"column":15},"end":{"line":285,"column":5}},"line":279},"42":{"name":"(anonymous_42)","decl":{"start":{"line":282,"column":31},"end":{"line":282,"column":32}},"loc":{"start":{"line":282,"column":39},"end":{"line":282,"column":82}},"line":282},"43":{"name":"(anonymous_43)","decl":{"start":{"line":287,"column":17},"end":{"line":287,"column":18}},"loc":{"start":{"line":288,"column":4},"end":{"line":294,"column":6}},"line":288},"44":{"name":"(anonymous_44)","decl":{"start":{"line":288,"column":8},"end":{"line":288,"column":9}},"loc":{"start":{"line":288,"column":15},"end":{"line":294,"column":5}},"line":288},"45":{"name":"(anonymous_45)","decl":{"start":{"line":291,"column":28},"end":{"line":291,"column":29}},"loc":{"start":{"line":291,"column":37},"end":{"line":291,"column":87}},"line":291},"46":{"name":"(anonymous_46)","decl":{"start":{"line":296,"column":14},"end":{"line":296,"column":15}},"loc":{"start":{"line":297,"column":4},"end":{"line":321,"column":6}},"line":297},"47":{"name":"(anonymous_47)","decl":{"start":{"line":297,"column":8},"end":{"line":297,"column":9}},"loc":{"start":{"line":297,"column":15},"end":{"line":321,"column":5}},"line":297},"48":{"name":"(anonymous_48)","decl":{"start":{"line":300,"column":39},"end":{"line":300,"column":40}},"loc":{"start":{"line":300,"column":47},"end":{"line":300,"column":77}},"line":300},"49":{"name":"(anonymous_49)","decl":{"start":{"line":301,"column":42},"end":{"line":301,"column":43}},"loc":{"start":{"line":301,"column":50},"end":{"line":301,"column":71}},"line":301},"50":{"name":"(anonymous_50)","decl":{"start":{"line":323,"column":17},"end":{"line":323,"column":18}},"loc":{"start":{"line":324,"column":4},"end":{"line":349,"column":6}},"line":324},"51":{"name":"(anonymous_51)","decl":{"start":{"line":324,"column":8},"end":{"line":324,"column":9}},"loc":{"start":{"line":324,"column":15},"end":{"line":349,"column":5}},"line":324},"52":{"name":"(anonymous_52)","decl":{"start":{"line":328,"column":48},"end":{"line":328,"column":49}},"loc":{"start":{"line":328,"column":61},"end":{"line":341,"column":7}},"line":328},"53":{"name":"(anonymous_53)","decl":{"start":{"line":342,"column":39},"end":{"line":342,"column":40}},"loc":{"start":{"line":342,"column":51},"end":{"line":345,"column":7}},"line":342},"54":{"name":"(anonymous_54)","decl":{"start":{"line":351,"column":16},"end":{"line":351,"column":17}},"loc":{"start":{"line":352,"column":4},"end":{"line":359,"column":6}},"line":352},"55":{"name":"(anonymous_55)","decl":{"start":{"line":352,"column":8},"end":{"line":352,"column":9}},"loc":{"start":{"line":352,"column":15},"end":{"line":359,"column":5}},"line":352},"56":{"name":"(anonymous_56)","decl":{"start":{"line":361,"column":8},"end":{"line":361,"column":9}},"loc":{"start":{"line":361,"column":14},"end":{"line":366,"column":3}},"line":361},"57":{"name":"(anonymous_57)","decl":{"start":{"line":368,"column":9},"end":{"line":368,"column":10}},"loc":{"start":{"line":369,"column":4},"end":{"line":377,"column":6}},"line":369}},"branchMap":{"0":{"loc":{"start":{"line":108,"column":14},"end":{"line":108,"column":32}},"type":"binary-expr","locations":[{"start":{"line":108,"column":14},"end":{"line":108,"column":27}},{"start":{"line":108,"column":31},"end":{"line":108,"column":32}}],"line":108},"1":{"loc":{"start":{"line":109,"column":12},"end":{"line":109,"column":31}},"type":"binary-expr","locations":[{"start":{"line":109,"column":12},"end":{"line":109,"column":23}},{"start":{"line":109,"column":27},"end":{"line":109,"column":31}}],"line":109},"2":{"loc":{"start":{"line":115,"column":19},"end":{"line":115,"column":40}},"type":"binary-expr","locations":[{"start":{"line":115,"column":19},"end":{"line":115,"column":32}},{"start":{"line":115,"column":36},"end":{"line":115,"column":40}}],"line":115},"3":{"loc":{"start":{"line":116,"column":17},"end":{"line":116,"column":36}},"type":"binary-expr","locations":[{"start":{"line":116,"column":17},"end":{"line":116,"column":28}},{"start":{"line":116,"column":32},"end":{"line":116,"column":36}}],"line":116},"4":{"loc":{"start":{"line":130,"column":22},"end":{"line":130,"column":92}},"type":"cond-expr","locations":[{"start":{"line":130,"column":45},"end":{"line":130,"column":88}},{"start":{"line":130,"column":91},"end":{"line":130,"column":92}}],"line":130},"5":{"loc":{"start":{"line":131,"column":20},"end":{"line":131,"column":88}},"type":"cond-expr","locations":[{"start":{"line":131,"column":43},"end":{"line":131,"column":84}},{"start":{"line":131,"column":87},"end":{"line":131,"column":88}}],"line":131},"6":{"loc":{"start":{"line":142,"column":14},"end":{"line":142,"column":99}},"type":"cond-expr","locations":[{"start":{"line":142,"column":37},"end":{"line":142,"column":92}},{"start":{"line":142,"column":95},"end":{"line":142,"column":99}}],"line":142},"7":{"loc":{"start":{"line":154,"column":4},"end":{"line":154,"column":41}},"type":"if","locations":[{"start":{"line":154,"column":4},"end":{"line":154,"column":41}},{"start":{},"end":{}}],"line":154},"8":{"loc":{"start":{"line":158,"column":4},"end":{"line":166,"column":5}},"type":"if","locations":[{"start":{"line":158,"column":4},"end":{"line":166,"column":5}},{"start":{},"end":{}}],"line":158},"9":{"loc":{"start":{"line":158,"column":8},"end":{"line":158,"column":37}},"type":"binary-expr","locations":[{"start":{"line":158,"column":8},"end":{"line":158,"column":20}},{"start":{"line":158,"column":24},"end":{"line":158,"column":37}}],"line":158},"10":{"loc":{"start":{"line":170,"column":4},"end":{"line":178,"column":5}},"type":"if","locations":[{"start":{"line":170,"column":4},"end":{"line":178,"column":5}},{"start":{},"end":{}}],"line":170},"11":{"loc":{"start":{"line":170,"column":8},"end":{"line":170,"column":37}},"type":"binary-expr","locations":[{"start":{"line":170,"column":8},"end":{"line":170,"column":20}},{"start":{"line":170,"column":24},"end":{"line":170,"column":37}}],"line":170},"12":{"loc":{"start":{"line":187,"column":16},"end":{"line":187,"column":92}},"type":"cond-expr","locations":[{"start":{"line":187,"column":36},"end":{"line":187,"column":85}},{"start":{"line":187,"column":88},"end":{"line":187,"column":92}}],"line":187},"13":{"loc":{"start":{"line":223,"column":4},"end":{"line":225,"column":5}},"type":"if","locations":[{"start":{"line":223,"column":4},"end":{"line":225,"column":5}},{"start":{},"end":{}}],"line":223},"14":{"loc":{"start":{"line":229,"column":4},"end":{"line":231,"column":5}},"type":"if","locations":[{"start":{"line":229,"column":4},"end":{"line":231,"column":5}},{"start":{},"end":{}}],"line":229},"15":{"loc":{"start":{"line":238,"column":37},"end":{"line":238,"column":81}},"type":"cond-expr","locations":[{"start":{"line":238,"column":55},"end":{"line":238,"column":76}},{"start":{"line":238,"column":79},"end":{"line":238,"column":81}}],"line":238},"16":{"loc":{"start":{"line":247,"column":37},"end":{"line":247,"column":88}},"type":"cond-expr","locations":[{"start":{"line":247,"column":55},"end":{"line":247,"column":83}},{"start":{"line":247,"column":86},"end":{"line":247,"column":88}}],"line":247},"17":{"loc":{"start":{"line":262,"column":19},"end":{"line":262,"column":48}},"type":"binary-expr","locations":[{"start":{"line":262,"column":19},"end":{"line":262,"column":35}},{"start":{"line":262,"column":39},"end":{"line":262,"column":48}}],"line":262},"18":{"loc":{"start":{"line":264,"column":16},"end":{"line":264,"column":34}},"type":"binary-expr","locations":[{"start":{"line":264,"column":16},"end":{"line":264,"column":29}},{"start":{"line":264,"column":33},"end":{"line":264,"column":34}}],"line":264},"19":{"loc":{"start":{"line":282,"column":39},"end":{"line":282,"column":82}},"type":"binary-expr","locations":[{"start":{"line":282,"column":39},"end":{"line":282,"column":54}},{"start":{"line":282,"column":58},"end":{"line":282,"column":82}}],"line":282},"20":{"loc":{"start":{"line":291,"column":37},"end":{"line":291,"column":87}},"type":"cond-expr","locations":[{"start":{"line":291,"column":55},"end":{"line":291,"column":82}},{"start":{"line":291,"column":85},"end":{"line":291,"column":87}}],"line":291},"21":{"loc":{"start":{"line":333,"column":14},"end":{"line":333,"column":51}},"type":"cond-expr","locations":[{"start":{"line":333,"column":27},"end":{"line":333,"column":29}},{"start":{"line":333,"column":32},"end":{"line":333,"column":51}}],"line":333},"22":{"loc":{"start":{"line":333,"column":32},"end":{"line":333,"column":51}},"type":"cond-expr","locations":[{"start":{"line":333,"column":46},"end":{"line":333,"column":47}},{"start":{"line":333,"column":50},"end":{"line":333,"column":51}}],"line":333},"23":{"loc":{"start":{"line":363,"column":4},"end":{"line":365,"column":5}},"type":"if","locations":[{"start":{"line":363,"column":4},"end":{"line":365,"column":5}},{"start":{},"end":{}}],"line":363}},"s":{"0":0,"1":0,"2":0,"3":0,"4":0,"5":0,"6":0,"7":0,"8":0,"9":0,"10":0,"11":0,"12":0,"13":0,"14":0,"15":0,"16":0,"17":0,"18":0,"19":0,"20":0,"21":0,"22":0,"23":0,"24":0,"25":0,"26":0,"27":0,"28":0,"29":0,"30":0,"31":0,"32":0,"33":0,"34":0,"35":0,"36":0,"37":0,"38":0,"39":0,"40":0,"41":0,"42":0,"43":0,"44":0,"45":0,"46":0,"47":0,"48":0,"49":0,"50":0,"51":0,"52":0,"53":0,"54":0,"55":0,"56":0,"57":0,"58":0,"59":0,"60":0,"61":0,"62":0,"63":0,"64":0,"65":0,"66":0,"67":0,"68":0,"69":0,"70":0,"71":0,"72":0,"73":0,"74":0,"75":0,"76":0,"77":0,"78":0,"79":0,"80":0,"81":0,"82":0,"83":0,"84":0,"85":0,"86":0,"87":0,"88":0,"89":0,"90":0,"91":0,"92":0,"93":0,"94":0,"95":0,"96":0,"97":0,"98":0,"99":0,"100":0,"101":0,"102":0,"103":0,"104":0,"105":0,"106":0,"107":0,"108":0,"109":0,"110":0,"111":0,"112":0,"113":0,"114":0,"115":0,"116":0,"117":0,"118":0,"119":0,"120":0,"121":0,"122":0,"123":0,"124":0,"125":0,"126":0,"127":0,"128":0,"129":0,"130":0},"f":{"0":0,"1":0,"2":0,"3":0,"4":0,"5":0,"6":0,"7":0,"8":0,"9":0,"10":0,"11":0,"12":0,"13":0,"14":0,"15":0,"16":0,"17":0,"18":0,"19":0,"20":0,"21":0,"22":0,"23":0,"24":0,"25":0,"26":0,"27":0,"28":0,"29":0,"30":0,"31":0,"32":0,"33":0,"34":0,"35":0,"36":0,"37":0,"38":0,"39":0,"40":0,"41":0,"42":0,"43":0,"44":0,"45":0,"46":0,"47":0,"48":0,"49":0,"50":0,"51":0,"52":0,"53":0,"54":0,"55":0,"56":0,"57":0},"b":{"0":[0,0],"1":[0,0],"2":[0,0],"3":[0,0],"4":[0,0],"5":[0,0],"6":[0,0],"7":[0,0],"8":[0,0],"9":[0,0],"10":[0,0],"11":[0,0],"12":[0,0],"13":[0,0],"14":[0,0],"15":[0,0],"16":[0,0],"17":[0,0],"18":[0,0],"19":[0,0],"20":[0,0],"21":[0,0],"22":[0,0],"23":[0,0]}}
}
