TN:
SF:components/home/ComingUpScroll.tsx
FN:18,ComingUpScroll
FN:25,(anonymous_1)
FNF:2
FNH:0
FNDA:0,ComingUpScroll
FNDA:0,(anonymous_1)
DA:19,0
DA:21,0
DA:26,0
DA:45,0
LF:4
LH:0
BRDA:19,0,0,0
BRDA:19,0,1,0
BRDA:31,1,0,0
BRDA:31,1,1,0
BRF:4
BRH:0
end_of_record
TN:
SF:components/home/HeroWorkoutCard.tsx
FN:21,HeroWorkoutCard
FNF:1
FNH:0
FNDA:0,HeroWorkoutCard
DA:22,0
DA:23,0
DA:41,0
DA:43,0
DA:71,0
LF:5
LH:0
BRDA:22,0,0,0
BRDA:22,0,1,0
BRDA:41,1,0,0
BRDA:41,1,1,0
BRF:4
BRH:0
end_of_record
TN:
SF:components/home/ReadinessSurvey.tsx
FN:58,ReadinessSurvey
FN:68,(anonymous_1)
FN:75,(anonymous_2)
FN:77,(anonymous_3)
FN:112,(anonymous_4)
FN:122,(anonymous_5)
FN:127,(anonymous_6)
FNF:7
FNH:0
FNDA:0,ReadinessSurvey
FNDA:0,(anonymous_1)
FNDA:0,(anonymous_2)
FNDA:0,(anonymous_3)
FNDA:0,(anonymous_4)
FNDA:0,(anonymous_5)
FNDA:0,(anonymous_6)
DA:21,0
DA:59,0
DA:60,0
DA:66,0
DA:68,0
DA:69,0
DA:70,0
DA:71,0
DA:72,0
DA:75,0
DA:76,0
DA:77,0
DA:80,0
DA:82,0
DA:87,0
DA:89,0
DA:113,0
DA:123,0
DA:124,0
DA:127,0
DA:165,0
LF:21
LH:0
BRDA:80,0,0,0
BRDA:80,0,1,0
BRDA:87,1,0,0
BRDA:87,1,1,0
BRDA:87,2,0,0
BRDA:87,2,1,0
BRDA:128,3,0,0
BRDA:128,3,1,0
BRF:8
BRH:0
end_of_record
TN:
SF:components/home/RecentWorkouts.tsx
FN:22,RecentWorkouts
FN:37,(anonymous_1)
FN:40,(anonymous_2)
FNF:3
FNH:0
FNDA:0,RecentWorkouts
FNDA:0,(anonymous_1)
FNDA:0,(anonymous_2)
DA:23,0
DA:24,0
DA:34,0
DA:38,0
DA:41,0
DA:42,0
DA:62,0
LF:7
LH:0
BRDA:23,0,0,0
BRDA:23,0,1,0
BRDA:45,1,0,0
BRDA:45,1,1,0
BRF:4
BRH:0
end_of_record
TN:
SF:components/home/StatsRow.tsx
FN:18,StatsRow
FN:22,(anonymous_1)
FN:30,(anonymous_2)
FNF:3
FNH:0
FNDA:0,StatsRow
FNDA:0,(anonymous_1)
FNDA:0,(anonymous_2)
DA:19,0
DA:23,0
DA:24,0
DA:25,0
DA:31,0
DA:32,0
DA:47,0
LF:7
LH:0
BRDA:24,0,0,0
BRDA:24,0,1,0
BRDA:28,1,0,0
BRDA:28,1,1,0
BRDA:29,2,0,0
BRDA:29,2,1,0
BRDA:38,3,0,0
BRDA:38,3,1,0
BRF:8
BRH:0
end_of_record
TN:
SF:components/home/WeeklyVolumeRings.tsx
FN:17,WeeklyVolumeRings
FN:23,(anonymous_1)
FNF:2
FNH:0
FNDA:0,WeeklyVolumeRings
FNDA:0,(anonymous_1)
DA:18,0
DA:24,0
DA:32,0
LF:3
LH:0
BRF:0
BRH:0
end_of_record
TN:
SF:components/home/index.ts
FNF:0
FNH:0
LF:0
LH:0
BRF:0
BRH:0
end_of_record
TN:
SF:components/program/ProgramCard.tsx
FN:25,ProgramCard
FN:32,(anonymous_1)
FN:33,(anonymous_2)
FN:59,(anonymous_3)
FN:74,(anonymous_4)
FN:84,(anonymous_5)
FN:94,(anonymous_6)
FNF:7
FNH:0
FNDA:0,ProgramCard
FNDA:0,(anonymous_1)
FNDA:0,(anonymous_2)
FNDA:0,(anonymous_3)
FNDA:0,(anonymous_4)
FNDA:0,(anonymous_5)
FNDA:0,(anonymous_6)
DA:18,0
DA:32,0
DA:33,0
DA:35,0
DA:60,0
DA:75,0
DA:76,0
DA:85,0
DA:86,0
DA:95,0
DA:96,0
DA:108,0
LF:12
LH:0
BRDA:36,0,0,0
BRDA:36,0,1,0
BRDA:39,1,0,0
BRDA:39,1,1,0
BRDA:42,2,0,0
BRDA:42,2,1,0
BRDA:55,3,0,0
BRDA:55,3,1,0
BRDA:60,4,0,0
BRDA:60,4,1,0
BRDA:61,5,0,0
BRDA:61,5,1,0
BRDA:70,6,0,0
BRDA:70,6,1,0
BRDA:70,6,2,0
BRF:15
BRH:0
end_of_record
TN:
SF:components/ui/AnimatedCounter.tsx
FN:11,AnimatedCounter
FNF:1
FNH:0
FNDA:0,AnimatedCounter
DA:12,0
DA:15,0
LF:2
LH:0
BRF:0
BRH:0
end_of_record
TN:
SF:components/ui/Badge.tsx
FN:33,Badge
FNF:1
FNH:0
FNDA:0,Badge
DA:23,0
DA:38,0
DA:39,0
DA:40,0
DA:41,0
DA:42,0
DA:43,0
DA:44,0
DA:45,0
DA:47,0
DA:48,0
DA:52,0
DA:62,0
DA:76,0
LF:14
LH:0
BRDA:33,0,0,0
BRDA:33,1,0,0
BRDA:38,2,0,0
BRDA:38,2,1,0
BRDA:38,3,0,0
BRDA:38,3,1,0
BRDA:41,4,0,0
BRDA:41,4,1,0
BRDA:42,5,0,0
BRDA:42,5,1,0
BRDA:52,6,0,0
BRDA:52,6,1,0
BRDA:68,7,0,0
BRDA:68,7,1,0
BRF:14
BRH:0
end_of_record
TN:
SF:components/ui/Button.tsx
FN:24,Button
FN:36,(anonymous_1)
FN:40,(anonymous_2)
FN:44,(anonymous_3)
FN:48,(anonymous_4)
FNF:5
FNH:0
FNDA:0,Button
FNDA:0,(anonymous_1)
FNDA:0,(anonymous_2)
FNDA:0,(anonymous_3)
FNDA:0,(anonymous_4)
DA:8,0
DA:34,0
DA:36,0
DA:40,0
DA:41,0
DA:44,0
DA:45,0
DA:48,0
DA:49,0
DA:50,0
DA:53,0
DA:54,0
DA:56,0
DA:90,0
DA:113,0
DA:128,0
LF:16
LH:0
BRDA:27,0,0,0
BRDA:28,1,0,0
BRDA:29,2,0,0
BRDA:30,3,0,0
BRDA:69,4,0,0
BRDA:69,4,1,0
BRDA:70,5,0,0
BRDA:70,5,1,0
BRDA:81,6,0,0
BRDA:81,6,1,0
BRF:10
BRH:0
end_of_record
TN:
SF:components/ui/Card.tsx
FN:15,Card
FNF:1
FNH:0
FNDA:0,Card
DA:16,0
DA:19,0
DA:39,0
LF:3
LH:0
BRDA:15,0,0,0
BRDA:15,1,0,0
BRF:2
BRH:0
end_of_record
TN:
SF:components/ui/Confetti.tsx
FN:41,Particle
FN:45,(anonymous_1)
FN:61,(anonymous_2)
FN:92,Confetti
FN:95,(anonymous_4)
FN:111,(anonymous_5)
FN:117,(anonymous_6)
FN:126,(anonymous_7)
FN:141,PRConfetti
FN:144,(anonymous_9)
FN:150,(anonymous_10)
FNF:11
FNH:0
FNDA:0,Particle
FNDA:0,(anonymous_1)
FNDA:0,(anonymous_2)
FNDA:0,Confetti
FNDA:0,(anonymous_4)
FNDA:0,(anonymous_5)
FNDA:0,(anonymous_6)
FNDA:0,(anonymous_7)
FNDA:0,PRConfetti
FNDA:0,(anonymous_9)
FNDA:0,(anonymous_10)
DA:13,0
DA:30,0
DA:42,0
DA:43,0
DA:45,0
DA:46,0
DA:47,0
DA:54,0
DA:56,0
DA:57,0
DA:61,0
DA:62,0
DA:63,0
DA:68,0
DA:70,0
DA:76,0
DA:93,0
DA:95,0
DA:96,0
DA:97,0
DA:98,0
DA:99,0
DA:108,0
DA:111,0
DA:112,0
DA:113,0
DA:117,0
DA:121,0
DA:123,0
DA:127,0
DA:142,0
DA:144,0
DA:145,0
DA:146,0
DA:150,0
DA:151,0
DA:152,0
DA:153,0
DA:157,0
DA:166,0
LF:40
LH:0
BRDA:46,0,0,0
BRDA:46,0,1,0
BRDA:84,1,0,0
BRDA:84,1,1,0
BRDA:92,2,0,0
BRDA:96,3,0,0
BRDA:96,3,1,0
BRDA:112,4,0,0
BRDA:112,4,1,0
BRDA:121,5,0,0
BRDA:121,5,1,0
BRDA:145,6,0,0
BRDA:145,6,1,0
BRDA:152,7,0,0
BRDA:152,7,1,0
BRDA:161,8,0,0
BRDA:161,8,1,0
BRF:17
BRH:0
end_of_record
TN:
SF:components/ui/ErrorBoundary.tsx
FN:17,(anonymous_0)
FN:22,(anonymous_1)
FN:26,(anonymous_2)
FN:30,(anonymous_3)
FNF:4
FNH:0
FNDA:0,(anonymous_0)
FNDA:0,(anonymous_1)
FNDA:0,(anonymous_2)
FNDA:0,(anonymous_3)
DA:18,0
DA:19,0
DA:23,0
DA:26,0
DA:27,0
DA:31,0
DA:32,0
DA:48,0
DA:52,0
LF:9
LH:0
BRDA:31,0,0,0
BRDA:31,0,1,0
BRDA:37,1,0,0
BRDA:37,1,1,0
BRDA:39,2,0,0
BRDA:39,2,1,0
BRF:6
BRH:0
end_of_record
TN:
SF:components/ui/GlassmorphicCard.tsx
FN:12,GlassmorphicCard
FNF:1
FNH:0
FNDA:0,GlassmorphicCard
DA:18,0
DA:20,0
DA:29,0
LF:3
LH:0
BRDA:15,0,0,0
BRDA:16,1,0,0
BRF:2
BRH:0
end_of_record
TN:
SF:components/ui/Modal.tsx
FN:21,BottomSheetModal
FN:29,(anonymous_1)
FNF:2
FNH:0
FNDA:0,BottomSheetModal
FNDA:0,(anonymous_1)
DA:22,0
DA:29,0
DA:39,0
LF:3
LH:0
BRDA:26,0,0,0
BRDA:26,0,1,0
BRF:2
BRH:0
end_of_record
TN:
SF:components/ui/NumericInput.tsx
FN:16,NumericInput
FN:27,(anonymous_1)
FN:41,(anonymous_2)
FN:51,(anonymous_3)
FN:52,(anonymous_4)
FNF:5
FNH:0
FNDA:0,NumericInput
FNDA:0,(anonymous_1)
FNDA:0,(anonymous_2)
FNDA:0,(anonymous_3)
FNDA:0,(anonymous_4)
DA:24,0
DA:26,0
DA:28,0
DA:29,0
DA:30,0
DA:32,0
DA:38,0
DA:41,0
DA:51,0
DA:52,0
DA:59,0
LF:11
LH:0
BRDA:20,0,0,0
BRDA:21,1,0,0
BRDA:22,2,0,0
BRDA:29,3,0,0
BRDA:29,3,1,0
BRDA:40,4,0,0
BRDA:40,4,1,0
BRDA:45,5,0,0
BRDA:45,5,1,0
BRDA:54,6,0,0
BRDA:54,6,1,0
BRF:11
BRH:0
end_of_record
TN:
SF:components/ui/ProgressRing.tsx
FN:16,ProgressRing
FNF:1
FNH:0
FNDA:0,ProgressRing
DA:24,0
DA:25,0
DA:26,0
DA:27,0
DA:29,0
DA:70,0
LF:6
LH:0
BRDA:19,0,0,0
BRDA:20,1,0,0
BRDA:21,2,0,0
BRDA:26,3,0,0
BRDA:26,3,1,0
BRDA:43,4,0,0
BRDA:43,4,1,0
BRDA:65,5,0,0
BRDA:65,5,1,0
BRF:9
BRH:0
end_of_record
TN:
SF:components/ui/SectionHeader.tsx
FN:13,SectionHeader
FN:19,(anonymous_1)
FNF:2
FNH:0
FNDA:0,SectionHeader
FNDA:0,(anonymous_1)
DA:14,0
DA:20,0
DA:21,0
DA:31,0
LF:4
LH:0
BRDA:17,0,0,0
BRDA:17,0,1,0
BRF:2
BRH:0
end_of_record
TN:
SF:components/ui/Skeleton.tsx
FN:18,Skeleton
FN:21,(anonymous_1)
FN:29,(anonymous_2)
FN:40,SkeletonCard
FN:45,(anonymous_4)
FN:54,SkeletonRow
FNF:6
FNH:0
FNDA:0,Skeleton
FNDA:0,(anonymous_1)
FNDA:0,(anonymous_2)
FNDA:0,SkeletonCard
FNDA:0,(anonymous_4)
FNDA:0,SkeletonRow
DA:19,0
DA:21,0
DA:22,0
DA:29,0
DA:33,0
DA:41,0
DA:46,0
DA:55,0
DA:66,0
LF:9
LH:0
BRDA:18,0,0,0
BRDA:18,1,0,0
BRDA:18,2,0,0
BRDA:40,3,0,0
BRDA:47,4,0,0
BRDA:47,4,1,0
BRF:6
BRH:0
end_of_record
TN:
SF:components/ui/index.ts
FNF:0
FNH:0
LF:0
LH:0
BRF:0
BRH:0
end_of_record
TN:
SF:components/workout/ConfettiOverlay.tsx
FN:37,ConfettiParticle
FN:39,(anonymous_1)
FN:40,(anonymous_2)
FN:41,(anonymous_3)
FN:42,(anonymous_4)
FN:43,(anonymous_5)
FN:44,(anonymous_6)
FN:46,(anonymous_7)
FN:52,(anonymous_8)
FN:57,(anonymous_9)
FN:85,ConfettiOverlay
FN:86,(anonymous_11)
FN:89,(anonymous_12)
FN:90,(anonymous_13)
FN:98,(anonymous_14)
FNF:15
FNH:0
FNDA:0,ConfettiParticle
FNDA:0,(anonymous_1)
FNDA:0,(anonymous_2)
FNDA:0,(anonymous_3)
FNDA:0,(anonymous_4)
FNDA:0,(anonymous_5)
FNDA:0,(anonymous_6)
FNDA:0,(anonymous_7)
FNDA:0,(anonymous_8)
FNDA:0,(anonymous_9)
FNDA:0,ConfettiOverlay
FNDA:0,(anonymous_11)
FNDA:0,(anonymous_12)
FNDA:0,(anonymous_13)
FNDA:0,(anonymous_14)
DA:15,0
DA:17,0
DA:28,0
DA:29,0
DA:38,0
DA:39,0
DA:40,0
DA:41,0
DA:42,0
DA:43,0
DA:44,0
DA:46,0
DA:47,0
DA:52,0
DA:57,0
DA:58,0
DA:59,0
DA:69,0
DA:86,0
DA:87,0
DA:88,0
DA:89,0
DA:90,0
DA:94,0
DA:96,0
DA:99,0
DA:110,0
LF:27
LH:0
BRDA:52,0,0,0
BRDA:52,0,1,0
BRDA:52,1,0,0
BRDA:52,1,1,0
BRDA:65,2,0,0
BRDA:65,2,1,0
BRDA:87,3,0,0
BRDA:87,3,1,0
BRDA:94,4,0,0
BRDA:94,4,1,0
BRF:10
BRH:0
end_of_record
TN:
SF:components/workout/PRToast.tsx
FN:29,PRToast
FN:33,(anonymous_1)
FN:36,(anonymous_2)
FN:47,(anonymous_3)
FN:52,(anonymous_4)
FN:69,(anonymous_5)
FN:84,PRBadgeIcon
FNF:7
FNH:0
FNDA:0,PRToast
FNDA:0,(anonymous_1)
FNDA:0,(anonymous_2)
FNDA:0,(anonymous_3)
FNDA:0,(anonymous_4)
FNDA:0,(anonymous_5)
FNDA:0,PRBadgeIcon
DA:16,0
DA:30,0
DA:31,0
DA:33,0
DA:34,0
DA:35,0
DA:36,0
DA:38,0
DA:43,0
DA:44,0
DA:47,0
DA:48,0
DA:52,0
DA:56,0
DA:58,0
DA:70,0
DA:71,0
DA:85,0
DA:86,0
DA:103,0
LF:20
LH:0
BRDA:34,0,0,0
BRDA:34,0,1,0
BRDA:34,1,0,0
BRDA:34,1,1,0
BRDA:43,2,0,0
BRDA:43,2,1,0
BRDA:48,3,0,0
BRDA:48,3,1,0
BRDA:56,4,0,0
BRDA:56,4,1,0
BRDA:56,5,0,0
BRDA:56,5,1,0
BRDA:84,6,0,0
BRF:13
BRH:0
end_of_record
TN:
SF:components/workout/RPEModal.tsx
FN:19,getRPEColor
FN:25,getRPELabel
FN:33,RPEModal
FN:44,(anonymous_3)
FN:52,(anonymous_4)
FN:80,(anonymous_5)
FN:86,(anonymous_6)
FN:111,(anonymous_7)
FN:114,(anonymous_8)
FNF:9
FNH:0
FNDA:0,getRPEColor
FNDA:0,getRPELabel
FNDA:0,RPEModal
FNDA:0,(anonymous_3)
FNDA:0,(anonymous_4)
FNDA:0,(anonymous_5)
FNDA:0,(anonymous_6)
FNDA:0,(anonymous_7)
FNDA:0,(anonymous_8)
DA:17,0
DA:20,0
DA:21,0
DA:22,0
DA:26,0
DA:27,0
DA:28,0
DA:29,0
DA:30,0
DA:40,0
DA:41,0
DA:42,0
DA:44,0
DA:45,0
DA:46,0
DA:47,0
DA:48,0
DA:49,0
DA:52,0
DA:53,0
DA:54,0
DA:55,0
DA:56,0
DA:57,0
DA:60,0
DA:81,0
DA:82,0
DA:83,0
DA:87,0
DA:88,0
DA:112,0
DA:115,0
DA:116,0
DA:167,0
LF:34
LH:0
BRDA:20,0,0,0
BRDA:20,0,1,0
BRDA:21,1,0,0
BRDA:21,1,1,0
BRDA:26,2,0,0
BRDA:26,2,1,0
BRDA:27,3,0,0
BRDA:27,3,1,0
BRDA:28,4,0,0
BRDA:28,4,1,0
BRDA:29,5,0,0
BRDA:29,5,1,0
BRDA:66,6,0,0
BRDA:66,6,1,0
BRDA:95,7,0,0
BRDA:95,7,1,0
BRDA:96,8,0,0
BRDA:96,8,1,0
BRDA:121,9,0,0
BRDA:121,9,1,0
BRDA:123,10,0,0
BRDA:123,10,1,0
BRDA:129,11,0,0
BRDA:129,11,1,0
BRDA:131,12,0,0
BRDA:131,12,1,0
BRDA:133,13,0,0
BRDA:133,13,1,0
BRF:28
BRH:0
end_of_record
TN:
SF:components/workout/RestTimer.tsx
FN:29,formatTimer
FN:40,RestTimer
FN:48,(anonymous_2)
FN:50,(anonymous_3)
FN:54,(anonymous_4)
FN:59,(anonymous_5)
FN:68,(anonymous_6)
FN:72,(anonymous_7)
FN:78,(anonymous_8)
FN:82,(anonymous_9)
FN:91,(anonymous_10)
FN:140,(anonymous_11)
FN:162,(anonymous_12)
FN:176,(anonymous_13)
FN:181,(anonymous_14)
FN:192,(anonymous_15)
FNF:16
FNH:0
FNDA:0,formatTimer
FNDA:0,RestTimer
FNDA:0,(anonymous_2)
FNDA:0,(anonymous_3)
FNDA:0,(anonymous_4)
FNDA:0,(anonymous_5)
FNDA:0,(anonymous_6)
FNDA:0,(anonymous_7)
FNDA:0,(anonymous_8)
FNDA:0,(anonymous_9)
FNDA:0,(anonymous_10)
FNDA:0,(anonymous_11)
FNDA:0,(anonymous_12)
FNDA:0,(anonymous_13)
FNDA:0,(anonymous_14)
FNDA:0,(anonymous_15)
DA:18,0
DA:26,0
DA:27,0
DA:30,0
DA:31,0
DA:32,0
DA:41,0
DA:42,0
DA:44,0
DA:45,0
DA:46,0
DA:48,0
DA:49,0
DA:50,0
DA:51,0
DA:52,0
DA:54,0
DA:55,0
DA:59,0
DA:60,0
DA:61,0
DA:68,0
DA:69,0
DA:72,0
DA:73,0
DA:74,0
DA:78,0
DA:82,0
DA:83,0
DA:88,0
DA:91,0
DA:96,0
DA:97,0
DA:98,0
DA:99,0
DA:101,0
DA:103,0
DA:141,0
DA:142,0
DA:143,0
DA:163,0
DA:164,0
DA:177,0
DA:178,0
DA:181,0
DA:193,0
DA:194,0
DA:205,0
LF:48
LH:0
BRDA:49,0,0,0
BRDA:49,0,1,0
BRDA:49,1,0,0
BRDA:49,1,1,0
BRDA:51,2,0,0
BRDA:51,2,1,0
BRDA:55,3,0,0
BRDA:55,3,1,0
BRDA:60,4,0,0
BRDA:60,4,1,0
BRDA:69,5,0,0
BRDA:69,5,1,0
BRDA:73,6,0,0
BRDA:73,6,1,0
BRDA:73,7,0,0
BRDA:73,7,1,0
BRDA:73,7,2,0
BRDA:73,7,3,0
BRDA:98,8,0,0
BRDA:98,8,1,0
BRDA:101,9,0,0
BRDA:101,9,1,0
BRDA:142,10,0,0
BRDA:142,10,1,0
BRDA:147,11,0,0
BRDA:147,11,1,0
BRDA:182,12,0,0
BRDA:182,12,1,0
BRDA:184,13,0,0
BRDA:184,13,1,0
BRF:30
BRH:0
end_of_record
TN:
SF:components/workout/SetTypeDropdown.tsx
FN:24,SetTypeDropdown
FN:35,(anonymous_1)
FN:45,(anonymous_2)
FN:51,(anonymous_3)
FN:76,(anonymous_4)
FN:82,(anonymous_5)
FNF:6
FNH:0
FNDA:0,SetTypeDropdown
FNDA:0,(anonymous_1)
FNDA:0,(anonymous_2)
FNDA:0,(anonymous_3)
FNDA:0,(anonymous_4)
FNDA:0,(anonymous_5)
DA:13,0
DA:32,0
DA:33,0
DA:35,0
DA:36,0
DA:37,0
DA:38,0
DA:40,0
DA:41,0
DA:45,0
DA:50,0
DA:52,0
DA:53,0
DA:58,0
DA:60,0
DA:77,0
DA:78,0
DA:79,0
DA:82,0
DA:104,0
LF:20
LH:0
BRDA:36,0,0,0
BRDA:36,0,1,0
BRDA:58,1,0,0
BRDA:58,1,1,0
BRDA:83,2,0,0
BRDA:83,2,1,0
BRDA:89,3,0,0
BRDA:89,3,1,0
BRDA:90,4,0,0
BRDA:90,4,1,0
BRF:10
BRH:0
end_of_record
TN:
SF:components/workout/SetTypeIcon.tsx
FN:17,SetTypeIcon
FNF:1
FNH:0
FNDA:0,SetTypeIcon
DA:5,0
DA:18,0
DA:19,0
DA:20,0
DA:22,0
DA:40,0
LF:6
LH:0
BRDA:17,0,0,0
BRDA:19,1,0,0
BRDA:19,1,1,0
BRF:3
BRH:0
end_of_record
TN:
SF:components/workout/ShareSummary.tsx
FN:9,formatDuration
FN:21,ShareableCard
FN:54,ShareSummaryButton
FN:55,(anonymous_3)
FNF:4
FNH:0
FNDA:0,formatDuration
FNDA:0,ShareableCard
FNDA:0,ShareSummaryButton
FNDA:0,(anonymous_3)
DA:10,0
DA:11,0
DA:12,0
DA:13,0
DA:22,0
DA:55,0
DA:56,0
DA:58,0
DA:61,0
DA:68,0
DA:69,0
DA:70,0
DA:71,0
DA:75,0
DA:76,0
DA:77,0
DA:82,0
DA:85,0
DA:86,0
DA:92,0
DA:95,0
LF:21
LH:0
BRDA:12,0,0,0
BRDA:12,0,1,0
BRDA:40,1,0,0
BRDA:40,1,1,0
BRDA:58,2,0,0
BRDA:58,2,1,0
BRDA:68,3,0,0
BRDA:68,3,1,0
BRDA:70,4,0,0
BRDA:70,4,1,0
BRDA:75,5,0,0
BRDA:75,5,1,0
BRF:12
BRH:0
end_of_record
TN:
SF:hooks/index.ts
FNF:0
FNH:0
LF:0
LH:0
BRF:0
BRH:0
end_of_record
TN:
SF:hooks/useParallax.ts
FN:15,useParallaxScroll
FN:21,(anonymous_1)
FN:26,(anonymous_2)
FN:43,useScaleParallax
FN:47,(anonymous_4)
FN:52,(anonymous_5)
FN:58,(anonymous_6)
FN:75,useCollapsingHeader
FN:79,(anonymous_8)
FN:84,(anonymous_9)
FN:96,(anonymous_10)
FN:116,useCardLift
FN:120,(anonymous_12)
FN:125,(anonymous_13)
FNF:14
FNH:0
FNDA:0,useParallaxScroll
FNDA:0,(anonymous_1)
FNDA:0,(anonymous_2)
FNDA:0,useScaleParallax
FNDA:0,(anonymous_4)
FNDA:0,(anonymous_5)
FNDA:0,(anonymous_6)
FNDA:0,useCollapsingHeader
FNDA:0,(anonymous_8)
FNDA:0,(anonymous_9)
FNDA:0,(anonymous_10)
FNDA:0,useCardLift
FNDA:0,(anonymous_12)
FNDA:0,(anonymous_13)
DA:16,0
DA:18,0
DA:20,0
DA:22,0
DA:26,0
DA:28,0
DA:33,0
DA:44,0
DA:46,0
DA:48,0
DA:52,0
DA:54,0
DA:55,0
DA:58,0
DA:60,0
DA:61,0
DA:64,0
DA:76,0
DA:78,0
DA:80,0
DA:84,0
DA:86,0
DA:92,0
DA:93,0
DA:96,0
DA:98,0
DA:99,0
DA:100,0
DA:103,0
DA:117,0
DA:119,0
DA:121,0
DA:125,0
DA:127,0
DA:128,0
DA:130,0
DA:132,0
DA:134,0
DA:140,0
LF:39
LH:0
BRDA:15,0,0,0
BRDA:16,1,0,0
BRDA:26,2,0,0
BRDA:52,3,0,0
BRDA:75,4,0,0
BRDA:75,5,0,0
BRDA:116,6,0,0
BRF:7
BRH:0
end_of_record
TN:
SF:hooks/useTouchTarget.ts
FN:50,validateTouchTarget
FN:73,(anonymous_1)
FNF:2
FNH:0
FNDA:0,validateTouchTarget
FNDA:0,(anonymous_1)
DA:6,0
DA:11,0
DA:54,0
DA:56,0
DA:57,0
DA:60,0
DA:61,0
DA:64,0
DA:73,0
DA:77,0
DA:87,0
LF:11
LH:0
BRDA:56,0,0,0
BRDA:56,0,1,0
BRDA:56,1,0,0
BRDA:56,1,1,0
BRDA:60,2,0,0
BRDA:60,2,1,0
BRDA:60,3,0,0
BRDA:60,3,1,0
BRDA:76,4,0,0
BRF:9
BRH:0
end_of_record
TN:
SF:lib/haptics.ts
FN:7,(anonymous_0)
FN:10,(anonymous_1)
FN:13,(anonymous_2)
FN:16,(anonymous_3)
FN:19,(anonymous_4)
FN:22,(anonymous_5)
FN:25,(anonymous_6)
FNF:7
FNH:7
FNDA:1,(anonymous_0)
FNDA:1,(anonymous_1)
FNDA:1,(anonymous_2)
FNDA:1,(anonymous_3)
FNDA:1,(anonymous_4)
FNDA:1,(anonymous_5)
FNDA:1,(anonymous_6)
DA:4,1
DA:6,1
DA:8,1
DA:11,1
DA:14,1
DA:17,1
DA:20,1
DA:23,1
DA:26,1
LF:9
LH:9
BRDA:4,0,0,1
BRDA:4,0,1,1
BRDA:8,1,0,0
BRDA:8,1,1,1
BRDA:11,2,0,0
BRDA:11,2,1,1
BRDA:14,3,0,0
BRDA:14,3,1,1
BRDA:17,4,0,0
BRDA:17,4,1,1
BRDA:20,5,0,0
BRDA:20,5,1,1
BRDA:23,6,0,0
BRDA:23,6,1,1
BRDA:26,7,0,0
BRDA:26,7,1,1
BRF:16
BRH:9
end_of_record
TN:
SF:lib/pr-detection.ts
FN:19,formatPRValue
FN:32,getPRDisplayList
FN:54,detectPRsFromExercises
FN:58,(anonymous_3)
FN:61,(anonymous_4)
FN:62,(anonymous_5)
FN:73,(anonymous_6)
FN:74,(anonymous_7)
FNF:8
FNH:0
FNDA:0,formatPRValue
FNDA:0,getPRDisplayList
FNDA:0,detectPRsFromExercises
FNDA:0,(anonymous_3)
FNDA:0,(anonymous_4)
FNDA:0,(anonymous_5)
FNDA:0,(anonymous_6)
FNDA:0,(anonymous_7)
DA:13,0
DA:20,0
DA:22,0
DA:24,0
DA:26,0
DA:28,0
DA:33,0
DA:34,0
DA:36,0
DA:37,0
DA:38,0
DA:39,0
DA:41,0
DA:42,0
DA:51,0
DA:55,0
DA:57,0
DA:58,0
DA:59,0
DA:61,0
DA:62,0
DA:63,0
DA:64,0
DA:73,0
DA:74,0
DA:75,0
DA:76,0
DA:86,0
LF:28
LH:0
BRDA:19,0,0,0
BRDA:20,1,0,0
BRDA:20,1,1,0
BRDA:20,1,2,0
BRDA:20,1,3,0
BRDA:32,2,0,0
BRDA:38,3,0,0
BRDA:38,3,1,0
BRDA:59,4,0,0
BRDA:59,4,1,0
BRDA:63,5,0,0
BRDA:63,5,1,0
BRDA:63,6,0,0
BRDA:63,6,1,0
BRDA:75,7,0,0
BRDA:75,7,1,0
BRDA:75,8,0,0
BRDA:75,8,1,0
BRF:18
BRH:0
end_of_record
TN:
SF:lib/storage.ts
FN:7,(anonymous_0)
FN:20,(anonymous_1)
FN:31,(anonymous_2)
FNF:3
FNH:0
FNDA:0,(anonymous_0)
FNDA:0,(anonymous_1)
FNDA:0,(anonymous_2)
DA:4,0
DA:6,0
DA:8,0
DA:9,0
DA:10,0
DA:12,0
DA:17,0
DA:21,0
DA:22,0
DA:23,0
DA:32,0
DA:33,0
DA:34,0
LF:13
LH:0
BRDA:8,0,0,0
BRDA:8,0,1,0
BRDA:21,1,0,0
BRDA:21,1,1,0
BRDA:32,2,0,0
BRDA:32,2,1,0
BRF:6
BRH:0
end_of_record
TN:
SF:lib/supabase.ts
FNF:0
FNH:0
DA:3,0
DA:4,0
DA:6,0
LF:3
LH:0
BRDA:3,0,0,0
BRDA:3,0,1,0
BRDA:4,1,0,0
BRDA:4,1,1,0
BRF:4
BRH:0
end_of_record
TN:
SF:lib/ai/autonomy-progression.ts
FN:52,analyzeAutonomyLevel
FN:164,getAutonomyRecommendations
FN:204,getRecommendedVolume
FNF:3
FNH:0
FNDA:0,analyzeAutonomyLevel
FNDA:0,getAutonomyRecommendations
FNDA:0,getRecommendedVolume
DA:26,0
DA:34,0
DA:42,0
DA:54,0
DA:55,0
DA:58,0
DA:68,0
DA:69,0
DA:70,0
DA:74,0
DA:77,0
DA:81,0
DA:84,0
DA:87,0
DA:88,0
DA:92,0
DA:98,0
DA:101,0
DA:107,0
DA:108,0
DA:109,0
DA:110,0
DA:113,0
DA:114,0
DA:115,0
DA:116,0
DA:118,0
DA:119,0
DA:121,0
DA:122,0
DA:128,0
DA:130,0
DA:132,0
DA:134,0
DA:136,0
DA:138,0
DA:140,0
DA:142,0
DA:143,0
DA:145,0
DA:148,0
DA:165,0
DA:168,0
DA:169,0
DA:170,0
DA:173,0
DA:174,0
DA:178,0
DA:179,0
DA:183,0
DA:184,0
DA:188,0
DA:189,0
DA:190,0
DA:191,0
DA:192,0
DA:193,0
DA:195,0
DA:198,0
DA:209,0
DA:211,0
DA:213,0
DA:215,0
DA:217,0
LF:64
LH:0
BRDA:107,0,0,0
BRDA:107,0,1,0
BRDA:108,1,0,0
BRDA:108,1,1,0
BRDA:109,2,0,0
BRDA:109,2,1,0
BRDA:118,3,0,0
BRDA:118,3,1,0
BRDA:128,4,0,0
BRDA:128,4,1,0
BRDA:128,4,2,0
BRDA:128,4,3,0
BRDA:128,4,4,0
BRDA:169,5,0,0
BRDA:169,5,1,0
BRDA:173,6,0,0
BRDA:173,6,1,0
BRDA:178,7,0,0
BRDA:178,7,1,0
BRDA:183,8,0,0
BRDA:183,8,1,0
BRDA:188,9,0,0
BRDA:188,9,1,0
BRDA:190,10,0,0
BRDA:190,10,1,0
BRDA:192,11,0,0
BRDA:192,11,1,0
BRDA:209,12,0,0
BRDA:209,12,1,0
BRDA:209,12,2,0
BRDA:209,12,3,0
BRF:31
BRH:0
end_of_record
TN:
SF:lib/ai/exercise-compatibility.ts
FN:33,analyzeExerciseCompatibility
FN:45,(anonymous_1)
FN:133,getBlacklistedExercises
FN:167,getAlternativeExercises
FN:181,(anonymous_4)
FNF:5
FNH:0
FNDA:0,analyzeExerciseCompatibility
FNDA:0,(anonymous_1)
FNDA:0,getBlacklistedExercises
FNDA:0,getAlternativeExercises
FNDA:0,(anonymous_4)
DA:26,0
DA:28,0
DA:39,0
DA:45,0
DA:47,0
DA:48,0
DA:63,0
DA:64,0
DA:65,0
DA:67,0
DA:68,0
DA:69,0
DA:70,0
DA:76,0
DA:77,0
DA:78,0
DA:80,0
DA:81,0
DA:84,0
DA:85,0
DA:86,0
DA:90,0
DA:91,0
DA:97,0
DA:98,0
DA:99,0
DA:100,0
DA:101,0
DA:102,0
DA:103,0
DA:104,0
DA:105,0
DA:106,0
DA:107,0
DA:108,0
DA:110,0
DA:111,0
DA:115,0
DA:117,0
DA:136,0
DA:141,0
DA:142,0
DA:143,0
DA:148,0
DA:149,0
DA:153,0
DA:154,0
DA:155,0
DA:156,0
DA:157,0
DA:161,0
DA:172,0
DA:180,0
DA:181,0
LF:54
LH:0
BRDA:47,0,0,0
BRDA:47,0,1,0
BRDA:70,1,0,0
BRDA:70,1,1,0
BRDA:77,2,0,0
BRDA:77,2,1,0
BRDA:80,3,0,0
BRDA:80,3,1,0
BRDA:80,4,0,0
BRDA:80,4,1,0
BRDA:80,4,2,0
BRDA:84,5,0,0
BRDA:84,5,1,0
BRDA:91,6,0,0
BRDA:91,6,1,0
BRDA:97,7,0,0
BRDA:97,7,1,0
BRDA:100,8,0,0
BRDA:100,8,1,0
BRDA:103,9,0,0
BRDA:103,9,1,0
BRDA:103,10,0,0
BRDA:103,10,1,0
BRDA:106,11,0,0
BRDA:106,11,1,0
BRDA:156,12,0,0
BRDA:156,12,1,0
BRDA:180,13,0,0
BRDA:180,13,1,0
BRF:29
BRH:0
end_of_record
TN:
SF:lib/ai/index.ts
FNF:0
FNH:0
LF:0
LH:0
BRF:0
BRH:0
end_of_record
TN:
SF:lib/ai/plateau-detection.ts
FN:31,analyzePlateau
FN:76,(anonymous_1)
FN:154,getPlateauExercises
FN:180,(anonymous_3)
FN:188,getPlateauRecommendations
FNF:5
FNH:0
FNDA:0,analyzePlateau
FNDA:0,(anonymous_1)
FNDA:0,getPlateauExercises
FNDA:0,(anonymous_3)
FNDA:0,getPlateauRecommendations
DA:24,0
DA:26,0
DA:36,0
DA:45,0
DA:46,0
DA:58,0
DA:59,0
DA:60,0
DA:63,0
DA:65,0
DA:66,0
DA:67,0
DA:68,0
DA:70,0
DA:71,0
DA:76,0
DA:78,0
DA:79,0
DA:92,0
DA:93,0
DA:94,0
DA:95,0
DA:96,0
DA:98,0
DA:99,0
DA:100,0
DA:101,0
DA:102,0
DA:105,0
DA:108,0
DA:114,0
DA:115,0
DA:116,0
DA:117,0
DA:119,0
DA:120,0
DA:124,0
DA:132,0
DA:133,0
DA:134,0
DA:136,0
DA:139,0
DA:156,0
DA:161,0
DA:162,0
DA:163,0
DA:168,0
DA:169,0
DA:173,0
DA:174,0
DA:175,0
DA:176,0
DA:180,0
DA:182,0
DA:193,0
DA:194,0
DA:195,0
DA:197,0
DA:198,0
DA:199,0
DA:200,0
DA:201,0
DA:204,0
DA:205,0
DA:209,0
LF:65
LH:0
BRDA:33,0,0,0
BRDA:45,1,0,0
BRDA:45,1,1,0
BRDA:59,2,0,0
BRDA:59,2,1,0
BRDA:66,3,0,0
BRDA:66,3,1,0
BRDA:68,4,0,0
BRDA:68,4,1,0
BRDA:70,5,0,0
BRDA:70,5,1,0
BRDA:70,6,0,0
BRDA:70,6,1,0
BRDA:78,7,0,0
BRDA:78,7,1,0
BRDA:105,8,0,0
BRDA:105,8,1,0
BRDA:108,9,0,0
BRDA:108,9,1,0
BRDA:114,10,0,0
BRDA:114,10,1,0
BRDA:115,11,0,0
BRDA:115,11,1,0
BRDA:132,12,0,0
BRDA:132,12,1,0
BRDA:133,13,0,0
BRDA:133,13,1,0
BRDA:142,14,0,0
BRDA:142,14,1,0
BRDA:198,15,0,0
BRDA:198,15,1,0
BRDA:198,16,0,0
BRDA:198,16,1,0
BRDA:200,17,0,0
BRDA:200,17,1,0
BRDA:204,18,0,0
BRDA:204,18,1,0
BRF:37
BRH:0
end_of_record
TN:
SF:lib/ai/recovery-rate.ts
FN:20,calculateRecoveryRate
FN:117,getRecoveryRecommendations
FN:141,canTrainToday
FNF:3
FNH:0
FNDA:0,calculateRecoveryRate
FNDA:0,getRecoveryRecommendations
FNDA:0,canTrainToday
DA:24,0
DA:27,0
DA:28,0
DA:30,0
DA:40,0
DA:41,0
DA:42,0
DA:44,0
DA:45,0
DA:46,0
DA:48,0
DA:53,0
DA:54,0
DA:55,0
DA:56,0
DA:57,0
DA:62,0
DA:65,0
DA:68,0
DA:73,0
DA:74,0
DA:77,0
DA:78,0
DA:79,0
DA:80,0
DA:81,0
DA:86,0
DA:88,0
DA:89,0
DA:90,0
DA:91,0
DA:92,0
DA:93,0
DA:95,0
DA:96,0
DA:100,0
DA:101,0
DA:104,0
DA:118,0
DA:120,0
DA:121,0
DA:122,0
DA:123,0
DA:124,0
DA:125,0
DA:126,0
DA:127,0
DA:129,0
DA:130,0
DA:131,0
DA:135,0
DA:145,0
DA:146,0
DA:152,0
DA:153,0
DA:159,0
LF:56
LH:0
BRDA:24,0,0,0
BRDA:24,0,1,0
BRDA:45,1,0,0
BRDA:45,1,1,0
BRDA:55,2,0,0
BRDA:55,2,1,0
BRDA:62,3,0,0
BRDA:62,3,1,0
BRDA:74,4,0,0
BRDA:74,4,1,0
BRDA:74,5,0,0
BRDA:74,5,1,0
BRDA:78,6,0,0
BRDA:78,6,1,0
BRDA:80,7,0,0
BRDA:80,7,1,0
BRDA:88,8,0,0
BRDA:88,8,1,0
BRDA:88,9,0,0
BRDA:88,9,1,0
BRDA:91,10,0,0
BRDA:91,10,1,0
BRDA:91,11,0,0
BRDA:91,11,1,0
BRDA:100,12,0,0
BRDA:100,12,1,0
BRDA:100,13,0,0
BRDA:100,13,1,0
BRDA:120,14,0,0
BRDA:120,14,1,0
BRDA:124,15,0,0
BRDA:124,15,1,0
BRDA:130,16,0,0
BRDA:130,16,1,0
BRDA:145,17,0,0
BRDA:145,17,1,0
BRDA:152,18,0,0
BRDA:152,18,1,0
BRF:38
BRH:0
end_of_record
TN:
SF:lib/ai/seed-profile.ts
FN:33,seedAIProfile
FNF:1
FNH:0
FNDA:0,seedAIProfile
DA:14,0
DA:35,0
DA:38,0
DA:40,0
DA:42,0
DA:43,0
DA:44,0
DA:46,0
DA:47,0
DA:48,0
DA:49,0
DA:50,0
DA:51,0
DA:57,0
LF:14
LH:0
BRDA:35,0,0,0
BRDA:35,0,1,0
BRDA:35,1,0,0
BRDA:35,1,1,0
BRDA:38,2,0,0
BRDA:38,2,1,0
BRDA:38,3,0,0
BRDA:38,3,1,0
BRDA:40,4,0,0
BRDA:40,4,1,0
BRDA:40,5,0,0
BRDA:40,5,1,0
BRDA:61,6,0,0
BRDA:61,6,1,0
BRF:14
BRH:0
end_of_record
TN:
SF:lib/ai/sfr-scoring.ts
FN:29,computeSFR
FN:76,determineExerciseStatus
FNF:2
FNH:0
FNDA:0,computeSFR
FNDA:0,determineExerciseStatus
DA:30,0
DA:31,0
DA:33,0
DA:34,0
DA:47,0
DA:48,0
DA:49,0
DA:51,0
DA:52,0
DA:54,0
DA:57,0
DA:58,0
DA:59,0
DA:60,0
DA:62,0
DA:63,0
DA:65,0
DA:80,0
DA:81,0
DA:83,0
DA:84,0
DA:86,0
LF:22
LH:0
BRDA:30,0,0,0
BRDA:30,0,1,0
BRDA:33,1,0,0
BRDA:33,1,1,0
BRDA:33,2,0,0
BRDA:33,2,1,0
BRDA:40,3,0,0
BRDA:40,3,1,0
BRDA:41,4,0,0
BRDA:41,4,1,0
BRDA:48,5,0,0
BRDA:48,5,1,0
BRDA:57,6,0,0
BRDA:57,6,1,0
BRDA:58,7,0,0
BRDA:58,7,1,0
BRDA:59,8,0,0
BRDA:59,8,1,0
BRDA:62,9,0,0
BRDA:62,9,1,0
BRDA:63,10,0,0
BRDA:63,10,1,0
BRDA:80,11,0,0
BRDA:80,11,1,0
BRDA:80,12,0,0
BRDA:80,12,1,0
BRDA:80,12,2,0
BRDA:83,13,0,0
BRDA:83,13,1,0
BRDA:83,14,0,0
BRDA:83,14,1,0
BRF:31
BRH:0
end_of_record
TN:
SF:lib/ai/stress-impact.ts
FN:23,calculateStressImpact
FN:121,getStressBasedModifications
FN:175,calculateStressAdjustedWeight
FNF:3
FNH:0
FNDA:0,calculateStressImpact
FNDA:0,getStressBasedModifications
FNDA:0,calculateStressAdjustedWeight
DA:25,0
DA:26,0
DA:28,0
DA:34,0
DA:35,0
DA:37,0
DA:38,0
DA:39,0
DA:40,0
DA:41,0
DA:45,0
DA:48,0
DA:57,0
DA:61,0
DA:65,0
DA:68,0
DA:69,0
DA:70,0
DA:71,0
DA:72,0
DA:75,0
DA:76,0
DA:77,0
DA:78,0
DA:81,0
DA:88,0
DA:89,0
DA:90,0
DA:91,0
DA:94,0
DA:98,0
DA:99,0
DA:100,0
DA:101,0
DA:102,0
DA:103,0
DA:105,0
DA:108,0
DA:127,0
DA:133,0
DA:134,0
DA:135,0
DA:136,0
DA:137,0
DA:138,0
DA:139,0
DA:140,0
DA:141,0
DA:142,0
DA:143,0
DA:144,0
DA:145,0
DA:146,0
DA:147,0
DA:148,0
DA:149,0
DA:150,0
DA:151,0
DA:152,0
DA:153,0
DA:156,0
DA:157,0
DA:158,0
DA:159,0
DA:160,0
DA:161,0
DA:164,0
DA:180,0
DA:182,0
DA:184,0
DA:185,0
DA:187,0
DA:188,0
DA:190,0
DA:191,0
DA:194,0
DA:197,0
LF:77
LH:0
BRDA:39,0,0,0
BRDA:39,0,1,0
BRDA:45,1,0,0
BRDA:45,1,1,0
BRDA:69,2,0,0
BRDA:69,2,1,0
BRDA:70,3,0,0
BRDA:70,3,1,0
BRDA:71,4,0,0
BRDA:71,4,1,0
BRDA:76,5,0,0
BRDA:76,5,1,0
BRDA:77,6,0,0
BRDA:77,6,1,0
BRDA:88,7,0,0
BRDA:88,7,1,0
BRDA:89,8,0,0
BRDA:89,8,1,0
BRDA:90,9,0,0
BRDA:90,9,1,0
BRDA:98,10,0,0
BRDA:98,10,1,0
BRDA:100,11,0,0
BRDA:100,11,1,0
BRDA:102,12,0,0
BRDA:102,12,1,0
BRDA:133,13,0,0
BRDA:133,13,1,0
BRDA:140,14,0,0
BRDA:140,14,1,0
BRDA:147,15,0,0
BRDA:147,15,1,0
BRDA:182,16,0,0
BRDA:182,16,1,0
BRDA:182,16,2,0
BRDA:182,16,3,0
BRDA:182,16,4,0
BRF:37
BRH:0
end_of_record
TN:
SF:lib/ai/technique-effectiveness.ts
FN:33,analyzeTechniqueEffectiveness
FN:157,getAllTechniqueAnalysis
FN:190,getExercisesNeedingWork
FN:193,(anonymous_3)
FN:199,getTopPerformingExercises
FN:202,(anonymous_5)
FNF:6
FNH:0
FNDA:0,analyzeTechniqueEffectiveness
FNDA:0,getAllTechniqueAnalysis
FNDA:0,getExercisesNeedingWork
FNDA:0,(anonymous_3)
FNDA:0,getTopPerformingExercises
FNDA:0,(anonymous_5)
DA:23,0
DA:38,0
DA:43,0
DA:44,0
DA:57,0
DA:58,0
DA:59,0
DA:60,0
DA:61,0
DA:62,0
DA:64,0
DA:65,0
DA:66,0
DA:67,0
DA:69,0
DA:70,0
DA:71,0
DA:73,0
DA:74,0
DA:75,0
DA:77,0
DA:78,0
DA:79,0
DA:83,0
DA:84,0
DA:85,0
DA:89,0
DA:90,0
DA:91,0
DA:92,0
DA:95,0
DA:97,0
DA:99,0
DA:100,0
DA:101,0
DA:102,0
DA:104,0
DA:105,0
DA:106,0
DA:107,0
DA:108,0
DA:110,0
DA:111,0
DA:112,0
DA:113,0
DA:115,0
DA:116,0
DA:117,0
DA:121,0
DA:122,0
DA:123,0
DA:126,0
DA:128,0
DA:131,0
DA:136,0
DA:137,0
DA:138,0
DA:139,0
DA:142,0
DA:161,0
DA:166,0
DA:167,0
DA:168,0
DA:173,0
DA:174,0
DA:178,0
DA:179,0
DA:180,0
DA:181,0
DA:184,0
DA:193,0
DA:202,0
LF:72
LH:0
BRDA:35,0,0,0
BRDA:43,1,0,0
BRDA:43,1,1,0
BRDA:69,2,0,0
BRDA:69,2,1,0
BRDA:73,3,0,0
BRDA:73,3,1,0
BRDA:73,4,0,0
BRDA:73,4,1,0
BRDA:77,5,0,0
BRDA:77,5,1,0
BRDA:83,6,0,0
BRDA:83,6,1,0
BRDA:84,7,0,0
BRDA:84,7,1,0
BRDA:85,8,0,0
BRDA:85,8,1,0
BRDA:89,9,0,0
BRDA:89,9,1,0
BRDA:90,10,0,0
BRDA:90,10,1,0
BRDA:91,11,0,0
BRDA:91,11,1,0
BRDA:95,12,0,0
BRDA:95,12,1,0
BRDA:99,13,0,0
BRDA:99,13,1,0
BRDA:102,14,0,0
BRDA:102,14,1,0
BRDA:102,15,0,0
BRDA:102,15,1,0
BRDA:104,16,0,0
BRDA:104,16,1,0
BRDA:104,17,0,0
BRDA:104,17,1,0
BRDA:107,18,0,0
BRDA:107,18,1,0
BRDA:110,19,0,0
BRDA:110,19,1,0
BRDA:122,20,0,0
BRDA:122,20,1,0
BRDA:136,21,0,0
BRDA:136,21,1,0
BRDA:138,22,0,0
BRDA:138,22,1,0
BRDA:138,23,0,0
BRDA:138,23,1,0
BRDA:159,24,0,0
BRF:48
BRH:0
end_of_record
TN:
SF:lib/ai/volume-tolerance.ts
FN:18,calculateVolumeTolerance
FN:96,(anonymous_1)
FN:127,getUnderTrainedMuscles
FN:128,(anonymous_3)
FN:128,(anonymous_4)
FN:134,getOverTrainedMuscles
FN:136,(anonymous_6)
FN:137,(anonymous_7)
FN:148,getVolumeRecommendation
FNF:9
FNH:0
FNDA:0,calculateVolumeTolerance
FNDA:0,(anonymous_1)
FNDA:0,getUnderTrainedMuscles
FNDA:0,(anonymous_3)
FNDA:0,(anonymous_4)
FNDA:0,getOverTrainedMuscles
FNDA:0,(anonymous_6)
FNDA:0,(anonymous_7)
FNDA:0,getVolumeRecommendation
DA:25,0
DA:40,0
DA:56,0
DA:57,0
DA:59,0
DA:65,0
DA:66,0
DA:67,0
DA:70,0
DA:71,0
DA:73,0
DA:78,0
DA:79,0
DA:80,0
DA:81,0
DA:82,0
DA:83,0
DA:84,0
DA:85,0
DA:96,0
DA:97,0
DA:98,0
DA:99,0
DA:102,0
DA:103,0
DA:104,0
DA:105,0
DA:106,0
DA:107,0
DA:109,0
DA:112,0
DA:121,0
DA:128,0
DA:135,0
DA:136,0
DA:137,0
DA:149,0
DA:150,0
DA:152,0
DA:153,0
DA:159,0
DA:160,0
DA:166,0
LF:43
LH:0
BRDA:25,0,0,0
BRDA:25,0,1,0
BRDA:40,1,0,0
BRDA:40,1,1,0
BRDA:71,2,0,0
BRDA:71,2,1,0
BRDA:80,3,0,0
BRDA:80,3,1,0
BRDA:84,4,0,0
BRDA:84,4,1,0
BRDA:97,5,0,0
BRDA:97,5,1,0
BRDA:98,6,0,0
BRDA:98,6,1,0
BRDA:99,7,0,0
BRDA:99,7,1,0
BRDA:102,8,0,0
BRDA:102,8,1,0
BRDA:104,9,0,0
BRDA:104,9,1,0
BRDA:104,10,0,0
BRDA:104,10,1,0
BRDA:106,11,0,0
BRDA:106,11,1,0
BRDA:106,12,0,0
BRDA:106,12,1,0
BRDA:136,13,0,0
BRDA:136,13,1,0
BRDA:152,14,0,0
BRDA:152,14,1,0
BRDA:159,15,0,0
BRDA:159,15,1,0
BRF:32
BRH:0
end_of_record
TN:
SF:lib/ai/weekly-adaptation.ts
FN:85,generateWeeklyAdaptationReport
FN:210,getQuickStatus
FNF:2
FNH:0
FNDA:0,generateWeeklyAdaptationReport
FNDA:0,getQuickStatus
DA:88,0
DA:91,0
DA:103,0
DA:104,0
DA:107,0
DA:108,0
DA:109,0
DA:112,0
DA:113,0
DA:116,0
DA:117,0
DA:120,0
DA:124,0
DA:128,0
DA:129,0
DA:132,0
DA:133,0
DA:135,0
DA:137,0
DA:138,0
DA:141,0
DA:142,0
DA:147,0
DA:148,0
DA:153,0
DA:154,0
DA:158,0
DA:163,0
DA:165,0
DA:166,0
DA:169,0
DA:170,0
DA:173,0
DA:174,0
DA:177,0
DA:178,0
DA:180,0
DA:183,0
DA:215,0
DA:216,0
DA:217,0
DA:218,0
DA:220,0
DA:221,0
DA:223,0
DA:229,0
LF:46
LH:0
BRDA:137,0,0,0
BRDA:137,0,1,0
BRDA:141,1,0,0
BRDA:141,1,1,0
BRDA:147,2,0,0
BRDA:147,2,1,0
BRDA:153,3,0,0
BRDA:153,3,1,0
BRDA:153,4,0,0
BRDA:153,4,1,0
BRDA:158,5,0,0
BRDA:158,5,1,0
BRDA:165,6,0,0
BRDA:165,6,1,0
BRDA:169,7,0,0
BRDA:169,7,1,0
BRDA:173,8,0,0
BRDA:173,8,1,0
BRDA:177,9,0,0
BRDA:177,9,1,0
BRF:20
BRH:0
end_of_record
TN:
SF:lib/subscription/index.ts
FN:69,(anonymous_0)
FN:82,(anonymous_1)
FN:107,(anonymous_2)
FN:110,(anonymous_3)
FN:115,(anonymous_4)
FN:117,(anonymous_5)
FN:122,(anonymous_6)
FN:129,(anonymous_7)
FN:137,(anonymous_8)
FN:145,(anonymous_9)
FN:152,(anonymous_10)
FN:165,(anonymous_11)
FN:177,(anonymous_12)
FN:178,(anonymous_13)
FN:184,(anonymous_14)
FNF:15
FNH:0
FNDA:0,(anonymous_0)
FNDA:0,(anonymous_1)
FNDA:0,(anonymous_2)
FNDA:0,(anonymous_3)
FNDA:0,(anonymous_4)
FNDA:0,(anonymous_5)
FNDA:0,(anonymous_6)
FNDA:0,(anonymous_7)
FNDA:0,(anonymous_8)
FNDA:0,(anonymous_9)
FNDA:0,(anonymous_10)
FNDA:0,(anonymous_11)
FNDA:0,(anonymous_12)
FNDA:0,(anonymous_13)
FNDA:0,(anonymous_14)
DA:5,0
DA:10,0
DA:65,0
DA:66,0
DA:70,0
DA:72,0
DA:78,0
DA:79,0
DA:85,0
DA:108,0
DA:110,0
DA:116,0
DA:117,0
DA:125,0
DA:126,0
DA:130,0
DA:131,0
DA:132,0
DA:134,0
DA:138,0
DA:139,0
DA:140,0
DA:142,0
DA:148,0
DA:149,0
DA:155,0
DA:166,0
DA:168,0
DA:178,0
DA:179,0
DA:180,0
DA:186,0
DA:190,0
LF:33
LH:0
BRDA:6,0,0,0
BRDA:6,0,1,0
BRDA:7,1,0,0
BRDA:7,1,1,0
BRDA:70,2,0,0
BRDA:70,2,1,0
BRDA:72,3,0,0
BRDA:72,3,1,0
BRDA:109,4,0,0
BRDA:109,4,1,0
BRDA:117,5,0,0
BRDA:117,5,1,0
BRDA:131,6,0,0
BRDA:131,6,1,0
BRDA:139,7,0,0
BRDA:139,7,1,0
BRF:16
BRH:0
end_of_record
TN:
SF:lib/sync/index.ts
FN:65,(anonymous_0)
FN:67,(anonymous_1)
FN:71,(anonymous_2)
FN:73,(anonymous_3)
FN:76,(anonymous_4)
FN:86,(anonymous_5)
FN:92,(anonymous_6)
FN:99,(anonymous_7)
FN:102,(anonymous_8)
FN:106,(anonymous_9)
FN:114,(anonymous_10)
FN:140,(anonymous_11)
FN:153,(anonymous_12)
FN:164,(anonymous_13)
FN:177,(anonymous_14)
FN:194,(anonymous_15)
FN:207,(anonymous_16)
FN:219,(anonymous_17)
FN:233,(anonymous_18)
FN:240,(anonymous_19)
FN:283,(anonymous_20)
FN:293,(anonymous_21)
FN:299,(anonymous_22)
FN:317,(anonymous_23)
FN:322,(anonymous_24)
FN:327,(anonymous_25)
FNF:26
FNH:0
FNDA:0,(anonymous_0)
FNDA:0,(anonymous_1)
FNDA:0,(anonymous_2)
FNDA:0,(anonymous_3)
FNDA:0,(anonymous_4)
FNDA:0,(anonymous_5)
FNDA:0,(anonymous_6)
FNDA:0,(anonymous_7)
FNDA:0,(anonymous_8)
FNDA:0,(anonymous_9)
FNDA:0,(anonymous_10)
FNDA:0,(anonymous_11)
FNDA:0,(anonymous_12)
FNDA:0,(anonymous_13)
FNDA:0,(anonymous_14)
FNDA:0,(anonymous_15)
FNDA:0,(anonymous_16)
FNDA:0,(anonymous_17)
FNDA:0,(anonymous_18)
FNDA:0,(anonymous_19)
FNDA:0,(anonymous_20)
FNDA:0,(anonymous_21)
FNDA:0,(anonymous_22)
FNDA:0,(anonymous_23)
FNDA:0,(anonymous_24)
FNDA:0,(anonymous_25)
DA:6,0
DA:55,0
DA:56,0
DA:57,0
DA:58,0
DA:59,0
DA:60,0
DA:61,0
DA:62,0
DA:66,0
DA:67,0
DA:72,0
DA:73,0
DA:77,0
DA:87,0
DA:88,0
DA:95,0
DA:101,0
DA:102,0
DA:103,0
DA:104,0
DA:106,0
DA:107,0
DA:108,0
DA:120,0
DA:130,0
DA:131,0
DA:134,0
DA:135,0
DA:141,0
DA:143,0
DA:144,0
DA:146,0
DA:148,0
DA:149,0
DA:150,0
DA:153,0
DA:155,0
DA:156,0
DA:159,0
DA:160,0
DA:164,0
DA:165,0
DA:170,0
DA:171,0
DA:172,0
DA:173,0
DA:178,0
DA:180,0
DA:182,0
DA:183,0
DA:185,0
DA:186,0
DA:188,0
DA:189,0
DA:195,0
DA:203,0
DA:208,0
DA:215,0
DA:220,0
DA:229,0
DA:234,0
DA:236,0
DA:241,0
DA:243,0
DA:245,0
DA:254,0
DA:255,0
DA:258,0
DA:261,0
DA:266,0
DA:268,0
DA:269,0
DA:273,0
DA:274,0
DA:276,0
DA:277,0
DA:278,0
DA:289,0
DA:294,0
DA:295,0
DA:300,0
DA:301,0
DA:303,0
DA:305,0
DA:313,0
DA:316,0
DA:317,0
DA:318,0
DA:323,0
DA:328,0
DA:332,0
LF:92
LH:0
BRDA:101,0,0,0
BRDA:101,0,1,0
BRDA:134,1,0,0
BRDA:134,1,1,0
BRDA:141,2,0,0
BRDA:141,2,1,0
BRDA:141,3,0,0
BRDA:141,3,1,0
BRDA:156,4,0,0
BRDA:156,4,1,0
BRDA:159,5,0,0
BRDA:159,5,1,0
BRDA:171,6,0,0
BRDA:171,6,1,0
BRDA:180,7,0,0
BRDA:180,7,1,0
BRDA:180,7,2,0
BRDA:215,8,0,0
BRDA:215,8,1,0
BRDA:229,9,0,0
BRDA:229,9,1,0
BRDA:236,10,0,0
BRDA:236,10,1,0
BRDA:241,11,0,0
BRDA:241,11,1,0
BRDA:258,12,0,0
BRDA:258,12,1,0
BRDA:266,13,0,0
BRDA:266,13,1,0
BRDA:268,14,0,0
BRDA:268,14,1,0
BRDA:268,15,0,0
BRDA:268,15,1,0
BRDA:301,16,0,0
BRDA:301,16,1,0
BRDA:303,17,0,0
BRDA:303,17,1,0
BRDA:328,18,0,0
BRDA:328,18,1,0
BRF:39
BRH:0
end_of_record
TN:
SF:stores/ai-coach-store.ts
FN:46,(anonymous_0)
FN:52,(anonymous_1)
FN:69,(anonymous_2)
FN:71,(anonymous_3)
FN:72,(anonymous_4)
FN:73,(anonymous_5)
FN:73,(anonymous_6)
FN:79,(anonymous_7)
FN:85,(anonymous_8)
FN:92,(anonymous_9)
FN:100,(anonymous_10)
FN:101,(anonymous_11)
FN:108,(anonymous_12)
FN:109,(anonymous_13)
FN:127,(anonymous_14)
FN:128,(anonymous_15)
FN:130,(anonymous_16)
FN:144,(anonymous_17)
FN:147,(anonymous_18)
FN:189,(anonymous_19)
FN:196,(anonymous_20)
FN:198,(anonymous_21)
FN:209,(anonymous_22)
FN:211,(anonymous_23)
FN:212,(anonymous_24)
FN:215,(anonymous_25)
FN:225,(anonymous_26)
FN:226,(anonymous_27)
FN:230,(anonymous_28)
FNF:29
FNH:0
FNDA:0,(anonymous_0)
FNDA:0,(anonymous_1)
FNDA:0,(anonymous_2)
FNDA:0,(anonymous_3)
FNDA:0,(anonymous_4)
FNDA:0,(anonymous_5)
FNDA:0,(anonymous_6)
FNDA:0,(anonymous_7)
FNDA:0,(anonymous_8)
FNDA:0,(anonymous_9)
FNDA:0,(anonymous_10)
FNDA:0,(anonymous_11)
FNDA:0,(anonymous_12)
FNDA:0,(anonymous_13)
FNDA:0,(anonymous_14)
FNDA:0,(anonymous_15)
FNDA:0,(anonymous_16)
FNDA:0,(anonymous_17)
FNDA:0,(anonymous_18)
FNDA:0,(anonymous_19)
FNDA:0,(anonymous_20)
FNDA:0,(anonymous_21)
FNDA:0,(anonymous_22)
FNDA:0,(anonymous_23)
FNDA:0,(anonymous_24)
FNDA:0,(anonymous_25)
FNDA:0,(anonymous_26)
FNDA:0,(anonymous_27)
FNDA:0,(anonymous_28)
DA:44,0
DA:46,0
DA:53,0
DA:55,0
DA:56,0
DA:57,0
DA:58,0
DA:59,0
DA:68,0
DA:69,0
DA:70,0
DA:71,0
DA:72,0
DA:73,0
DA:75,0
DA:76,0
DA:77,0
DA:79,0
DA:82,0
DA:83,0
DA:85,0
DA:88,0
DA:92,0
DA:93,0
DA:94,0
DA:95,0
DA:96,0
DA:97,0
DA:98,0
DA:99,0
DA:100,0
DA:101,0
DA:102,0
DA:106,0
DA:108,0
DA:109,0
DA:110,0
DA:111,0
DA:113,0
DA:114,0
DA:125,0
DA:127,0
DA:128,0
DA:129,0
DA:130,0
DA:131,0
DA:132,0
DA:144,0
DA:145,0
DA:147,0
DA:148,0
DA:149,0
DA:161,0
DA:162,0
DA:173,0
DA:174,0
DA:185,0
DA:190,0
DA:191,0
DA:197,0
DA:198,0
DA:199,0
DA:200,0
DA:201,0
DA:210,0
DA:211,0
DA:212,0
DA:214,0
DA:216,0
DA:217,0
DA:218,0
DA:225,0
DA:226,0
DA:231,0
DA:232,0
DA:238,0
DA:239,0
DA:240,0
DA:241,0
DA:242,0
DA:244,0
LF:81
LH:0
BRDA:58,0,0,0
BRDA:58,0,1,0
BRDA:76,1,0,0
BRDA:76,1,1,0
BRDA:82,2,0,0
BRDA:82,2,1,0
BRDA:88,3,0,0
BRDA:88,3,1,0
BRDA:94,4,0,0
BRDA:94,4,1,0
BRDA:95,5,0,0
BRDA:95,5,1,0
BRDA:96,6,0,0
BRDA:96,6,1,0
BRDA:99,7,0,0
BRDA:99,7,1,0
BRDA:99,8,0,0
BRDA:99,8,1,0
BRDA:102,9,0,0
BRDA:102,9,1,0
BRDA:110,10,0,0
BRDA:110,10,1,0
BRDA:129,11,0,0
BRDA:129,11,1,0
BRDA:131,12,0,0
BRDA:131,12,1,0
BRDA:145,13,0,0
BRDA:145,13,1,0
BRDA:148,14,0,0
BRDA:148,14,1,0
BRDA:161,15,0,0
BRDA:161,15,1,0
BRDA:173,16,0,0
BRDA:173,16,1,0
BRDA:200,17,0,0
BRDA:200,17,1,0
BRDA:209,18,0,0
BRDA:239,19,0,0
BRDA:239,19,1,0
BRDA:240,20,0,0
BRDA:240,20,1,0
BRF:41
BRH:0
end_of_record
TN:
SF:stores/auth-store.ts
FN:26,(anonymous_0)
FN:32,(anonymous_1)
FN:33,(anonymous_2)
FN:34,(anonymous_3)
FN:35,(anonymous_4)
FN:41,(anonymous_5)
FN:45,(anonymous_6)
FN:46,(anonymous_7)
FNF:8
FNH:0
FNDA:0,(anonymous_0)
FNDA:0,(anonymous_1)
FNDA:0,(anonymous_2)
FNDA:0,(anonymous_3)
FNDA:0,(anonymous_4)
FNDA:0,(anonymous_5)
FNDA:0,(anonymous_6)
FNDA:0,(anonymous_7)
DA:24,0
DA:26,0
DA:32,0
DA:33,0
DA:34,0
DA:36,0
DA:41,0
DA:45,0
DA:46,0
LF:9
LH:0
BRF:0
BRH:0
end_of_record
TN:
SF:stores/db-history-store.ts
FN:6,sessionToSummary
FN:24,(anonymous_1)
FN:25,(anonymous_2)
FN:25,(anonymous_3)
FN:27,(anonymous_4)
FN:31,(anonymous_5)
FN:32,(anonymous_6)
FN:43,(anonymous_7)
FN:44,(anonymous_8)
FN:64,(anonymous_9)
FN:65,(anonymous_10)
FN:65,(anonymous_11)
FN:66,(anonymous_12)
FN:100,(anonymous_13)
FN:105,(anonymous_14)
FN:110,(anonymous_15)
FN:110,(anonymous_16)
FN:113,(anonymous_17)
FN:123,(anonymous_18)
FN:128,(anonymous_19)
FN:128,(anonymous_20)
FN:130,(anonymous_21)
FN:140,(anonymous_22)
FN:143,(anonymous_23)
FN:146,(anonymous_24)
FNF:25
FNH:0
FNDA:0,sessionToSummary
FNDA:0,(anonymous_1)
FNDA:0,(anonymous_2)
FNDA:0,(anonymous_3)
FNDA:0,(anonymous_4)
FNDA:0,(anonymous_5)
FNDA:0,(anonymous_6)
FNDA:0,(anonymous_7)
FNDA:0,(anonymous_8)
FNDA:0,(anonymous_9)
FNDA:0,(anonymous_10)
FNDA:0,(anonymous_11)
FNDA:0,(anonymous_12)
FNDA:0,(anonymous_13)
FNDA:0,(anonymous_14)
FNDA:0,(anonymous_15)
FNDA:0,(anonymous_16)
FNDA:0,(anonymous_17)
FNDA:0,(anonymous_18)
FNDA:0,(anonymous_19)
FNDA:0,(anonymous_20)
FNDA:0,(anonymous_21)
FNDA:0,(anonymous_22)
FNDA:0,(anonymous_23)
FNDA:0,(anonymous_24)
DA:7,0
DA:10,0
DA:11,0
DA:12,0
DA:13,0
DA:14,0
DA:16,0
DA:19,0
DA:20,0
DA:21,0
DA:23,0
DA:24,0
DA:25,0
DA:26,0
DA:27,0
DA:31,0
DA:32,0
DA:34,0
DA:43,0
DA:44,0
DA:60,0
DA:61,0
DA:64,0
DA:65,0
DA:66,0
DA:69,0
DA:75,0
DA:100,0
DA:106,0
DA:107,0
DA:108,0
DA:109,0
DA:110,0
DA:113,0
DA:114,0
DA:116,0
DA:124,0
DA:125,0
DA:126,0
DA:127,0
DA:128,0
DA:130,0
DA:131,0
DA:133,0
DA:143,0
DA:146,0
LF:46
LH:0
BRDA:12,0,0,0
BRDA:12,0,1,0
BRDA:13,1,0,0
BRDA:13,1,1,0
BRDA:31,2,0,0
BRDA:31,2,1,0
BRDA:32,3,0,0
BRDA:32,3,1,0
BRDA:36,4,0,0
BRDA:36,4,1,0
BRDA:36,5,0,0
BRDA:36,5,1,0
BRDA:37,6,0,0
BRDA:37,6,1,0
BRDA:37,7,0,0
BRDA:37,7,1,0
BRDA:43,8,0,0
BRDA:43,8,1,0
BRDA:54,9,0,0
BRDA:54,9,1,0
BRDA:66,10,0,0
BRDA:66,10,1,0
BRDA:69,11,0,0
BRDA:69,11,1,0
BRDA:69,12,0,0
BRDA:69,12,1,0
BRDA:83,13,0,0
BRDA:83,13,1,0
BRDA:105,14,0,0
BRDA:117,15,0,0
BRDA:117,15,1,0
BRDA:134,16,0,0
BRDA:134,16,1,0
BRF:33
BRH:0
end_of_record
TN:
SF:stores/db-program-store.ts
FN:93,programToData
FN:96,(anonymous_1)
FN:98,(anonymous_2)
FN:127,(anonymous_3)
FN:135,(anonymous_4)
FN:139,(anonymous_5)
FN:149,(anonymous_6)
FN:167,(anonymous_7)
FN:187,(anonymous_8)
FN:200,(anonymous_9)
FN:213,(anonymous_10)
FN:216,(anonymous_11)
FN:229,(anonymous_12)
FN:243,(anonymous_13)
FN:244,(anonymous_14)
FN:248,(anonymous_15)
FN:249,(anonymous_16)
FN:258,(anonymous_17)
FN:263,(anonymous_18)
FN:263,(anonymous_19)
FN:264,(anonymous_20)
FN:264,(anonymous_21)
FN:265,(anonymous_22)
FN:266,(anonymous_23)
FN:267,(anonymous_24)
FN:267,(anonymous_25)
FN:269,(anonymous_26)
FN:270,(anonymous_27)
FN:272,(anonymous_28)
FN:273,(anonymous_29)
FN:274,(anonymous_30)
FN:277,(anonymous_31)
FN:278,(anonymous_32)
FN:280,(anonymous_33)
FN:288,(anonymous_34)
FN:289,(anonymous_35)
FN:292,(anonymous_36)
FN:298,(anonymous_37)
FN:299,(anonymous_38)
FN:302,(anonymous_39)
FN:304,(anonymous_40)
FN:310,(anonymous_41)
FN:312,(anonymous_42)
FNF:43
FNH:0
FNDA:0,programToData
FNDA:0,(anonymous_1)
FNDA:0,(anonymous_2)
FNDA:0,(anonymous_3)
FNDA:0,(anonymous_4)
FNDA:0,(anonymous_5)
FNDA:0,(anonymous_6)
FNDA:0,(anonymous_7)
FNDA:0,(anonymous_8)
FNDA:0,(anonymous_9)
FNDA:0,(anonymous_10)
FNDA:0,(anonymous_11)
FNDA:0,(anonymous_12)
FNDA:0,(anonymous_13)
FNDA:0,(anonymous_14)
FNDA:0,(anonymous_15)
FNDA:0,(anonymous_16)
FNDA:0,(anonymous_17)
FNDA:0,(anonymous_18)
FNDA:0,(anonymous_19)
FNDA:0,(anonymous_20)
FNDA:0,(anonymous_21)
FNDA:0,(anonymous_22)
FNDA:0,(anonymous_23)
FNDA:0,(anonymous_24)
FNDA:0,(anonymous_25)
FNDA:0,(anonymous_26)
FNDA:0,(anonymous_27)
FNDA:0,(anonymous_28)
FNDA:0,(anonymous_29)
FNDA:0,(anonymous_30)
FNDA:0,(anonymous_31)
FNDA:0,(anonymous_32)
FNDA:0,(anonymous_33)
FNDA:0,(anonymous_34)
FNDA:0,(anonymous_35)
FNDA:0,(anonymous_36)
FNDA:0,(anonymous_37)
FNDA:0,(anonymous_38)
FNDA:0,(anonymous_39)
FNDA:0,(anonymous_40)
FNDA:0,(anonymous_41)
FNDA:0,(anonymous_42)
DA:84,0
DA:94,0
DA:95,0
DA:97,0
DA:98,0
DA:106,0
DA:115,0
DA:127,0
DA:136,0
DA:137,0
DA:138,0
DA:139,0
DA:140,0
DA:142,0
DA:150,0
DA:151,0
DA:152,0
DA:153,0
DA:154,0
DA:155,0
DA:157,0
DA:160,0
DA:168,0
DA:169,0
DA:170,0
DA:178,0
DA:180,0
DA:188,0
DA:189,0
DA:190,0
DA:191,0
DA:193,0
DA:201,0
DA:202,0
DA:203,0
DA:204,0
DA:206,0
DA:214,0
DA:215,0
DA:216,0
DA:217,0
DA:218,0
DA:219,0
DA:222,0
DA:230,0
DA:231,0
DA:232,0
DA:233,0
DA:234,0
DA:236,0
DA:244,0
DA:249,0
DA:250,0
DA:251,0
DA:258,0
DA:263,0
DA:264,0
DA:266,0
DA:267,0
DA:270,0
DA:273,0
DA:274,0
DA:278,0
DA:279,0
DA:280,0
DA:281,0
DA:282,0
DA:283,0
DA:284,0
DA:285,0
DA:289,0
DA:293,0
DA:299,0
DA:303,0
DA:304,0
DA:310,0
DA:313,0
DA:314,0
DA:315,0
DA:317,0
DA:319,0
DA:320,0
DA:321,0
DA:327,0
DA:337,0
DA:338,0
DA:346,0
DA:348,0
DA:360,0
DA:361,0
DA:363,0
LF:91
LH:0
BRDA:118,0,0,0
BRDA:118,0,1,0
BRDA:143,1,0,0
BRDA:143,1,1,0
BRDA:153,2,0,0
BRDA:153,2,1,0
BRDA:161,3,0,0
BRDA:161,3,1,0
BRDA:181,4,0,0
BRDA:181,4,1,0
BRDA:194,5,0,0
BRDA:194,5,1,0
BRDA:207,6,0,0
BRDA:207,6,1,0
BRDA:217,7,0,0
BRDA:217,7,1,0
BRDA:223,8,0,0
BRDA:223,8,1,0
BRDA:237,9,0,0
BRDA:237,9,1,0
BRDA:244,10,0,0
BRDA:244,10,1,0
BRDA:250,11,0,0
BRDA:250,11,1,0
BRDA:281,12,0,0
BRDA:281,12,1,0
BRDA:282,13,0,0
BRDA:282,13,1,0
BRDA:283,14,0,0
BRDA:283,14,1,0
BRDA:283,15,0,0
BRDA:283,15,1,0
BRDA:293,16,0,0
BRDA:293,16,1,0
BRDA:303,17,0,0
BRDA:303,17,1,0
BRDA:315,18,0,0
BRDA:315,18,1,0
BRDA:315,19,0,0
BRDA:315,19,1,0
BRDA:320,20,0,0
BRDA:320,20,1,0
BRDA:364,21,0,0
BRDA:364,21,1,0
BRF:44
BRH:0
end_of_record
TN:
SF:stores/exercise-store.ts
FN:34,(anonymous_0)
FN:40,(anonymous_1)
FN:57,(anonymous_2)
FN:70,(anonymous_3)
FN:74,(anonymous_4)
FN:78,(anonymous_5)
FN:82,(anonymous_6)
FN:88,(anonymous_7)
FN:93,(anonymous_8)
FN:97,(anonymous_9)
FNF:10
FNH:0
FNDA:0,(anonymous_0)
FNDA:0,(anonymous_1)
FNDA:0,(anonymous_2)
FNDA:0,(anonymous_3)
FNDA:0,(anonymous_4)
FNDA:0,(anonymous_5)
FNDA:0,(anonymous_6)
FNDA:0,(anonymous_7)
FNDA:0,(anonymous_8)
FNDA:0,(anonymous_9)
DA:34,0
DA:41,0
DA:43,0
DA:44,0
DA:45,0
DA:46,0
DA:47,0
DA:48,0
DA:50,0
DA:58,0
DA:59,0
DA:60,0
DA:61,0
DA:63,0
DA:71,0
DA:75,0
DA:79,0
DA:83,0
DA:84,0
DA:85,0
DA:89,0
DA:90,0
DA:94,0
DA:98,0
LF:24
LH:0
BRDA:41,0,0,0
BRDA:41,0,1,0
BRDA:51,1,0,0
BRDA:51,1,1,0
BRDA:64,2,0,0
BRDA:64,2,1,0
BRF:6
BRH:0
end_of_record
TN:
SF:stores/history-store.ts
FN:452,(anonymous_0)
FN:455,(anonymous_1)
FN:455,(anonymous_2)
FN:457,(anonymous_3)
FNF:4
FNH:0
FNDA:0,(anonymous_0)
FNDA:0,(anonymous_1)
FNDA:0,(anonymous_2)
FNDA:0,(anonymous_3)
DA:10,0
DA:11,0
DA:13,0
DA:452,0
DA:455,0
DA:457,0
LF:6
LH:0
BRF:0
BRH:0
end_of_record
TN:
SF:stores/onboarding-store.ts
FN:52,(anonymous_0)
FN:57,(anonymous_1)
FN:58,(anonymous_2)
FN:58,(anonymous_3)
FN:59,(anonymous_4)
FN:59,(anonymous_5)
FN:60,(anonymous_6)
FN:61,(anonymous_7)
FN:62,(anonymous_8)
FN:63,(anonymous_9)
FN:64,(anonymous_10)
FN:65,(anonymous_11)
FN:66,(anonymous_12)
FN:67,(anonymous_13)
FN:68,(anonymous_14)
FN:69,(anonymous_15)
FN:71,(anonymous_16)
FN:74,(anonymous_17)
FN:75,(anonymous_18)
FNF:19
FNH:0
FNDA:0,(anonymous_0)
FNDA:0,(anonymous_1)
FNDA:0,(anonymous_2)
FNDA:0,(anonymous_3)
FNDA:0,(anonymous_4)
FNDA:0,(anonymous_5)
FNDA:0,(anonymous_6)
FNDA:0,(anonymous_7)
FNDA:0,(anonymous_8)
FNDA:0,(anonymous_9)
FNDA:0,(anonymous_10)
FNDA:0,(anonymous_11)
FNDA:0,(anonymous_12)
FNDA:0,(anonymous_13)
FNDA:0,(anonymous_14)
FNDA:0,(anonymous_15)
FNDA:0,(anonymous_16)
FNDA:0,(anonymous_17)
FNDA:0,(anonymous_18)
DA:40,0
DA:52,0
DA:57,0
DA:58,0
DA:59,0
DA:60,0
DA:61,0
DA:62,0
DA:63,0
DA:64,0
DA:65,0
DA:66,0
DA:67,0
DA:69,0
DA:71,0
DA:74,0
DA:76,0
DA:77,0
LF:18
LH:0
BRDA:70,0,0,0
BRDA:70,0,1,0
BRF:2
BRH:0
end_of_record
TN:
SF:stores/pr-store.ts
FN:37,prKey
FN:41,(anonymous_1)
FN:45,(anonymous_2)
FN:49,(anonymous_3)
FN:121,(anonymous_4)
FN:141,(anonymous_5)
FN:145,(anonymous_6)
FN:152,(anonymous_7)
FNF:8
FNH:0
FNDA:0,prKey
FNDA:0,(anonymous_1)
FNDA:0,(anonymous_2)
FNDA:0,(anonymous_3)
FNDA:0,(anonymous_4)
FNDA:0,(anonymous_5)
FNDA:0,(anonymous_6)
FNDA:0,(anonymous_7)
DA:38,0
DA:41,0
DA:46,0
DA:47,0
DA:49,0
DA:51,0
DA:52,0
DA:53,0
DA:55,0
DA:56,0
DA:57,0
DA:66,0
DA:67,0
DA:68,0
DA:70,0
DA:71,0
DA:73,0
DA:74,0
DA:82,0
DA:83,0
DA:84,0
DA:87,0
DA:88,0
DA:96,0
DA:97,0
DA:98,0
DA:101,0
DA:102,0
DA:110,0
DA:111,0
DA:112,0
DA:118,0
DA:122,0
DA:124,0
DA:125,0
DA:126,0
DA:128,0
DA:130,0
DA:131,0
DA:134,0
DA:135,0
DA:136,0
DA:138,0
DA:142,0
DA:146,0
DA:147,0
DA:148,0
DA:149,0
DA:150,0
DA:152,0
LF:50
LH:0
BRDA:53,0,0,0
BRDA:53,0,1,0
BRDA:56,1,0,0
BRDA:56,1,1,0
BRDA:70,2,0,0
BRDA:70,2,1,0
BRDA:70,3,0,0
BRDA:70,3,1,0
BRDA:73,4,0,0
BRDA:73,4,1,0
BRDA:73,5,0,0
BRDA:73,5,1,0
BRDA:87,6,0,0
BRDA:87,6,1,0
BRDA:87,7,0,0
BRDA:87,7,1,0
BRDA:101,8,0,0
BRDA:101,8,1,0
BRDA:101,9,0,0
BRDA:101,9,1,0
BRDA:101,9,2,0
BRDA:122,10,0,0
BRDA:122,10,1,0
BRDA:122,11,0,0
BRDA:122,11,1,0
BRDA:130,12,0,0
BRDA:130,12,1,0
BRDA:134,13,0,0
BRDA:134,13,1,0
BRDA:134,14,0,0
BRDA:134,14,1,0
BRDA:135,15,0,0
BRDA:135,15,1,0
BRDA:135,16,0,0
BRDA:135,16,1,0
BRDA:136,17,0,0
BRDA:136,17,1,0
BRDA:136,18,0,0
BRDA:136,18,1,0
BRDA:142,19,0,0
BRDA:142,19,1,0
BRDA:148,20,0,0
BRDA:148,20,1,0
BRDA:149,21,0,0
BRDA:149,21,1,0
BRDA:150,22,0,0
BRDA:150,22,1,0
BRF:47
BRH:0
end_of_record
TN:
SF:stores/program-store.ts
FN:76,(anonymous_0)
FN:186,(anonymous_1)
FN:191,(anonymous_2)
FN:191,(anonymous_3)
FN:192,(anonymous_4)
FN:193,(anonymous_5)
FN:194,(anonymous_6)
FN:196,(anonymous_7)
FN:196,(anonymous_8)
FN:196,(anonymous_9)
FN:197,(anonymous_10)
FN:198,(anonymous_11)
FN:206,(anonymous_12)
FN:208,(anonymous_13)
FN:210,(anonymous_14)
FN:211,(anonymous_15)
FN:212,(anonymous_16)
FN:214,(anonymous_17)
FN:214,(anonymous_18)
FN:216,(anonymous_19)
FN:217,(anonymous_20)
FN:226,(anonymous_21)
FN:230,(anonymous_22)
FN:230,(anonymous_23)
FN:231,(anonymous_24)
FN:231,(anonymous_25)
FN:232,(anonymous_26)
FN:232,(anonymous_27)
FN:233,(anonymous_28)
FN:233,(anonymous_29)
FN:234,(anonymous_30)
FN:235,(anonymous_31)
FN:236,(anonymous_32)
FN:237,(anonymous_33)
FN:238,(anonymous_34)
FN:240,(anonymous_35)
FN:241,(anonymous_36)
FN:243,(anonymous_37)
FN:250,(anonymous_38)
FN:251,(anonymous_39)
FN:254,(anonymous_40)
FN:259,(anonymous_41)
FN:260,(anonymous_42)
FN:263,(anonymous_43)
FN:265,(anonymous_44)
FN:270,(anonymous_45)
FN:271,(anonymous_46)
FN:277,(anonymous_47)
FN:278,(anonymous_48)
FN:303,(anonymous_49)
FNF:50
FNH:0
FNDA:0,(anonymous_0)
FNDA:0,(anonymous_1)
FNDA:0,(anonymous_2)
FNDA:0,(anonymous_3)
FNDA:0,(anonymous_4)
FNDA:0,(anonymous_5)
FNDA:0,(anonymous_6)
FNDA:0,(anonymous_7)
FNDA:0,(anonymous_8)
FNDA:0,(anonymous_9)
FNDA:0,(anonymous_10)
FNDA:0,(anonymous_11)
FNDA:0,(anonymous_12)
FNDA:0,(anonymous_13)
FNDA:0,(anonymous_14)
FNDA:0,(anonymous_15)
FNDA:0,(anonymous_16)
FNDA:0,(anonymous_17)
FNDA:0,(anonymous_18)
FNDA:0,(anonymous_19)
FNDA:0,(anonymous_20)
FNDA:0,(anonymous_21)
FNDA:0,(anonymous_22)
FNDA:0,(anonymous_23)
FNDA:0,(anonymous_24)
FNDA:0,(anonymous_25)
FNDA:0,(anonymous_26)
FNDA:0,(anonymous_27)
FNDA:0,(anonymous_28)
FNDA:0,(anonymous_29)
FNDA:0,(anonymous_30)
FNDA:0,(anonymous_31)
FNDA:0,(anonymous_32)
FNDA:0,(anonymous_33)
FNDA:0,(anonymous_34)
FNDA:0,(anonymous_35)
FNDA:0,(anonymous_36)
FNDA:0,(anonymous_37)
FNDA:0,(anonymous_38)
FNDA:0,(anonymous_39)
FNDA:0,(anonymous_40)
FNDA:0,(anonymous_41)
FNDA:0,(anonymous_42)
FNDA:0,(anonymous_43)
FNDA:0,(anonymous_44)
FNDA:0,(anonymous_45)
FNDA:0,(anonymous_46)
FNDA:0,(anonymous_47)
FNDA:0,(anonymous_48)
FNDA:0,(anonymous_49)
DA:67,0
DA:75,0
DA:76,0
DA:78,0
DA:186,0
DA:191,0
DA:193,0
DA:194,0
DA:196,0
DA:198,0
DA:199,0
DA:200,0
DA:206,0
DA:208,0
DA:211,0
DA:212,0
DA:214,0
DA:217,0
DA:218,0
DA:219,0
DA:226,0
DA:230,0
DA:231,0
DA:232,0
DA:233,0
DA:235,0
DA:237,0
DA:238,0
DA:241,0
DA:242,0
DA:243,0
DA:244,0
DA:245,0
DA:246,0
DA:247,0
DA:248,0
DA:251,0
DA:255,0
DA:260,0
DA:264,0
DA:265,0
DA:270,0
DA:272,0
DA:273,0
DA:274,0
DA:276,0
DA:277,0
DA:279,0
DA:293,0
DA:303,0
LF:50
LH:0
BRDA:194,0,0,0
BRDA:194,0,1,0
BRDA:199,1,0,0
BRDA:199,1,1,0
BRDA:218,2,0,0
BRDA:218,2,1,0
BRDA:244,3,0,0
BRDA:244,3,1,0
BRDA:245,4,0,0
BRDA:245,4,1,0
BRDA:246,5,0,0
BRDA:246,5,1,0
BRDA:246,6,0,0
BRDA:246,6,1,0
BRDA:255,7,0,0
BRDA:255,7,1,0
BRDA:264,8,0,0
BRDA:264,8,1,0
BRDA:274,9,0,0
BRDA:274,9,1,0
BRDA:274,10,0,0
BRDA:274,10,1,0
BRDA:276,11,0,0
BRDA:276,11,1,0
BRDA:279,12,0,0
BRDA:279,12,1,0
BRF:26
BRH:0
end_of_record
TN:
SF:stores/readiness-store.ts
FN:15,readinessScore
FN:22,todayStart
FN:38,(anonymous_2)
FN:41,(anonymous_3)
FN:47,(anonymous_4)
FN:50,(anonymous_5)
FN:52,(anonymous_6)
FN:57,(anonymous_7)
FNF:8
FNH:0
FNDA:0,readinessScore
FNDA:0,todayStart
FNDA:0,(anonymous_2)
FNDA:0,(anonymous_3)
FNDA:0,(anonymous_4)
FNDA:0,(anonymous_5)
FNDA:0,(anonymous_6)
FNDA:0,(anonymous_7)
DA:16,0
DA:23,0
DA:24,0
DA:25,0
DA:28,0
DA:38,0
DA:42,0
DA:47,0
DA:51,0
DA:52,0
DA:57,0
LF:11
LH:0
BRF:0
BRH:0
end_of_record
TN:
SF:stores/settings-store.ts
FN:7,buildDefaultTargets
FN:35,(anonymous_1)
FN:44,(anonymous_2)
FN:45,(anonymous_3)
FN:46,(anonymous_4)
FN:47,(anonymous_5)
FN:48,(anonymous_6)
FN:49,(anonymous_7)
FN:50,(anonymous_8)
FN:51,(anonymous_9)
FN:54,(anonymous_10)
FN:55,(anonymous_11)
FNF:12
FNH:12
FNDA:22,buildDefaultTargets
FNDA:1,(anonymous_1)
FNDA:4,(anonymous_2)
FNDA:3,(anonymous_3)
FNDA:4,(anonymous_4)
FNDA:2,(anonymous_5)
FNDA:2,(anonymous_6)
FNDA:5,(anonymous_7)
FNDA:7,(anonymous_8)
FNDA:7,(anonymous_9)
FNDA:1,(anonymous_10)
FNDA:20,(anonymous_11)
DA:8,22
DA:9,22
DA:10,44
DA:12,22
DA:35,1
DA:44,4
DA:45,3
DA:46,4
DA:47,2
DA:48,2
DA:49,5
DA:51,7
DA:54,1
DA:56,20
LF:14
LH:14
BRF:0
BRH:0
end_of_record
TN:
SF:stores/subscription-store.ts
FN:44,(anonymous_0)
FN:51,(anonymous_1)
FN:69,(anonymous_2)
FN:81,(anonymous_3)
FN:98,(anonymous_4)
FN:115,(anonymous_5)
FN:132,(anonymous_6)
FN:133,(anonymous_7)
FN:135,(anonymous_8)
FN:142,useFeatureAccess
FN:151,usePremiumFeature
FN:158,(anonymous_11)
FNF:12
FNH:0
FNDA:0,(anonymous_0)
FNDA:0,(anonymous_1)
FNDA:0,(anonymous_2)
FNDA:0,(anonymous_3)
FNDA:0,(anonymous_4)
FNDA:0,(anonymous_5)
FNDA:0,(anonymous_6)
FNDA:0,(anonymous_7)
FNDA:0,(anonymous_8)
FNDA:0,useFeatureAccess
FNDA:0,usePremiumFeature
FNDA:0,(anonymous_11)
DA:27,0
DA:36,0
DA:44,0
DA:52,0
DA:53,0
DA:54,0
DA:55,0
DA:56,0
DA:57,0
DA:59,0
DA:60,0
DA:70,0
DA:71,0
DA:72,0
DA:73,0
DA:74,0
DA:76,0
DA:77,0
DA:82,0
DA:83,0
DA:84,0
DA:85,0
DA:86,0
DA:88,0
DA:90,0
DA:92,0
DA:93,0
DA:94,0
DA:99,0
DA:100,0
DA:101,0
DA:102,0
DA:103,0
DA:105,0
DA:107,0
DA:109,0
DA:110,0
DA:111,0
DA:116,0
DA:117,0
DA:118,0
DA:119,0
DA:120,0
DA:122,0
DA:124,0
DA:126,0
DA:127,0
DA:128,0
DA:132,0
DA:133,0
DA:136,0
DA:137,0
DA:143,0
DA:144,0
DA:152,0
DA:153,0
DA:155,0
DA:159,0
DA:160,0
LF:59
LH:0
BRDA:85,0,0,0
BRDA:85,0,1,0
BRDA:88,1,0,0
BRDA:88,1,1,0
BRDA:102,2,0,0
BRDA:102,2,1,0
BRDA:105,3,0,0
BRDA:105,3,1,0
BRDA:119,4,0,0
BRDA:119,4,1,0
BRDA:122,5,0,0
BRDA:122,5,1,0
BRDA:157,6,0,0
BRDA:157,6,1,0
BRDA:159,7,0,0
BRDA:159,7,1,0
BRF:16
BRH:0
end_of_record
TN:
SF:stores/timer-store.ts
FN:21,(anonymous_0)
FN:28,(anonymous_1)
FN:37,(anonymous_2)
FN:38,(anonymous_3)
FN:40,(anonymous_4)
FN:45,(anonymous_5)
FN:46,(anonymous_6)
FN:51,(anonymous_7)
FN:60,(anonymous_8)
FN:77,(anonymous_9)
FNF:10
FNH:10
FNDA:1,(anonymous_0)
FNDA:16,(anonymous_1)
FNDA:3,(anonymous_2)
FNDA:1,(anonymous_3)
FNDA:2,(anonymous_4)
FNDA:4,(anonymous_5)
FNDA:4,(anonymous_6)
FNDA:2,(anonymous_7)
FNDA:21,(anonymous_8)
FNDA:20,(anonymous_9)
DA:21,1
DA:29,16
DA:37,3
DA:38,1
DA:41,2
DA:42,2
DA:46,4
DA:52,2
DA:53,2
DA:61,21
DA:62,21
DA:64,19
DA:66,19
DA:67,19
DA:68,19
DA:69,2
DA:70,2
DA:71,2
DA:74,17
DA:77,20
LF:20
LH:20
BRDA:62,0,0,2
BRDA:62,0,1,19
BRDA:62,1,0,21
BRDA:62,1,1,20
BRDA:66,2,0,1
BRDA:66,2,1,18
BRDA:67,3,0,1
BRDA:67,3,1,18
BRDA:68,4,0,2
BRDA:68,4,1,17
BRF:10
BRH:10
end_of_record
TN:
SF:stores/workout-store.ts
FN:95,(anonymous_0)
FN:97,buildSetsForExercise
FN:102,(anonymous_2)
FN:121,buildSummary
FN:126,(anonymous_4)
FN:127,(anonymous_5)
FN:128,(anonymous_6)
FN:128,(anonymous_7)
FN:129,(anonymous_8)
FN:130,(anonymous_9)
FN:131,(anonymous_10)
FN:142,(anonymous_11)
FN:147,(anonymous_12)
FN:147,(anonymous_13)
FN:148,(anonymous_14)
FN:148,(anonymous_15)
FN:149,(anonymous_16)
FN:153,(anonymous_17)
FN:156,(anonymous_18)
FN:157,(anonymous_19)
FN:168,(anonymous_20)
FN:169,(anonymous_21)
FN:186,(anonymous_22)
FN:187,(anonymous_23)
FN:194,(anonymous_24)
FN:203,(anonymous_25)
FN:214,(anonymous_26)
FN:220,(anonymous_27)
FN:221,(anonymous_28)
FN:227,(anonymous_29)
FN:234,(anonymous_30)
FN:235,(anonymous_31)
FN:238,(anonymous_32)
FN:243,(anonymous_33)
FN:244,(anonymous_34)
FN:247,(anonymous_35)
FN:252,(anonymous_36)
FN:253,(anonymous_37)
FN:256,(anonymous_38)
FN:261,(anonymous_39)
FN:278,(anonymous_40)
FN:279,(anonymous_41)
FN:282,(anonymous_42)
FN:287,(anonymous_43)
FN:288,(anonymous_44)
FN:291,(anonymous_45)
FN:296,(anonymous_46)
FN:297,(anonymous_47)
FN:300,(anonymous_48)
FN:301,(anonymous_49)
FN:323,(anonymous_50)
FN:324,(anonymous_51)
FN:328,(anonymous_52)
FN:342,(anonymous_53)
FN:351,(anonymous_54)
FN:352,(anonymous_55)
FN:361,(anonymous_56)
FN:368,(anonymous_57)
FNF:58
FNH:0
FNDA:0,(anonymous_0)
FNDA:0,buildSetsForExercise
FNDA:0,(anonymous_2)
FNDA:0,buildSummary
FNDA:0,(anonymous_4)
FNDA:0,(anonymous_5)
FNDA:0,(anonymous_6)
FNDA:0,(anonymous_7)
FNDA:0,(anonymous_8)
FNDA:0,(anonymous_9)
FNDA:0,(anonymous_10)
FNDA:0,(anonymous_11)
FNDA:0,(anonymous_12)
FNDA:0,(anonymous_13)
FNDA:0,(anonymous_14)
FNDA:0,(anonymous_15)
FNDA:0,(anonymous_16)
FNDA:0,(anonymous_17)
FNDA:0,(anonymous_18)
FNDA:0,(anonymous_19)
FNDA:0,(anonymous_20)
FNDA:0,(anonymous_21)
FNDA:0,(anonymous_22)
FNDA:0,(anonymous_23)
FNDA:0,(anonymous_24)
FNDA:0,(anonymous_25)
FNDA:0,(anonymous_26)
FNDA:0,(anonymous_27)
FNDA:0,(anonymous_28)
FNDA:0,(anonymous_29)
FNDA:0,(anonymous_30)
FNDA:0,(anonymous_31)
FNDA:0,(anonymous_32)
FNDA:0,(anonymous_33)
FNDA:0,(anonymous_34)
FNDA:0,(anonymous_35)
FNDA:0,(anonymous_36)
FNDA:0,(anonymous_37)
FNDA:0,(anonymous_38)
FNDA:0,(anonymous_39)
FNDA:0,(anonymous_40)
FNDA:0,(anonymous_41)
FNDA:0,(anonymous_42)
FNDA:0,(anonymous_43)
FNDA:0,(anonymous_44)
FNDA:0,(anonymous_45)
FNDA:0,(anonymous_46)
FNDA:0,(anonymous_47)
FNDA:0,(anonymous_48)
FNDA:0,(anonymous_49)
FNDA:0,(anonymous_50)
FNDA:0,(anonymous_51)
FNDA:0,(anonymous_52)
FNDA:0,(anonymous_53)
FNDA:0,(anonymous_54)
FNDA:0,(anonymous_55)
FNDA:0,(anonymous_56)
FNDA:0,(anonymous_57)
DA:94,0
DA:95,0
DA:102,0
DA:103,0
DA:104,0
DA:126,0
DA:127,0
DA:128,0
DA:129,0
DA:130,0
DA:131,0
DA:133,0
DA:142,0
DA:147,0
DA:148,0
DA:149,0
DA:151,0
DA:152,0
DA:153,0
DA:154,0
DA:156,0
DA:157,0
DA:158,0
DA:159,0
DA:168,0
DA:169,0
DA:170,0
DA:171,0
DA:181,0
DA:186,0
DA:187,0
DA:194,0
DA:204,0
DA:215,0
DA:216,0
DA:217,0
DA:220,0
DA:222,0
DA:223,0
DA:224,0
DA:228,0
DA:229,0
DA:230,0
DA:235,0
DA:236,0
DA:237,0
DA:238,0
DA:239,0
DA:240,0
DA:244,0
DA:245,0
DA:246,0
DA:247,0
DA:248,0
DA:249,0
DA:253,0
DA:254,0
DA:255,0
DA:256,0
DA:257,0
DA:261,0
DA:274,0
DA:275,0
DA:279,0
DA:280,0
DA:281,0
DA:282,0
DA:283,0
DA:284,0
DA:288,0
DA:289,0
DA:290,0
DA:291,0
DA:292,0
DA:293,0
DA:297,0
DA:298,0
DA:299,0
DA:300,0
DA:301,0
DA:302,0
DA:316,0
DA:317,0
DA:318,0
DA:319,0
DA:320,0
DA:324,0
DA:325,0
DA:326,0
DA:327,0
DA:328,0
DA:342,0
DA:346,0
DA:347,0
DA:348,0
DA:352,0
DA:353,0
DA:354,0
DA:358,0
DA:362,0
DA:363,0
DA:364,0
DA:369,0
LF:103
LH:0
BRDA:108,0,0,0
BRDA:108,0,1,0
BRDA:109,1,0,0
BRDA:109,1,1,0
BRDA:115,2,0,0
BRDA:115,2,1,0
BRDA:116,3,0,0
BRDA:116,3,1,0
BRDA:130,4,0,0
BRDA:130,4,1,0
BRDA:131,5,0,0
BRDA:131,5,1,0
BRDA:142,6,0,0
BRDA:142,6,1,0
BRDA:154,7,0,0
BRDA:154,7,1,0
BRDA:158,8,0,0
BRDA:158,8,1,0
BRDA:158,9,0,0
BRDA:158,9,1,0
BRDA:170,10,0,0
BRDA:170,10,1,0
BRDA:170,11,0,0
BRDA:170,11,1,0
BRDA:187,12,0,0
BRDA:187,12,1,0
BRDA:223,13,0,0
BRDA:223,13,1,0
BRDA:229,14,0,0
BRDA:229,14,1,0
BRDA:238,15,0,0
BRDA:238,15,1,0
BRDA:247,16,0,0
BRDA:247,16,1,0
BRDA:262,17,0,0
BRDA:262,17,1,0
BRDA:264,18,0,0
BRDA:264,18,1,0
BRDA:282,19,0,0
BRDA:282,19,1,0
BRDA:291,20,0,0
BRDA:291,20,1,0
BRDA:333,21,0,0
BRDA:333,21,1,0
BRDA:333,22,0,0
BRDA:333,22,1,0
BRDA:363,23,0,0
BRDA:363,23,1,0
BRF:48
BRH:0
end_of_record
